2016-11-13 14:01:55 Error System.Data.SqlClient.SqlException (0x80131904): Timeout 时间已到。在操作完成之前超时时间已过或服务器未响应。 ---> System.ComponentModel.Win32Exception (0x80004005): 等待的操作过时。
   在 System.Data.SqlClient.SqlConnection.OnError(SqlException exception, Boolean breakConnection, Action`1 wrapCloseInAction)
   在 System.Data.SqlClient.TdsParser.ThrowExceptionAndWarning(TdsParserStateObject stateObj, Boolean callerHasConnectionLock, Boolean asyncClose)
   在 System.Data.SqlClient.TdsParser.TryRun(RunBehavior runBehavior, SqlCommand cmdHandler, SqlDataReader dataStream, BulkCopySimpleResultSet bulkCopyHandler, TdsParserStateObject stateObj, Boolean& dataReady)
   在 System.Data.SqlClient.SqlDataReader.TryCloseInternal(Boolean closeReader)
   在 System.Data.SqlClient.SqlDataReader.Close()
   在 System.Data.Common.DbDataReader.Dispose(Boolean disposing)
   在 CrawlServices.BusinessTask.DataAnalyzeTask.Business() 位置 C:\Users\Administrator\Documents\GitHub\CrawlData\CrawlServices\BusinessTask\DataAnalyzeTask.cs:行号 124
   在 CrawlServices.BusinessTask.DataAnalyzeTask.<Run>b__15_0() 位置 C:\Users\Administrator\Documents\GitHub\CrawlData\CrawlServices\BusinessTask\DataAnalyzeTask.cs:行号 41
ClientConnectionId:add7095b-efd8-4fc5-ae07-e9a26ec5b23e
Error Number:-2,State:0,Class:11
2016-11-13 14:03:00 Error System.Data.SqlClient.SqlException (0x80131904): Timeout 时间已到。在操作完成之前超时时间已过或服务器未响应。 ---> System.ComponentModel.Win32Exception (0x80004005): 等待的操作过时。
   在 System.Data.SqlClient.SqlConnection.OnError(SqlException exception, Boolean breakConnection, Action`1 wrapCloseInAction)
   在 System.Data.SqlClient.TdsParser.ThrowExceptionAndWarning(TdsParserStateObject stateObj, Boolean callerHasConnectionLock, Boolean asyncClose)
   在 System.Data.SqlClient.TdsParser.TryRun(RunBehavior runBehavior, SqlCommand cmdHandler, SqlDataReader dataStream, BulkCopySimpleResultSet bulkCopyHandler, TdsParserStateObject stateObj, Boolean& dataReady)
   在 System.Data.SqlClient.SqlDataReader.TryCloseInternal(Boolean closeReader)
   在 System.Data.SqlClient.SqlDataReader.Close()
   在 System.Data.Common.DbDataReader.Dispose(Boolean disposing)
   在 CrawlServices.BusinessTask.DataAnalyzeTask.Business() 位置 C:\Users\Administrator\Documents\GitHub\CrawlData\CrawlServices\BusinessTask\DataAnalyzeTask.cs:行号 124
   在 CrawlServices.BusinessTask.DataAnalyzeTask.<Run>b__15_0() 位置 C:\Users\Administrator\Documents\GitHub\CrawlData\CrawlServices\BusinessTask\DataAnalyzeTask.cs:行号 41
ClientConnectionId:add7095b-efd8-4fc5-ae07-e9a26ec5b23e
Error Number:-2,State:0,Class:11
2016-11-13 14:06:25 Error System.Data.SqlClient.SqlException (0x80131904): Timeout 时间已到。在操作完成之前超时时间已过或服务器未响应。 ---> System.ComponentModel.Win32Exception (0x80004005): 等待的操作过时。
   在 System.Data.SqlClient.SqlConnection.OnError(SqlException exception, Boolean breakConnection, Action`1 wrapCloseInAction)
   在 System.Data.SqlClient.TdsParser.ThrowExceptionAndWarning(TdsParserStateObject stateObj, Boolean callerHasConnectionLock, Boolean asyncClose)
   在 System.Data.SqlClient.TdsParser.TryRun(RunBehavior runBehavior, SqlCommand cmdHandler, SqlDataReader dataStream, BulkCopySimpleResultSet bulkCopyHandler, TdsParserStateObject stateObj, Boolean& dataReady)
   在 System.Data.SqlClient.SqlDataReader.TryCloseInternal(Boolean closeReader)
   在 System.Data.SqlClient.SqlDataReader.Close()
   在 System.Data.Common.DbDataReader.Dispose(Boolean disposing)
   在 CrawlServices.BusinessTask.DataAnalyzeTask.Business() 位置 C:\Users\Administrator\Documents\GitHub\CrawlData\CrawlServices\BusinessTask\DataAnalyzeTask.cs:行号 124
   在 CrawlServices.BusinessTask.DataAnalyzeTask.<Run>b__15_0() 位置 C:\Users\Administrator\Documents\GitHub\CrawlData\CrawlServices\BusinessTask\DataAnalyzeTask.cs:行号 41
ClientConnectionId:add7095b-efd8-4fc5-ae07-e9a26ec5b23e
Error Number:-2,State:0,Class:11
2016-11-13 14:10:26 Error System.ArgumentException: 类型“System.Int32”的对象无法转换为类型“System.String”。
   在 System.RuntimeType.TryChangeType(Object value, Binder binder, CultureInfo culture, Boolean needsSpecialCast)
   在 System.RuntimeType.CheckValue(Object value, Binder binder, CultureInfo culture, BindingFlags invokeAttr)
   在 System.Reflection.MethodBase.CheckArguments(Object[] parameters, Binder binder, BindingFlags invokeAttr, CultureInfo culture, Signature sig)
   在 System.Reflection.RuntimeMethodInfo.InvokeArgumentsCheck(Object obj, BindingFlags invokeAttr, Binder binder, Object[] parameters, CultureInfo culture)
   在 System.Reflection.RuntimeMethodInfo.Invoke(Object obj, BindingFlags invokeAttr, Binder binder, Object[] parameters, CultureInfo culture)
   在 System.Reflection.RuntimePropertyInfo.SetValue(Object obj, Object value, Object[] index)
   在 CrawlServices.BusinessTask.DataAnalyzeTask.Business() 位置 C:\Users\Administrator\Documents\GitHub\CrawlData\CrawlServices\BusinessTask\DataAnalyzeTask.cs:行号 101
2016-11-13 14:10:26 Error System.ArgumentException: 类型“System.Int32”的对象无法转换为类型“System.String”。
   在 System.RuntimeType.TryChangeType(Object value, Binder binder, CultureInfo culture, Boolean needsSpecialCast)
   在 System.RuntimeType.CheckValue(Object value, Binder binder, CultureInfo culture, BindingFlags invokeAttr)
   在 System.Reflection.MethodBase.CheckArguments(Object[] parameters, Binder binder, BindingFlags invokeAttr, CultureInfo culture, Signature sig)
   在 System.Reflection.RuntimeMethodInfo.InvokeArgumentsCheck(Object obj, BindingFlags invokeAttr, Binder binder, Object[] parameters, CultureInfo culture)
   在 System.Reflection.RuntimeMethodInfo.Invoke(Object obj, BindingFlags invokeAttr, Binder binder, Object[] parameters, CultureInfo culture)
   在 System.Reflection.RuntimePropertyInfo.SetValue(Object obj, Object value, Object[] index)
   在 CrawlServices.BusinessTask.DataAnalyzeTask.Business() 位置 C:\Users\Administrator\Documents\GitHub\CrawlData\CrawlServices\BusinessTask\DataAnalyzeTask.cs:行号 101
2016-11-13 14:10:26 Error System.ArgumentException: 类型“System.Int32”的对象无法转换为类型“System.String”。
   在 System.RuntimeType.TryChangeType(Object value, Binder binder, CultureInfo culture, Boolean needsSpecialCast)
   在 System.RuntimeType.CheckValue(Object value, Binder binder, CultureInfo culture, BindingFlags invokeAttr)
   在 System.Reflection.MethodBase.CheckArguments(Object[] parameters, Binder binder, BindingFlags invokeAttr, CultureInfo culture, Signature sig)
   在 System.Reflection.RuntimeMethodInfo.InvokeArgumentsCheck(Object obj, BindingFlags invokeAttr, Binder binder, Object[] parameters, CultureInfo culture)
   在 System.Reflection.RuntimeMethodInfo.Invoke(Object obj, BindingFlags invokeAttr, Binder binder, Object[] parameters, CultureInfo culture)
   在 System.Reflection.RuntimePropertyInfo.SetValue(Object obj, Object value, Object[] index)
   在 CrawlServices.BusinessTask.DataAnalyzeTask.Business() 位置 C:\Users\Administrator\Documents\GitHub\CrawlData\CrawlServices\BusinessTask\DataAnalyzeTask.cs:行号 101
2016-11-13 14:10:26 Error System.ArgumentException: 类型“System.Int32”的对象无法转换为类型“System.String”。
   在 System.RuntimeType.TryChangeType(Object value, Binder binder, CultureInfo culture, Boolean needsSpecialCast)
   在 System.RuntimeType.CheckValue(Object value, Binder binder, CultureInfo culture, BindingFlags invokeAttr)
   在 System.Reflection.MethodBase.CheckArguments(Object[] parameters, Binder binder, BindingFlags invokeAttr, CultureInfo culture, Signature sig)
   在 System.Reflection.RuntimeMethodInfo.InvokeArgumentsCheck(Object obj, BindingFlags invokeAttr, Binder binder, Object[] parameters, CultureInfo culture)
   在 System.Reflection.RuntimeMethodInfo.Invoke(Object obj, BindingFlags invokeAttr, Binder binder, Object[] parameters, CultureInfo culture)
   在 System.Reflection.RuntimePropertyInfo.SetValue(Object obj, Object value, Object[] index)
   在 CrawlServices.BusinessTask.DataAnalyzeTask.Business() 位置 C:\Users\Administrator\Documents\GitHub\CrawlData\CrawlServices\BusinessTask\DataAnalyzeTask.cs:行号 101
2016-11-13 14:10:26 Error System.ArgumentException: 类型“System.Int32”的对象无法转换为类型“System.String”。
   在 System.RuntimeType.TryChangeType(Object value, Binder binder, CultureInfo culture, Boolean needsSpecialCast)
   在 System.RuntimeType.CheckValue(Object value, Binder binder, CultureInfo culture, BindingFlags invokeAttr)
   在 System.Reflection.MethodBase.CheckArguments(Object[] parameters, Binder binder, BindingFlags invokeAttr, CultureInfo culture, Signature sig)
   在 System.Reflection.RuntimeMethodInfo.InvokeArgumentsCheck(Object obj, BindingFlags invokeAttr, Binder binder, Object[] parameters, CultureInfo culture)
   在 System.Reflection.RuntimeMethodInfo.Invoke(Object obj, BindingFlags invokeAttr, Binder binder, Object[] parameters, CultureInfo culture)
   在 System.Reflection.RuntimePropertyInfo.SetValue(Object obj, Object value, Object[] index)
   在 CrawlServices.BusinessTask.DataAnalyzeTask.Business() 位置 C:\Users\Administrator\Documents\GitHub\CrawlData\CrawlServices\BusinessTask\DataAnalyzeTask.cs:行号 101
2016-11-13 14:10:26 Error System.ArgumentException: 类型“System.Int32”的对象无法转换为类型“System.String”。
   在 System.RuntimeType.TryChangeType(Object value, Binder binder, CultureInfo culture, Boolean needsSpecialCast)
   在 System.RuntimeType.CheckValue(Object value, Binder binder, CultureInfo culture, BindingFlags invokeAttr)
   在 System.Reflection.MethodBase.CheckArguments(Object[] parameters, Binder binder, BindingFlags invokeAttr, CultureInfo culture, Signature sig)
   在 System.Reflection.RuntimeMethodInfo.InvokeArgumentsCheck(Object obj, BindingFlags invokeAttr, Binder binder, Object[] parameters, CultureInfo culture)
   在 System.Reflection.RuntimeMethodInfo.Invoke(Object obj, BindingFlags invokeAttr, Binder binder, Object[] parameters, CultureInfo culture)
   在 System.Reflection.RuntimePropertyInfo.SetValue(Object obj, Object value, Object[] index)
   在 CrawlServices.BusinessTask.DataAnalyzeTask.Business() 位置 C:\Users\Administrator\Documents\GitHub\CrawlData\CrawlServices\BusinessTask\DataAnalyzeTask.cs:行号 101
2016-11-13 14:10:26 Error System.ArgumentException: 类型“System.Int32”的对象无法转换为类型“System.String”。
   在 System.RuntimeType.TryChangeType(Object value, Binder binder, CultureInfo culture, Boolean needsSpecialCast)
   在 System.RuntimeType.CheckValue(Object value, Binder binder, CultureInfo culture, BindingFlags invokeAttr)
   在 System.Reflection.MethodBase.CheckArguments(Object[] parameters, Binder binder, BindingFlags invokeAttr, CultureInfo culture, Signature sig)
   在 System.Reflection.RuntimeMethodInfo.InvokeArgumentsCheck(Object obj, BindingFlags invokeAttr, Binder binder, Object[] parameters, CultureInfo culture)
   在 System.Reflection.RuntimeMethodInfo.Invoke(Object obj, BindingFlags invokeAttr, Binder binder, Object[] parameters, CultureInfo culture)
   在 System.Reflection.RuntimePropertyInfo.SetValue(Object obj, Object value, Object[] index)
   在 CrawlServices.BusinessTask.DataAnalyzeTask.Business() 位置 C:\Users\Administrator\Documents\GitHub\CrawlData\CrawlServices\BusinessTask\DataAnalyzeTask.cs:行号 101
2016-11-13 14:10:26 Error System.ArgumentException: 类型“System.Int32”的对象无法转换为类型“System.String”。
   在 System.RuntimeType.TryChangeType(Object value, Binder binder, CultureInfo culture, Boolean needsSpecialCast)
   在 System.RuntimeType.CheckValue(Object value, Binder binder, CultureInfo culture, BindingFlags invokeAttr)
   在 System.Reflection.MethodBase.CheckArguments(Object[] parameters, Binder binder, BindingFlags invokeAttr, CultureInfo culture, Signature sig)
   在 System.Reflection.RuntimeMethodInfo.InvokeArgumentsCheck(Object obj, BindingFlags invokeAttr, Binder binder, Object[] parameters, CultureInfo culture)
   在 System.Reflection.RuntimeMethodInfo.Invoke(Object obj, BindingFlags invokeAttr, Binder binder, Object[] parameters, CultureInfo culture)
   在 System.Reflection.RuntimePropertyInfo.SetValue(Object obj, Object value, Object[] index)
   在 CrawlServices.BusinessTask.DataAnalyzeTask.Business() 位置 C:\Users\Administrator\Documents\GitHub\CrawlData\CrawlServices\BusinessTask\DataAnalyzeTask.cs:行号 101
2016-11-13 14:10:26 Error System.ArgumentException: 类型“System.Int32”的对象无法转换为类型“System.String”。
   在 System.RuntimeType.TryChangeType(Object value, Binder binder, CultureInfo culture, Boolean needsSpecialCast)
   在 System.RuntimeType.CheckValue(Object value, Binder binder, CultureInfo culture, BindingFlags invokeAttr)
   在 System.Reflection.MethodBase.CheckArguments(Object[] parameters, Binder binder, BindingFlags invokeAttr, CultureInfo culture, Signature sig)
   在 System.Reflection.RuntimeMethodInfo.InvokeArgumentsCheck(Object obj, BindingFlags invokeAttr, Binder binder, Object[] parameters, CultureInfo culture)
   在 System.Reflection.RuntimeMethodInfo.Invoke(Object obj, BindingFlags invokeAttr, Binder binder, Object[] parameters, CultureInfo culture)
   在 System.Reflection.RuntimePropertyInfo.SetValue(Object obj, Object value, Object[] index)
   在 CrawlServices.BusinessTask.DataAnalyzeTask.Business() 位置 C:\Users\Administrator\Documents\GitHub\CrawlData\CrawlServices\BusinessTask\DataAnalyzeTask.cs:行号 101
2016-11-13 14:10:26 Error System.ArgumentException: 类型“System.Int32”的对象无法转换为类型“System.String”。
   在 System.RuntimeType.TryChangeType(Object value, Binder binder, CultureInfo culture, Boolean needsSpecialCast)
   在 System.RuntimeType.CheckValue(Object value, Binder binder, CultureInfo culture, BindingFlags invokeAttr)
   在 System.Reflection.MethodBase.CheckArguments(Object[] parameters, Binder binder, BindingFlags invokeAttr, CultureInfo culture, Signature sig)
   在 System.Reflection.RuntimeMethodInfo.InvokeArgumentsCheck(Object obj, BindingFlags invokeAttr, Binder binder, Object[] parameters, CultureInfo culture)
   在 System.Reflection.RuntimeMethodInfo.Invoke(Object obj, BindingFlags invokeAttr, Binder binder, Object[] parameters, CultureInfo culture)
   在 System.Reflection.RuntimePropertyInfo.SetValue(Object obj, Object value, Object[] index)
   在 CrawlServices.BusinessTask.DataAnalyzeTask.Business() 位置 C:\Users\Administrator\Documents\GitHub\CrawlData\CrawlServices\BusinessTask\DataAnalyzeTask.cs:行号 101
2016-11-13 14:10:26 Error System.ArgumentException: 类型“System.Int32”的对象无法转换为类型“System.String”。
   在 System.RuntimeType.TryChangeType(Object value, Binder binder, CultureInfo culture, Boolean needsSpecialCast)
   在 System.RuntimeType.CheckValue(Object value, Binder binder, CultureInfo culture, BindingFlags invokeAttr)
   在 System.Reflection.MethodBase.CheckArguments(Object[] parameters, Binder binder, BindingFlags invokeAttr, CultureInfo culture, Signature sig)
   在 System.Reflection.RuntimeMethodInfo.InvokeArgumentsCheck(Object obj, BindingFlags invokeAttr, Binder binder, Object[] parameters, CultureInfo culture)
   在 System.Reflection.RuntimeMethodInfo.Invoke(Object obj, BindingFlags invokeAttr, Binder binder, Object[] parameters, CultureInfo culture)
   在 System.Reflection.RuntimePropertyInfo.SetValue(Object obj, Object value, Object[] index)
   在 CrawlServices.BusinessTask.DataAnalyzeTask.Business() 位置 C:\Users\Administrator\Documents\GitHub\CrawlData\CrawlServices\BusinessTask\DataAnalyzeTask.cs:行号 101
2016-11-13 14:10:26 Error System.ArgumentException: 类型“System.Int32”的对象无法转换为类型“System.String”。
   在 System.RuntimeType.TryChangeType(Object value, Binder binder, CultureInfo culture, Boolean needsSpecialCast)
   在 System.RuntimeType.CheckValue(Object value, Binder binder, CultureInfo culture, BindingFlags invokeAttr)
   在 System.Reflection.MethodBase.CheckArguments(Object[] parameters, Binder binder, BindingFlags invokeAttr, CultureInfo culture, Signature sig)
   在 System.Reflection.RuntimeMethodInfo.InvokeArgumentsCheck(Object obj, BindingFlags invokeAttr, Binder binder, Object[] parameters, CultureInfo culture)
   在 System.Reflection.RuntimeMethodInfo.Invoke(Object obj, BindingFlags invokeAttr, Binder binder, Object[] parameters, CultureInfo culture)
   在 System.Reflection.RuntimePropertyInfo.SetValue(Object obj, Object value, Object[] index)
   在 CrawlServices.BusinessTask.DataAnalyzeTask.Business() 位置 C:\Users\Administrator\Documents\GitHub\CrawlData\CrawlServices\BusinessTask\DataAnalyzeTask.cs:行号 101
2016-11-13 14:10:26 Error System.ArgumentException: 类型“System.Int32”的对象无法转换为类型“System.String”。
   在 System.RuntimeType.TryChangeType(Object value, Binder binder, CultureInfo culture, Boolean needsSpecialCast)
   在 System.RuntimeType.CheckValue(Object value, Binder binder, CultureInfo culture, BindingFlags invokeAttr)
   在 System.Reflection.MethodBase.CheckArguments(Object[] parameters, Binder binder, BindingFlags invokeAttr, CultureInfo culture, Signature sig)
   在 System.Reflection.RuntimeMethodInfo.InvokeArgumentsCheck(Object obj, BindingFlags invokeAttr, Binder binder, Object[] parameters, CultureInfo culture)
   在 System.Reflection.RuntimeMethodInfo.Invoke(Object obj, BindingFlags invokeAttr, Binder binder, Object[] parameters, CultureInfo culture)
   在 System.Reflection.RuntimePropertyInfo.SetValue(Object obj, Object value, Object[] index)
   在 CrawlServices.BusinessTask.DataAnalyzeTask.Business() 位置 C:\Users\Administrator\Documents\GitHub\CrawlData\CrawlServices\BusinessTask\DataAnalyzeTask.cs:行号 101
2016-11-13 14:10:26 Error System.ArgumentException: 类型“System.Int32”的对象无法转换为类型“System.String”。
   在 System.RuntimeType.TryChangeType(Object value, Binder binder, CultureInfo culture, Boolean needsSpecialCast)
   在 System.RuntimeType.CheckValue(Object value, Binder binder, CultureInfo culture, BindingFlags invokeAttr)
   在 System.Reflection.MethodBase.CheckArguments(Object[] parameters, Binder binder, BindingFlags invokeAttr, CultureInfo culture, Signature sig)
   在 System.Reflection.RuntimeMethodInfo.InvokeArgumentsCheck(Object obj, BindingFlags invokeAttr, Binder binder, Object[] parameters, CultureInfo culture)
   在 System.Reflection.RuntimeMethodInfo.Invoke(Object obj, BindingFlags invokeAttr, Binder binder, Object[] parameters, CultureInfo culture)
   在 System.Reflection.RuntimePropertyInfo.SetValue(Object obj, Object value, Object[] index)
   在 CrawlServices.BusinessTask.DataAnalyzeTask.Business() 位置 C:\Users\Administrator\Documents\GitHub\CrawlData\CrawlServices\BusinessTask\DataAnalyzeTask.cs:行号 101
2016-11-13 14:10:26 Error System.ArgumentException: 类型“System.Int32”的对象无法转换为类型“System.String”。
   在 System.RuntimeType.TryChangeType(Object value, Binder binder, CultureInfo culture, Boolean needsSpecialCast)
   在 System.RuntimeType.CheckValue(Object value, Binder binder, CultureInfo culture, BindingFlags invokeAttr)
   在 System.Reflection.MethodBase.CheckArguments(Object[] parameters, Binder binder, BindingFlags invokeAttr, CultureInfo culture, Signature sig)
   在 System.Reflection.RuntimeMethodInfo.InvokeArgumentsCheck(Object obj, BindingFlags invokeAttr, Binder binder, Object[] parameters, CultureInfo culture)
   在 System.Reflection.RuntimeMethodInfo.Invoke(Object obj, BindingFlags invokeAttr, Binder binder, Object[] parameters, CultureInfo culture)
   在 System.Reflection.RuntimePropertyInfo.SetValue(Object obj, Object value, Object[] index)
   在 CrawlServices.BusinessTask.DataAnalyzeTask.Business() 位置 C:\Users\Administrator\Documents\GitHub\CrawlData\CrawlServices\BusinessTask\DataAnalyzeTask.cs:行号 101
2016-11-13 14:10:26 Error System.ArgumentException: 类型“System.Int32”的对象无法转换为类型“System.String”。
   在 System.RuntimeType.TryChangeType(Object value, Binder binder, CultureInfo culture, Boolean needsSpecialCast)
   在 System.RuntimeType.CheckValue(Object value, Binder binder, CultureInfo culture, BindingFlags invokeAttr)
   在 System.Reflection.MethodBase.CheckArguments(Object[] parameters, Binder binder, BindingFlags invokeAttr, CultureInfo culture, Signature sig)
   在 System.Reflection.RuntimeMethodInfo.InvokeArgumentsCheck(Object obj, BindingFlags invokeAttr, Binder binder, Object[] parameters, CultureInfo culture)
   在 System.Reflection.RuntimeMethodInfo.Invoke(Object obj, BindingFlags invokeAttr, Binder binder, Object[] parameters, CultureInfo culture)
   在 System.Reflection.RuntimePropertyInfo.SetValue(Object obj, Object value, Object[] index)
   在 CrawlServices.BusinessTask.DataAnalyzeTask.Business() 位置 C:\Users\Administrator\Documents\GitHub\CrawlData\CrawlServices\BusinessTask\DataAnalyzeTask.cs:行号 101
2016-11-13 14:10:26 Error System.ArgumentException: 类型“System.Int32”的对象无法转换为类型“System.String”。
   在 System.RuntimeType.TryChangeType(Object value, Binder binder, CultureInfo culture, Boolean needsSpecialCast)
   在 System.RuntimeType.CheckValue(Object value, Binder binder, CultureInfo culture, BindingFlags invokeAttr)
   在 System.Reflection.MethodBase.CheckArguments(Object[] parameters, Binder binder, BindingFlags invokeAttr, CultureInfo culture, Signature sig)
   在 System.Reflection.RuntimeMethodInfo.InvokeArgumentsCheck(Object obj, BindingFlags invokeAttr, Binder binder, Object[] parameters, CultureInfo culture)
   在 System.Reflection.RuntimeMethodInfo.Invoke(Object obj, BindingFlags invokeAttr, Binder binder, Object[] parameters, CultureInfo culture)
   在 System.Reflection.RuntimePropertyInfo.SetValue(Object obj, Object value, Object[] index)
   在 CrawlServices.BusinessTask.DataAnalyzeTask.Business() 位置 C:\Users\Administrator\Documents\GitHub\CrawlData\CrawlServices\BusinessTask\DataAnalyzeTask.cs:行号 101
2016-11-13 14:10:26 Error System.ArgumentException: 类型“System.Int32”的对象无法转换为类型“System.String”。
   在 System.RuntimeType.TryChangeType(Object value, Binder binder, CultureInfo culture, Boolean needsSpecialCast)
   在 System.RuntimeType.CheckValue(Object value, Binder binder, CultureInfo culture, BindingFlags invokeAttr)
   在 System.Reflection.MethodBase.CheckArguments(Object[] parameters, Binder binder, BindingFlags invokeAttr, CultureInfo culture, Signature sig)
   在 System.Reflection.RuntimeMethodInfo.InvokeArgumentsCheck(Object obj, BindingFlags invokeAttr, Binder binder, Object[] parameters, CultureInfo culture)
   在 System.Reflection.RuntimeMethodInfo.Invoke(Object obj, BindingFlags invokeAttr, Binder binder, Object[] parameters, CultureInfo culture)
   在 System.Reflection.RuntimePropertyInfo.SetValue(Object obj, Object value, Object[] index)
   在 CrawlServices.BusinessTask.DataAnalyzeTask.Business() 位置 C:\Users\Administrator\Documents\GitHub\CrawlData\CrawlServices\BusinessTask\DataAnalyzeTask.cs:行号 101
2016-11-13 14:10:26 Error System.ArgumentException: 类型“System.Int32”的对象无法转换为类型“System.String”。
   在 System.RuntimeType.TryChangeType(Object value, Binder binder, CultureInfo culture, Boolean needsSpecialCast)
   在 System.RuntimeType.CheckValue(Object value, Binder binder, CultureInfo culture, BindingFlags invokeAttr)
   在 System.Reflection.MethodBase.CheckArguments(Object[] parameters, Binder binder, BindingFlags invokeAttr, CultureInfo culture, Signature sig)
   在 System.Reflection.RuntimeMethodInfo.InvokeArgumentsCheck(Object obj, BindingFlags invokeAttr, Binder binder, Object[] parameters, CultureInfo culture)
   在 System.Reflection.RuntimeMethodInfo.Invoke(Object obj, BindingFlags invokeAttr, Binder binder, Object[] parameters, CultureInfo culture)
   在 System.Reflection.RuntimePropertyInfo.SetValue(Object obj, Object value, Object[] index)
   在 CrawlServices.BusinessTask.DataAnalyzeTask.Business() 位置 C:\Users\Administrator\Documents\GitHub\CrawlData\CrawlServices\BusinessTask\DataAnalyzeTask.cs:行号 101
2016-11-13 14:10:26 Error System.ArgumentException: 类型“System.Int32”的对象无法转换为类型“System.String”。
   在 System.RuntimeType.TryChangeType(Object value, Binder binder, CultureInfo culture, Boolean needsSpecialCast)
   在 System.RuntimeType.CheckValue(Object value, Binder binder, CultureInfo culture, BindingFlags invokeAttr)
   在 System.Reflection.MethodBase.CheckArguments(Object[] parameters, Binder binder, BindingFlags invokeAttr, CultureInfo culture, Signature sig)
   在 System.Reflection.RuntimeMethodInfo.InvokeArgumentsCheck(Object obj, BindingFlags invokeAttr, Binder binder, Object[] parameters, CultureInfo culture)
   在 System.Reflection.RuntimeMethodInfo.Invoke(Object obj, BindingFlags invokeAttr, Binder binder, Object[] parameters, CultureInfo culture)
   在 System.Reflection.RuntimePropertyInfo.SetValue(Object obj, Object value, Object[] index)
   在 CrawlServices.BusinessTask.DataAnalyzeTask.Business() 位置 C:\Users\Administrator\Documents\GitHub\CrawlData\CrawlServices\BusinessTask\DataAnalyzeTask.cs:行号 101
