2016-11-10 15:04:18 Info TaoBaoTask_T2_开始
2016-11-10 15:04:35 Info TaoBaoTask_T2-正在解析关键字:%E5%8C%96%E6%AF%9B%E8%86%8F_29%2C50007216
2016-11-10 15:05:56 Info TaoBaoTask_T2_开始
2016-11-10 15:05:58 Info TaoBaoTask_T2-正在解析关键字:%E5%8C%96%E6%AF%9B%E8%86%8F_29%2C50007216
2016-11-10 15:06:41 Info TaoBaoTask_T2_开始
2016-11-10 15:06:42 Info TaoBaoTask_T2-正在解析关键字:%E5%8C%96%E6%AF%9B%E8%86%8F_29%2C50007216
2016-11-10 15:08:05 Info TaoBaoTask_T2_开始
2016-11-10 15:08:05 Info TaoBaoTask_T2-正在解析关键字:%E5%8C%96%E6%AF%9B%E8%86%8F_29%2C50007216
2016-11-10 15:09:13 Info TaoBaoTask_T2_开始
2016-11-10 15:09:15 Info TaoBaoTask_T2-正在解析关键字:%E5%8C%96%E6%AF%9B%E8%86%8F_29%2C50007216
2016-11-10 15:12:57 Info TaoBaoTask_T2_开始
2016-11-10 15:12:58 Info TaoBaoTask_T2-正在解析关键字:%E5%8C%96%E6%AF%9B%E8%86%8F_29%2C50007216
2016-11-10 15:15:02 Info TaoBaoTask_T2_开始
2016-11-10 15:15:07 Info TaoBaoTask_T2-正在解析关键字:%E5%8C%96%E6%AF%9B%E8%86%8F_29%2C50007216
2016-11-10 15:34:38 Info TaoBaoTask_T2_开始
2016-11-10 15:34:40 Info TaoBaoTask_T2-正在解析关键字:%E5%8C%96%E6%AF%9B%E8%86%8F_29%2C50007216
2016-11-10 15:53:56 Info TaoBaoTask_T2_开始
2016-11-10 15:53:57 Info TaoBaoTask_T2-正在解析关键字:%E5%8C%96%E6%AF%9B%E8%86%8F_29%2C50007216
2016-11-10 15:54:30 Info 更新[532603479686]小花猫-Gimpet骏宝猫用双色化毛膏 芝士起司+麦芽 去毛球膏 50g 成功
2016-11-10 15:54:33 Info 更新[45834557458]美国维斯康VitsCan 速效化毛膏120.5g 猫去毛球膏 促进肠胃消化 成功
2016-11-10 15:54:35 Info 更新[527491369741]【德国制造正规进口】骏宝麦芽味强效化毛膏200g 保质期2017.05 成功
2016-11-10 15:54:37 Info 更新[525541016535]进口德国 克劳德医生猫用 化毛膏/去毛膏 去毛球 化毛球100g包邮 成功
