2016-11-01 17:44:00 Info TmallTask_T1_开始
2016-11-01 17:44:02 Info TmallTask_T1-正在解析关键字:饰品
2016-11-01 17:53:34 Info TmallTask_T1_开始
2016-11-01 17:53:35 Info TmallTask_T1-正在解析关键字:个人护理
2016-11-01 22:05:33 Info TmallTask_T1_开始
2016-11-01 22:05:40 Info TmallTask_T1-正在解析关键字:图书音像
2016-11-01 22:09:04 Info TmallTask_T1_开始
2016-11-01 22:09:05 Info TmallTask_T1-正在解析关键字:图书音像
2016-11-01 22:10:25 Info 更新[44226807661]车载CD汽车早教幼儿故事(教育培养完美女孩)无损音乐碟片 成功
2016-11-01 22:10:38 Info 更新[43918277958]汽车载CD音乐光盘欧美流行公示牌精选新歌曲合辑黑胶碟无损唱片 成功
2016-11-01 22:12:02 Info 更新[45467858785]汽车载CD音乐光盘欧美经典英文至伤情歌曲精选专辑黑胶无损碟唱片 成功
2016-11-01 22:12:14 Info 更新[43918209828]汽车载cd优美休闲轻音乐器歌曲目非黑胶光盘碟片无损音质唱片合辑 成功
2016-11-01 22:12:33 Info 更新[43934588695]汽车载CD音乐经典怀旧大陆流行老歌曲黑胶光盘碟片无损音质唱片 成功
2016-11-01 22:12:34 Info 更新[44576069846]正版幼儿童宝宝启蒙学唱儿歌童谣早教DVD 动画片MTV视频光盘碟片 成功
2016-11-01 22:12:34 Info 更新[43881362706]汽车载CD音乐经典欧美流行时尚英文热歌曲目黑胶光盘碟片无损唱片 成功
2016-11-01 22:12:34 Info 更新[44308700420]无损车载音乐3CD光盘 幼儿早教学唱童谣(英文单词顺口溜)碟片碟 成功
2016-11-01 22:12:34 Info 更新[43857691804]汽车载CD浪漫轻音乐器演奏英文歌曲非黑胶光盘碟片无损音质唱片 成功
2016-11-01 22:12:34 Info 更新[43857687811]汽车载CD百年经典流行怀旧老歌成名曲3cd非黑胶光盘碟片无损唱片 成功
2016-11-01 22:12:34 Info 更新[45638902436]汽车载CD中国古典轻纯民族音乐器名曲精选集黑胶无损光盘碟唱片 成功
2016-11-01 22:12:34 Info 更新[43918693030]汽车载CD音乐邓丽君经典名曲老歌珍藏系列黑胶光盘碟片无损唱片 成功
2016-11-01 22:12:34 Info 更新[44031186971]正版现货 黄丽玲A-Lin 2015新专辑 罪恶感 CD 成功
2016-11-01 22:12:34 Info 更新[43857667512]汽车载CD音乐经典流行怀旧老歌金曲目黑胶光盘碟片无损音质唱片 成功
2016-11-01 22:12:34 Info 更新[43918885314]中国好声音导师那英精选歌曲目汽车车载cd流行音乐非黑胶无损唱片 成功
2016-11-01 22:12:34 Info 更新[44289237727]车载CD汽车幼儿教育宝宝喜欢卡通影视主题曲音乐歌曲3CD正版 成功
2016-11-01 22:12:34 Info 更新[43858043155]汽车载CD欧美时尚芭莎音乐歌曲目黑胶光盘碟片无损音质唱片3cd 成功
2016-11-01 22:12:34 Info 更新[43881414853]汽车车载cd欧美奥斯卡音乐怀旧英文精选歌曲目非黑胶无损唱片碟片 成功
2016-11-01 22:12:34 Info 更新[45607359396]正版汽车载CD音乐欧美巨星男人篇流行英文歌曲黑胶无损光盘碟唱片 成功
2016-11-01 22:12:35 Info 更新[43858051137]汽车载CD经典流行怀旧情老歌成名曲3cd非黑胶光盘碟片无损唱片 成功
2016-11-01 22:12:35 Info 更新[43881354948]汽车载CD经典流行HIFI发烧音乐歌曲碟片非黑胶光盘无损音质唱片 成功
2016-11-01 22:12:35 Info 更新[43857727679]汽车载CD音乐光盘经典流行女声歌曲发烧天籁合辑黑胶碟无损唱片 成功
2016-11-01 22:12:35 Info 更新[43918269938]汽车载CD音乐光盘经典国语老情歌怀旧金曲合辑黑胶光盘碟无损唱片 成功
2016-11-01 22:12:35 Info 更新[44226671098]车载CD汽车休闲轻音乐缓解疲劳歌曲非黑胶碟片光盘无损音质唱片 成功
2016-11-01 22:12:35 Info 更新[43918481392]流行音乐精选歌曲目汽车车载cd非黑胶无损音质唱片光盘碟片 成功
2016-11-01 22:12:35 Info 更新[43918237681]车载cd光盘歌曲2016国语老歌30年15碟汽车CD无损音乐试音碟片 成功
2016-11-01 22:12:35 Info 更新[44249498521]正版幼儿童学跳舞蹈真人版歌伴舞小螺号 高清DVD 教材学光盘碟片 成功
2016-11-01 22:12:35 Info 更新[43919061025]启蒙教育儿童英文儿歌童话精选歌曲目英语学习高清dvd碟片 成功
2016-11-01 22:12:35 Info 更新[43918417827]汽车载CD欧美乐器优美轻音乐森林狂想曲非黑胶光盘碟片无损唱片 成功
2016-11-01 22:12:35 Info 更新[43857635869]汽车载CD梅兰竹菊四季休闲功能轻音乐纯乐器黑胶光盘碟片无损唱片 成功
2016-11-01 22:12:35 Info 更新[43918557621]汽车载CD梅兰竹菊四季休闲功能轻音乐合辑黑胶光盘碟片无损唱片 成功
2016-11-01 22:12:35 Info 更新[43918877086]汽车载CD欧美古典音乐作曲家肖邦经典作品精选黑胶光盘碟无损唱片 成功
2016-11-01 22:12:35 Info 更新[43857607928]汽车载CD修身养性轻音乐佛宗教音乐禅乐观音咒黑胶光盘碟无损唱片 成功
2016-11-01 22:12:35 Info 更新[44249462063]汽车载CD经典优美轻音乐歌曲配乐大师合辑精选黑胶光盘碟无损唱片 成功
2016-11-01 22:12:35 Info 更新[43857899347]汽车载CD轻音乐光盘中国古典民族乐器古筝曲目精选黑胶碟无损唱片 成功
2016-11-01 22:12:35 Info 更新[43918517528]汽车载CD音乐光盘碟片浪漫小语种情歌曲异国风情时尚亚非精选唱片 成功
2016-11-01 22:12:35 Info 更新[45438271301]正版汽车载CD音乐光盘碟片莎拉布莱曼Sarah专辑歌曲无损黑胶唱片 成功
2016-11-01 22:12:35 Info 更新[43881414654]汽车载CD音乐光盘流行男女声经典怀旧老歌金曲合辑黑胶碟无损唱片 成功
2016-11-01 22:12:35 Info 更新[43918173992]汽车载CD音乐经典怀旧老情歌曲珍藏版黑胶光盘碟片无损音质唱片 成功
2016-11-01 22:12:35 Info 更新[44249290983]正版幼儿童启蒙早教高清DVD中国传统学百家姓视频教学材光盘碟片 成功
2016-11-01 22:12:35 Info 更新[44249786090]车载CD汽车式早教幼儿培养完美女孩88个好故事Ⅲ无损音质精品歌曲 成功
2016-11-01 22:12:35 Info 更新[45706576124]正版汽车载CD音乐光盘经典流行国语老歌金曲精选辑黑胶无损碟唱片 成功
2016-11-01 22:12:35 Info 更新[43881358969]汽车载CD休闲轻音乐经典歌曲目珍藏版黑胶光盘碟片无损音质唱片 成功
2016-11-01 22:12:35 Info 更新[45638786617]正版汽车载CD音乐光盘毛阿敏经典流行老歌金曲专辑黑胶无损碟唱片 成功
2016-11-01 22:12:35 Info 更新[43857867510]汽车载CD休闲轻音乐经典名曲流行珍藏版黑胶光盘碟片无损音质唱片 成功
2016-11-01 22:12:35 Info 更新[43934736651]汽车载CD休闲功能轻音乐歌曲目非黑胶光盘碟片无损音质唱片 成功
2016-11-01 22:12:35 Info 更新[43857987251]汽车载CD休闲轻音乐钢琴演奏欧美经典曲目黑胶光盘碟片无损唱片 成功
2016-11-01 22:12:35 Info 更新[43934672638]汽车载CD音乐全国酒吧劲爆英文歌曲目集锦黑胶光盘碟片无损唱片 成功
2016-11-01 22:12:35 Info 更新[43918505676]汽车载CD轻音乐中国经典古典名曲民族纯乐器黑胶光盘碟无损唱片 成功
2016-11-01 22:12:35 Info 更新[43857703795]汽车载CD浪漫休闲轻音乐歌曲目非黑胶光盘碟片无损音质唱片合辑 成功
2016-11-01 22:12:35 Info 更新[43918841086]汽车载CD经典流行怀旧老歌成名金曲3cd非黑胶光盘碟片无损唱片 成功
2016-11-01 22:12:35 Info 更新[43857739630]汽车载CD经典流行怀旧老歌成名曲3cd非黑胶光盘碟片无损唱片 成功
2016-11-01 22:12:36 Info 更新[43934792102]车载CD汽车休闲轻音乐国乐精粹非黑胶碟片光盘无损音质唱片合集 成功
2016-11-01 22:12:37 Info 更新[43857803179]车载CD汽车休闲蓝调音乐歌曲黑胶碟片光盘无损音质唱片合集 成功
2016-11-01 22:12:40 Info 更新[43918429432]车载CD汽车休闲背景轻音乐歌曲非黑胶碟片光盘无损音质唱片合集 成功
2016-11-01 22:12:40 Info 更新[43934948370]正版幼儿童启蒙早教我家也是幼儿园大班教学视频高清DVD光盘碟片 成功
2016-11-01 22:12:40 Info 更新[45607379408]正版汽车载CD轻纯音乐中国古典民族乐器琵琶经典曲黑胶无损碟唱片 成功
2016-11-01 22:12:40 Info 更新[43857707866]汽车CD音乐经典怀旧国语老歌曲非黑胶光盘碟片无损音质唱片合辑 成功
2016-11-01 22:12:41 Info 更新[43857771724]汽车车载cd光盘2016欧美流行音乐英文歌曲黑胶无损音质唱片 成功
2016-11-01 22:12:41 Info 更新[44249670201]正版 幼儿园童宝宝真人学跳舞歌伴舞教学 材高清DVD视频光盘碟片 成功
2016-11-01 22:12:51 Info 更新[43934572947]汽车载CD光盘世界各地经典天籁音乐精华歌曲珍藏版黑胶碟无损唱片 成功
2016-11-01 22:12:54 Info 更新[44226891366]正版 幼儿童益智启蒙早教全能百科教育高清DVD教学材视频光盘碟片 成功
2016-11-01 22:12:54 Info 更新[45176935454]汽车载cd音乐光盘碟片谭晶经典民歌曲精选合辑无损黑胶唱片 成功
2016-11-01 22:12:54 Info 更新[45686637282]正版汽车载CD欧美古典音乐作曲家肖邦作品精选黑胶光盘碟无损唱片 成功
2016-11-01 22:13:00 Info 更新[45638958316]汽车载CD音乐光盘欧美好声音女人篇流行英文歌曲黑胶无损光盘碟片 成功
2016-11-01 22:13:06 Info 更新[44594800267]正版 双语幼儿园 启蒙国学论语幼儿4CD早教光盘碟片 成功
2016-11-01 22:13:06 Info 更新[45607407256]汽车载CD音乐光盘欧美好声音男人篇流行英文歌曲黑胶无损光盘碟片 成功
2016-11-01 22:13:06 Info 更新[43857879404]汽车载CD轻音乐欧美钢琴名曲理查德克莱德曼黑胶光盘碟片无损唱片 成功
2016-11-01 22:13:06 Info 更新[45535280905]正版汽车载CD轻音乐光盘碟片世界著名古典作曲家经典作品黑胶唱片 成功
2016-11-01 22:13:06 Info 更新[44288853854]汽车CD浪漫休闲功能轻音乐经典纯乐器歌曲目黑胶光盘碟片无损唱片 成功
2016-11-01 22:13:07 Info 更新[45515337292]汽车载CD音乐光盘经典欧美英文怀旧老情歌曲精选辑黑胶无损碟唱片 成功
2016-11-01 22:13:07 Info 更新[43881390995]正版幼儿童真人歌伴舞歌曲跳舞教学材欣赏高清视频DVD光盘碟片 成功
2016-11-01 22:13:07 Info 更新[43881638410]汽车载CD世界经典欧美轻音乐代表作品黑胶光盘碟片无损音质唱片 成功
2016-11-01 22:13:07 Info 更新[45706436469]正版汽车载CD纯轻音乐班得瑞心情纯乐器背景音乐黑胶无损光盘碟片 成功
2016-11-01 22:13:07 Info 更新[44249310344]汽车载CD音乐一人一首经典流行歌曲合辑精选8黑胶光盘碟无损唱片 成功
2016-11-01 22:13:07 Info 更新[43857607830]汽车载CD钢琴白日梦轻音乐歌曲目黑胶2cd光盘碟片无损音质唱片 成功
2016-11-01 22:13:07 Info 更新[45695607701]正版汽车载CD音乐光盘经典怀旧红老民歌金曲精选集黑胶无损碟唱片 成功
2016-11-01 22:13:07 Info 更新[522022916164]汽车载CD轻纯音乐器光盘专用发烧经典流行老歌曲无损黑胶碟唱片 成功
2016-11-01 22:13:07 Info 更新[522022976252]正版汽车载CD音乐光盘欧美新流行英文歌曲精选集黑胶无损碟唱片 成功
2016-11-01 22:13:07 Info 更新[522018061586]正版欧美新流行音乐歌曲专辑cd 汽车载CD音乐光盘碟片黑胶唱片 成功
2016-11-01 22:13:07 Info 更新[522022916429]正版幼儿童宝宝综合能力培养启蒙早教视频教材高清DVD光盘碟片 成功
2016-11-01 22:13:07 Info 更新[522022684986]正版国语老歌汽车载cd音乐光盘碟片经典怀旧歌曲CD无损黑胶唱片 成功
2016-11-01 22:13:07 Info 更新[522002935171]正版国语老歌汽车载cd音乐光盘碟片流行怀旧歌曲CD无损黑胶唱片 成功
2016-11-01 22:13:07 Info 更新[522022936581]正版一人一首成名曲经典男声歌曲汽车载CD音乐光盘碟片黑胶唱片 成功
2016-11-01 22:13:07 Info 更新[44248978957]车载CD汽车欧美怀旧金曲歌曲音乐黑胶碟片光盘无损音质唱片合集 成功
2016-11-01 22:13:07 Info 更新[43918473375]车载CD汽车歌曲国语老歌流行怀旧音乐非黑胶碟片光盘无损音质唱片 成功
2016-11-01 22:13:07 Info 更新[43918457930]正版幼儿童启蒙早教高清DVD中国传统学论语视频教学材光盘碟片 成功
2016-11-01 22:13:07 Info 更新[45096844003]汽车载CD轻音乐光盘钢琴大师理查德久石让名曲精选黑胶无损碟唱片 成功
2016-11-01 22:13:07 Info 更新[43858007192]汽车载CD经典怀旧国语老歌男声音乐歌曲黑胶碟片光盘无损音质唱片 成功
2016-11-01 22:13:07 Info 更新[44226611190]车载CD汽车怀旧音乐歌曲邓丽君黑胶碟片光盘无损音质唱片合集 成功
2016-11-01 22:13:07 Info 更新[43918617271]汽车载CD音乐欧美经典怀旧歌金曲人鬼情未了黑胶光盘碟片无损唱片 成功
2016-11-01 22:13:07 Info 更新[522022796510]正版瑜伽dvd 入门教学程光盘廋腰骨盆调整瑜珈健身操高清视频碟片 成功
2016-11-01 22:13:07 Info 更新[43881718439]正版央视热播动画DVD新大头儿子和小头爸爸1-20集高清光盘碟片 成功
2016-11-01 22:13:07 Info 更新[534918683541]正版贝肯熊dvd 幽默卡通动画片BACK KOM倒霉熊DVD光盘碟片1-52集 成功
2016-11-01 22:13:08 Info 更新[43934860524]正版幼儿童启蒙早教真人版宝宝学英语高清DVD视频教学材光盘碟片 成功
2016-11-01 22:13:08 Info 更新[522002675418]正版高清DVD光盘碟片国产动画巴拉拉小魔仙第五部梦幻旋律13-16集 成功
2016-11-01 22:13:08 Info 更新[44594840224]少儿舞蹈视频教材正版早教光盘幼儿快乐舞蹈课高清蓝光DVD光碟片 成功
2016-11-01 22:13:08 Info 更新[522002547692]正版高清VCD光盘碟片国产动画巴拉拉小魔仙第五部梦幻旋律1-4集 成功
2016-11-01 22:13:08 Info 更新[43857903257]汽车载CD音乐光盘流行女声女人30经典怀旧老歌金曲黑胶碟无损唱片 成功
2016-11-01 22:13:08 Info 更新[43918301816]汽车载CD音乐经典欧美怀旧情歌曲加州旅馆精选黑胶光盘碟无损唱片 成功
2016-11-01 22:13:08 Info 更新[44226791559]正版幼儿童传统早教高清DVD 益智启蒙成语故事教学材视频光盘碟片 成功
2016-11-01 22:13:08 Info 更新[44594888066]正版卡通片光盘 聪明的一休 一休哥 智慧大课堂智慧启迪篇6dvd碟 成功
2016-11-01 22:13:08 Info 更新[522019570717]正版高清VCD光盘碟片 动画片巴拉拉小魔仙第五部梦幻旋律1-26合辑 成功
2016-11-01 22:13:08 Info 更新[44071253585]十二生肖快乐街动画片生肖传奇碟片儿童爱正版dvd高清蓝光碟片 成功
2016-11-01 22:13:08 Info 更新[44594452936]正版卡通片光盘 聪明的一休 一休哥 智慧大课堂小故事大智慧4dvd 成功
2016-11-01 22:13:10 Info 更新[522018029799]正版国产动画巴拉拉小魔仙第五部梦幻旋律24-26集高清DVD光盘碟片 成功
2016-11-01 22:13:13 Info 更新[43918533854]正版央视热播动画新大头儿子和小头爸爸61-80集高清DVD光盘碟片 成功
2016-11-01 22:13:13 Info 更新[45515505101]汽车载CD休闲轻音乐森林狂想曲大自然纯音乐器无损黑胶光盘碟唱片 成功
2016-11-01 22:13:13 Info 更新[44576261381]正版 铠甲勇士拿瓦dvd 高清动漫13DVD卡通动画片光盘 成功
2016-11-01 22:13:13 Info 更新[44510211685]幼儿早教碟片双语幼儿园小鸟3号一起来唱歌跳舞高清蓝光DVD光盘 成功
2016-11-01 22:13:13 Info 更新[44031686168]儿童早教高清蓝光dvd动画片碟片(虫虫闹翻天)第1部上幼儿动漫光盘 成功
2016-11-01 22:13:13 Info 更新[44510427205]正版卡通片光盘 聪明的一休 一休哥 智慧大课堂头脑风暴篇6DVD碟 成功
2016-11-01 22:13:13 Info 更新[44088056648]小虫虫有大智慧儿童动漫动画片碟片光盘高清VCD幼儿早教精品正品 成功
2016-11-01 22:13:13 Info 更新[44576125842]正版 铠甲勇士动画片全集 4DVD52集完整版高清卡通光盘dvd碟片 成功
2016-11-01 22:13:13 Info 更新[44576453020]聪明的一休dvd(76-150集) 一休和尚 正版高清动画片光盘碟片 成功
2016-11-01 22:13:14 Info 更新[43934768724]正版央视热播动画新大头儿子和小头爸爸41-60集高清DVD光盘碟片 成功
2016-11-01 22:13:14 Info 更新[45706516192]百年经典欧美金曲英文怀旧歌曲老情歌汽车音乐黑胶车载cd光盘碟片 成功
2016-11-01 22:13:14 Info 更新[522022908262]正版高清DVD光盘碟片国产动画巴拉拉小魔仙第五部梦幻旋律1-20集 成功
2016-11-01 22:13:14 Info 更新[43857891033]车载CD汽车古典民乐轻音乐歌曲黑胶碟片光盘无损音质唱片合集 成功
2016-11-01 22:13:14 Info 更新[44509979912]正版动画卡通片 加菲猫的幸福生活4碟DVD52集完整版 成功
2016-11-01 22:13:47 Info 更新[44509979912]正版动画卡通片 加菲猫的幸福生活4碟DVD52集完整版 成功
2016-11-01 22:13:47 Info 更新[522002683454]正版瑜伽dvd 初级入门教程光盘零基础瑜伽入门健身操高清视频碟片 成功
2016-11-01 22:13:47 Info 更新[43857503713]车载CD汽车休闲佛教轻音乐歌曲非黑胶碟片光盘无损音质唱片合集 成功
2016-11-01 22:13:48 Info 更新[43881858177]中国民族笛子乐器精选轻音乐歌曲目非黑胶无损音质唱片汽车车载cd 成功
2016-11-01 22:13:48 Info 更新[44308796354]正版 熊出没第三部之丛林总动员Ⅱ 幼儿高清动画早教碟片 5DVD 成功
2016-11-01 22:13:48 Info 更新[44249446586]正版 幼儿童宝宝启蒙小学拼音教程视频教材学习光盘碟片高清DVD 成功
2016-11-01 22:13:48 Info 更新[43857555929]汽车载CD轻音乐钢琴理查德克莱德曼马克西姆曲目合辑无损黑胶碟片 成功
2016-11-01 22:13:48 Info 更新[43881514337]汽车载CD音乐西城男孩经典欧美流行怀旧老歌曲黑胶光盘碟无损唱片 成功
2016-11-01 22:13:48 Info 更新[43934604994]正版新品幼儿童歌伴舞现场版教学材高清视频DVD光盘碟片精选合辑 成功
2016-11-01 22:13:48 Info 更新[43881302702]车载音乐汽车CD光盘埙加葫芦丝3碟装德国黑胶cd歌曲无损唱片合辑 成功
2016-11-01 22:13:48 Info 更新[44249606371]车载CD汽车 幼儿教育 三国演义 音乐收录精品歌曲发烧3CD国学碟片 成功
2016-11-01 22:13:50 Info 更新[535054712426]正版幼儿童学前智力开发教材dvd 学说话儿歌百科启蒙早教光盘碟片 成功
2016-11-01 22:13:53 Info 更新[522018153225]正版英文爵士乐钢琴演奏轻纯音乐汽车载cd音乐光盘黑胶无损碟唱片 成功
2016-11-01 22:13:53 Info 更新[43934716808]无线宝宝幼儿识字不用教8dvd儿童启蒙早教学习光盘儿歌拼音碟片 成功
2016-11-01 22:13:53 Info 更新[44769180743]汽车载CD音乐流行歌曲光盘碟片我是歌手A-Lin黄丽玲专辑无损唱片 成功
2016-11-01 22:13:53 Info 更新[522019726874]正版云飞cd专辑草原民族音乐歌曲民歌汽车载CD光盘碟片无损唱片 成功
2016-11-01 22:13:53 Info 更新[44249710150]正版 熊出没第三部之丛林总动员幼儿动画早教碟片9VCD高清碟片 成功
2016-11-01 22:13:53 Info 更新[43881818109]正版米奇唐老鸭电影英语动画10dvd 经典卡通儿童早教启蒙光盘碟片 成功
2016-11-01 22:13:53 Info 更新[44031442661]启蒙教育正版教材三字经唐诗国学幼儿教育动画片儿童早教光盘碟片 成功
2016-11-01 22:13:53 Info 更新[521032813738]正版李德印16式太极拳初级入门健身视频教学教材高清DVD光盘碟片 成功
2016-11-01 22:13:53 Info 更新[43934904500]儿童幼儿早教教材CCTV央视版小小智慧树高清蓝光16DVD光盘碟片 成功
2016-11-01 22:13:53 Info 更新[526248145997]正版民歌dvd碟片 汽车载DVD音乐光盘经典红歌老歌唱片高清MV视频 成功
2016-11-01 22:13:53 Info 更新[523371960909]正版韩国bigbang车载cd碟片汽车音乐专辑崔胜贤GD权志龙歌曲光盘 成功
2016-11-01 22:13:54 Info 更新[44914628834]正版汽车载高清DVD光盘碟片2016流行中英文DJ音乐歌舞曲劲爆视频 成功
2016-11-01 22:13:54 Info 更新[526262488635]性感瘦身钢管舞教学视频DVD碟片 学跳钢管舞健身动作分解高清光盘 成功
2016-11-01 22:13:54 Info 更新[526248185818]正版梦工厂动画片电影合集DVD碟片 疯狂原始人马达加斯加的企鹅 成功
2016-11-01 22:13:54 Info 更新[527445316267]2016全新正版广场舞DVD 全民健身广场舞教学视频动作分解 随机发 成功
2016-11-01 22:13:54 Info 更新[523372120468]经典流行许茹芸歌曲CD专辑正版汽车载cd音乐光盘碟片黑胶无损唱片 成功
2016-11-01 22:13:54 Info 更新[523365681748]正版轻音乐纯音乐流行歌曲萨克斯曲汽车载CD光盘碟片黑胶无损唱片 成功
2016-11-01 22:13:54 Info 更新[529618791559]正版许巍歌曲CD专辑 汽车载CD摇滚音乐光盘碟片黑胶cd无损唱片 成功
2016-11-01 22:13:54 Info 更新[535815439161]正版汽车载CD专辑 太阳的后裔 热播韩剧主题曲音乐黑胶cd光盘碟片 成功
2016-11-01 22:13:54 Info 更新[527418870818]正版汽车载CD音乐光盘碟片双电子琴优美轻音乐歌曲纯音乐无损唱片 成功
2016-11-01 22:13:54 Info 更新[530306111847]正版汽车载cd碟片酒吧DJ串烧舞曲汽车音乐唱片黑胶cd光盘合辑 成功
2016-11-01 22:13:54 Info 更新[529670990043]正版电影dvd光盘 3D蓝光影片 末日崩塌dvd碟片高清好莱坞电影大片 成功
2016-11-01 22:13:54 Info 更新[526248629652]经典红歌dvd 东方红大联唱高清视频MV老歌民歌汽车载DVD光盘碟片 成功
2016-11-01 22:13:54 Info 更新[523301413140]正版幼儿童生活好习惯培养启蒙教学动画视频高清早教DVD光盘碟片 成功
2016-11-01 22:13:54 Info 更新[526131391270]我是歌手第一季全集现场DVD+CD 高清视频+无损版光盘碟片随机发 成功
2016-11-01 22:13:54 Info 更新[528021163183]2016我是歌手第四季车载无损汽车CD光盘流行歌曲张信哲音乐碟唱片 成功
2016-11-01 22:13:54 Info 更新[526241138776]正版迪士尼电影dvd赛车/汽车总动员动画片 高清DVD光盘碟片国语 成功
2016-11-01 22:13:55 Info 更新[43881778158]汽车标志CD包 24片装CD包 光盘包 碟包 DVD 彩色加厚内页铁盒碟包 成功
2016-11-01 22:13:59 Info 更新[523365685769]正版央视卡通动画片高清DVD光盘碟片 熊出没之冬日乐翻天26-30集 成功
2016-11-01 22:14:00 Info 更新[526204951745]正版歌伴舞dvd碟片 儿童学跳小苹果舞蹈教学DVD高清视频光盘碟片 成功
2016-11-01 22:14:00 Info 更新[534918663865]正版现货许嵩2016最新第六张专辑 青年晚报CD+海报+明信片+歌词本 成功
2016-11-01 22:14:00 Info 更新[526261288878]正版现货 贾斯汀比伯2015专辑 Justin Bieber purpose CD+歌词册 成功
2016-11-01 22:14:00 Info 更新[535017921599]正版儿童学英语dvd 双语启蒙教育学拼音识字DVD 早教教材光盘碟片 成功
2016-11-01 22:14:01 Info 更新[526204743628]正版 Frozen冰雪奇缘 迪士尼高清动画片电影dvd光盘碟片 中英文版 成功
2016-11-01 22:14:01 Info 更新[528046583195]正版回春医疗保健操66节dvd 中老年健身操广场舞DVD 教学光盘碟片 成功
2016-11-01 22:14:02 Info 更新[528089362110]正版现货 2010年李克勤专辑 罪人 CD+DVD 再见穿梭机 限量珍藏版 成功
2016-11-01 22:14:02 Info 更新[526204967174]四大天王历年演唱会dvd视频碟片 刘德华张学友歌曲汽车载DVD光盘 成功
2016-11-01 22:14:02 Info 更新[526241558939]发烧豪车专用英文DJ高清视频 尊享玛莎拉蒂 汽车载DVD光盘碟片 成功
2016-11-01 22:14:02 Info 更新[528454236745]正版现货 我是歌手李玟COCO09新专辑 李玟的东西 CD 成功
2016-11-01 22:14:02 Info 更新[531422194109]正版杨丽萍广场舞dvd因为爱着你中老年减肥健身操DVD教材光盘碟片 成功
2016-11-01 22:14:02 Info 更新[533976384147]正版 飞机总动员 高清DVD碟片 迪士尼动画片电影光盘 中英双语 D9 成功
2016-11-01 22:14:02 Info 更新[523372064626]正版王菲全新歌曲cd专辑音乐碟片 汽车载CD光盘流行歌曲黑胶唱片 成功
2016-11-01 22:14:02 Info 更新[531421874672]2016全新正版杨丽萍广场舞dvd 东方红 中老年健身操DVD光盘碟片 成功
2016-11-01 22:14:02 Info 更新[531365792000]正版杨丽萍广场舞dvd 来吧姑娘 中老年减肥健身操DVD教材光盘碟片 成功
2016-11-01 22:14:02 Info 更新[526204939234]学瑜伽背景音乐轻音乐 休闲功能音乐正版瑜伽音乐高清DVD光盘碟片 成功
2016-11-01 22:14:06 Info 更新[533976424080]正版 海底总动员 DVD9 迪士尼儿童中英文双语动画电影DVD光盘碟片 成功
2016-11-01 22:14:08 Info 更新[540838650410]汽车载CD流行音乐光盘2017酒吧劲爆中文DJ歌曲无损黑胶碟片 成功
2016-11-01 22:14:08 Info 更新[43934596515]蓝天东方斯卡拉歌剧院现场至尊娱乐搞笑高清DVD视频光盘碟片包邮 成功
2016-11-01 22:14:18 Info TmallTask_T1-解析关键字:图书音像 完成
2016-11-01 22:14:18 Info TmallTask_T1-正在解析关键字:母婴
2016-11-01 22:14:34 Info 更新[39851410015]Aardman 妈咪包多功能大容量双肩包妈妈包母婴包孕妇婴儿外出背包 成功
2016-11-01 22:14:34 Info 更新[528383050045]乐刻 妈咪包双肩 妈妈包母婴多功能大容量宝宝外出包时尚韩版 成功
2016-11-01 22:14:34 Info 更新[20974035356]婴儿衣服纯棉新生儿礼盒套装秋冬婴儿用品刚出生宝宝满月母婴用品 成功
2016-11-01 22:14:34 Info 更新[538540939721]babycare多功能大容量妈咪包 时尚双肩妈妈包孕妇外出背包母婴包 成功
2016-11-01 22:14:34 Info 更新[18789870140]三美婴妈咪包多功能大容量双肩妈妈包母婴包外出背包时尚妈咪包 成功
2016-11-01 22:14:34 Info 更新[521058096028]童泰 新生儿礼盒婴儿礼盒纯棉婴儿衣服大全套装礼包满月母婴用品 成功
2016-11-01 22:14:34 Info 更新[522168416910]音乐婴儿礼盒套装新生儿礼物刚出生宝宝满月送礼母婴用品大全秋冬 成功
2016-11-01 22:14:34 Info 更新[45809164108]恩诺童婴儿奶瓶   宽口径带吸管防摔新生儿宝宝ppsu奶瓶母婴用品 成功
2016-11-01 22:14:34 Info 更新[20506119886]宝德新生儿奶瓶母婴初生婴儿用品大全宝宝防胀气宽口玻璃奶瓶套装 成功
2016-11-01 22:14:34 Info 更新[521267674916]婴儿衣服秋季 新生儿礼盒套装秋冬款 刚出生宝宝满月礼物母婴用品 成功
2016-11-01 22:14:34 Info 更新[531932904793]纯棉婴儿衣服秋冬新生儿礼盒套装刚出生宝宝衣服满月礼物母婴用品 成功
2016-11-01 22:14:34 Info 更新[532559958497]双肩妈咪包多功能大容量 母婴外出包手提包时尚妈妈包婴儿奶瓶包 成功
2016-11-01 22:14:34 Info 更新[522973503582]乐刻 妈咪包多功能大容量双肩妈妈包母婴包 高端婴儿外出双肩背包 成功
2016-11-01 22:14:34 Info 更新[524252389552]婴儿礼盒套装新生儿衣服秋冬纯棉满月母婴用品0-3个月宝宝刚出生 成功
2016-11-01 22:14:34 Info 更新[525811908509]纯棉婴儿衣服新生儿礼盒套装秋季母婴用品冬季初生刚出生满月宝宝 成功
2016-11-01 22:14:34 Info 更新[42037152638]妈咪包多功能大容量待产双肩斜跨孕妇婴儿外出时尚妈妈包母婴包包 成功
2016-11-01 22:14:34 Info 更新[536530089509]Aardman妈咪包多功能大容量双肩包母婴包外出妈妈包婴儿孕妇背包 成功
2016-11-01 22:14:34 Info 更新[520248216724]亚宾 妈咪包双肩 多功能大容量妈妈包孕妇外出背包环保母婴待产包 成功
2016-11-01 22:14:34 Info 更新[44781544249]恩诺童全硅胶奶瓶 宽口径防摔防胀气新生婴儿宝宝储奶瓶母婴用品 成功
2016-11-01 22:14:34 Info 更新[530202550551]佰格丽尊 多功能妈咪包大容量双肩妈妈包待产母婴包孕妇外出背包 成功
2016-11-01 22:14:34 Info 更新[531056583049]婴儿衣服纯棉秋冬新生儿礼盒套装0-3个月满月宝宝彩棉母婴用品 成功
2016-11-01 22:14:34 Info 更新[15842174631]新生儿礼盒套装秋冬婴儿衣服纯棉初生刚出生满月宝宝母婴用品大全 成功
2016-11-01 22:14:34 Info 更新[530538003797]婴儿衣服纯棉新生儿礼盒套装秋季母婴用品初生刚出生满月宝宝礼物 成功
2016-11-01 22:14:34 Info 更新[520532559197]大姐大 妈咪包多功能大容量双肩妈妈包外出母婴包奶粉包时尚背包 成功
2016-11-01 22:14:34 Info 更新[35508811803]亲亲我新生婴儿PPSU感温奶瓶宽口塑料防摔宝宝带吸管手柄母婴用品 成功
2016-11-01 22:14:34 Info 更新[523855736565]新生儿礼盒棉服纯棉婴儿衣服套装初生满月宝宝棉衣母婴用品秋冬季 成功
2016-11-01 22:14:34 Info 更新[42833474086]佰格丽尊 妈咪包多功能斜跨 妈妈包大容量孕妇包母婴外出包袋套装 成功
2016-11-01 22:14:34 Info 更新[41989036065]婴儿衣服纯棉秋冬季新生儿礼盒套装0-3个月满月宝宝初生母婴用品 成功
2016-11-01 22:14:34 Info 更新[539958932010]北极绒新生儿纯棉内衣礼盒套装秋冬母婴用品刚出生婴儿满月宝宝装 成功
2016-11-01 22:14:34 Info 更新[529439720369]婴儿衣服纯棉新生儿礼盒套装母婴用品秋冬刚出生婴儿用品满月礼盒 成功
2016-11-01 22:14:34 Info 更新[534213850569]多米小熊母婴用品初生婴儿奶瓶玻璃新生儿带吸管奶瓶宝宝送礼套装 成功
2016-11-01 22:14:34 Info 更新[529062727070]新生儿礼盒套装 婴儿衣服秋冬0-3个月纯棉满月刚出生宝宝母婴用品 成功
2016-11-01 22:14:34 Info 更新[528005343898]爱得利奶瓶新生儿奶瓶宝宝宽口径ppsu婴儿奶瓶带手柄吸管母婴用品 成功
2016-11-01 22:14:35 Info 更新[528690079413]EOODOO婴儿衣服秋装新生儿套装礼盒母婴宝宝秋冬套装满月礼物礼品 成功
2016-11-01 22:14:35 Info 更新[536244076105]新生儿礼盒婴儿衣服纯棉套装秋季0-3个月刚出生宝宝冬季母婴用品 成功
2016-11-01 22:14:35 Info 更新[534051413518]三美婴妈咪包双肩多功能大容量婴儿母婴包妈妈包时尚外出孕妇背包 成功
2016-11-01 22:14:35 Info 更新[532804176163]婴儿礼盒新生儿纯棉衣服套装秋冬季0-3个月满月宝宝初生母婴用品 成功
2016-11-01 22:14:35 Info 更新[522760551188]婴儿衣服纯棉秋季新生儿礼盒套装春秋初出生宝宝满月礼盒母婴用品 成功
2016-11-01 22:14:35 Info 更新[520552126945]新生儿礼盒套装秋冬季婴儿衣服0-3个月纯棉初生满月宝宝母婴用品 成功
2016-11-01 22:14:35 Info 更新[533105341334]多功能大容量妈咪包 双肩斜挎妈妈包袋母婴背包时尚外出孕妇包 成功
2016-11-01 22:14:35 Info 更新[41752229372]兰多 韩版双肩背包妈咪包多功能收纳包外出包母婴包 成功
2016-11-01 22:14:35 Info 更新[524180817519]初生婴儿衣服 新生儿满月礼盒套装 宝宝刚出生母婴用品秋冬礼包 成功
2016-11-01 22:14:35 Info 更新[530473080215]长命富贵婴儿礼盒套装新生儿衣服满月宝宝纯棉套装秋冬季母婴用品 成功
2016-11-01 22:14:35 Info 更新[532639652000]纯棉婴儿衣服新生儿礼盒套装秋季0-3个月冬季刚出生宝宝母婴用品 成功
2016-11-01 22:14:35 Info 更新[526985771512]婴儿衣服纯棉新生儿礼盒套装秋冬季0-3个月6宝宝满月彩棉母婴用品 成功
2016-11-01 22:14:35 Info 更新[40125503798]秋冬四季新生儿婴儿衣服礼盒宝宝套装礼盒满月礼刚初出生母婴用品 成功
2016-11-01 22:14:35 Info 更新[45324351543]婴儿衣服纯棉新生儿礼盒套装秋季母婴用品秋冬初生刚出生宝宝满月 成功
2016-11-01 22:14:35 Info 更新[531651362846]美国Skip Hop妈咪包多功能大容量隨身双肩包妈妈包外出母婴包 成功
2016-11-01 22:14:35 Info 更新[531476202749]兰多 纯色双肩背大容量妈咪包双肩背包妈咪袋母婴包多功能妈咪包 成功
2016-11-01 22:14:35 Info 更新[521332575574]v-coool妈咪包双肩包背包大容量妈妈包多功能母婴包外出包孕妇包 成功
2016-11-01 22:14:35 Info 更新[40284551150]婴儿衣服新生儿礼盒套装秋冬季纯棉宝宝棉衣婴儿棉服满月母婴用品 成功
2016-11-01 22:14:35 Info 更新[45886377367]loveis 妈咪包双肩多功能大容量妈妈包母婴包孕妇外出包待产背包 成功
2016-11-01 22:14:35 Info 更新[535006196712]亚宾 双肩妈咪包多功能妈妈包大容量母婴包孕妇婴儿外出背包环保 成功
2016-11-01 22:14:35 Info 更新[42253682547]婴儿礼盒纯棉新生儿衣服春秋冬季宝宝套装母婴用品刚出生满月送礼 成功
2016-11-01 22:14:35 Info 更新[44682570779]三美婴妈咪包多功能大容量双肩妈妈时尚手提外出母婴孕妇待产背包 成功
2016-11-01 22:14:53 Info 更新[539756843426]婴儿衣服纯棉新生儿礼盒套装0-3个月秋冬季满月初生宝宝母婴用品 成功
2016-11-01 22:14:53 Info 更新[532185534857]秋冬新生儿初出生宝宝婴儿满月礼盒礼物礼品送礼母婴纯棉衣服套装 成功
2016-11-01 22:14:53 Info 更新[531970087421]V-Coool双肩妈咪包多功能大容量母婴包时尚妈咪出行包孕妇婴儿包 成功
2016-11-01 22:14:53 Info 更新[44937759703]恩诺童新生儿奶瓶 宽口防胀气奶瓶塑料PPSU婴儿宝宝防摔母婴用品 成功
2016-11-01 22:14:53 Info 更新[538237123984]千趣会MAMA孕产妇绗缝妈咪包两件套双肩母婴外出大容量背包194875 成功
2016-11-01 22:14:54 Info 更新[521188023902]婴儿衣服纯棉新生儿礼盒春秋冬季初生满月母婴用品刚出生宝宝套装 成功
2016-11-01 22:14:54 Info 更新[44019256251]彩棉婴儿衣服新生儿礼盒套装纯棉初生宝宝母婴用品满月礼物秋冬季 成功
2016-11-01 22:14:54 Info 更新[537671699562]婴儿衣服纯棉新生儿礼盒套装0-3个月秋冬季6初生宝宝满月母婴用品 成功
2016-11-01 22:14:54 Info 更新[535472458407]婴儿衣服纯棉新生儿礼盒套装秋冬季刚出生宝宝满月礼盒母婴用品 成功
2016-11-01 22:14:54 Info 更新[45507418797]蓝馨儿妈咪包双肩外出包妈妈包多功能双肩包母婴包多功能大背包 成功
2016-11-01 22:14:54 Info 更新[529787878143]海恩时尚妈咪包双肩大容量多功能妈妈外出包母婴包婴儿孕妇待产包 成功
2016-11-01 22:14:54 Info 更新[36435405883]TU面包机妈咪包外出双肩包手提妈妈包时尚孕妇母婴包多功能大容量 成功
2016-11-01 22:14:54 Info 更新[531424946882]婴儿衣服纯棉套装新生儿礼盒秋冬男女宝宝有机棉母婴用品满月礼物 成功
2016-11-01 22:14:54 Info 更新[19776929859]芳姿妈咪包双肩包背包大容量妈妈包多功能母婴包外出包孕妇包 成功
2016-11-01 22:14:54 Info 更新[38948609524]婴儿礼盒新生儿衣服0-3个月纯棉母婴用品大全初生宝宝套装秋冬季 成功
2016-11-01 22:14:54 Info 更新[35055128995]TU蜗牛包妈咪包手提双肩包多功能大容量母婴包外出妈妈包时尚斜跨 成功
2016-11-01 22:14:54 Info 更新[520076721017]三美婴妈咪包多功能大容量斜挎妈咪包妈妈包时尚母婴包外出防水包 成功
2016-11-01 22:14:54 Info 更新[15635893830]papa有机棉秋季婴儿礼盒母婴用品新生儿礼品衣服套装宝宝满月礼物 成功
2016-11-01 22:14:54 Info 更新[18920790330]0-3个月纯棉新生宝宝婴儿礼盒衣服套装母婴用品春秋夏季满月礼物 成功
2016-11-01 22:14:54 Info 更新[534034510509]纯棉婴儿衣服新生儿礼盒套装秋季冬季0-3个月刚出生宝宝母婴用品 成功
2016-11-01 22:14:54 Info 更新[14844155316]小不点母婴儿硅胶奶瓶宽口径带吸管手柄防摔宝宝储奶瓶新生儿用品 成功
2016-11-01 22:14:54 Info 更新[531970777020]婴儿衣服新生儿礼盒套装纯棉初生婴幼儿满月宝宝用品秋冬母婴用品 成功
2016-11-01 22:14:54 Info 更新[538153703997]好孩子内衣棉套装 秋冬款 新生儿满月礼盒彩棉 宝宝衣服母婴用品 成功
2016-11-01 22:14:54 Info 更新[536757193410]婴儿衣服套装纯棉新生儿礼盒秋冬母婴用品初生刚出生宝宝满月礼物 成功
2016-11-01 22:14:54 Info 更新[528919711223]婴儿衣服纯棉新生儿套装秋季母婴用品秋冬刚出生0宝宝3月初生冬季 成功
2016-11-01 22:14:54 Info 更新[520850694747]恩诺童小蘑菇玻璃奶瓶   婴儿奶瓶宝宝新生儿防胀气幼儿母婴用品 成功
2016-11-01 22:14:54 Info 更新[538303816355]Aardman 多功能妈咪包大容量双肩包妈妈包母婴包孕妇婴儿外出背包 成功
2016-11-01 22:14:54 Info 更新[521493269306]新生儿礼盒棉服纯棉婴儿衣服套装初生满月宝宝棉衣母婴用品秋冬季 成功
2016-11-01 22:14:55 Info 更新[531954677068]leke/乐刻 妈咪包双肩 多功能大容量母婴包外出妈妈包 奶粉奶瓶包 成功
2016-11-01 22:14:55 Info 更新[523788850352]婴儿礼盒秋冬新生儿衣服纯棉0-3个月纯棉刚出生宝宝套装母婴用品 成功
2016-11-01 22:14:55 Info 更新[520525848447]Aardman 妈咪包多功能大容量妈咪包双肩妈妈包母婴包外出斜挎背包 成功
2016-11-01 22:14:55 Info 更新[529453555092]乐刻 妈咪包多功能大容量双肩妈妈包母婴包防水奶瓶外出双肩包 成功
2016-11-01 22:14:55 Info 更新[41869752823]佰格丽尊 妈咪包双肩包 背包多功能大容量母婴包外出妈妈包待产包 成功
2016-11-01 22:14:55 Info 更新[533939052332]恩诺童婴儿奶瓶 宽口径防摔新生儿宝宝ppsu奶瓶母婴用品套装 成功
2016-11-01 22:14:55 Info 更新[41987948715]婴儿衣服秋冬纯棉新生儿礼盒套装初生母婴用品大全满月刚出生宝宝 成功
2016-11-01 22:14:55 Info 更新[536742977296]佰格丽尊 中号妈咪包  单肩包妈妈外出包孕妇包母婴包 购物袋防水 成功
2016-11-01 22:14:55 Info 更新[523774874978]新生儿礼盒棉服纯棉婴儿衣服套装初生满月宝宝棉衣母婴用品秋冬季 成功
2016-11-01 22:14:55 Info 更新[537303987790]婴儿衣服新生儿礼盒套装秋冬季纯棉宝宝棉衣初生满月礼盒母婴用品 成功
2016-11-01 22:14:55 Info 更新[45671387889]三美婴妈咪包多功能大容量斜跨待产包孕妇包外出包妈妈包母婴包 成功
2016-11-01 22:14:55 Info 更新[522935373241]mafabebe纯棉秋冬四季婴儿新生儿宝宝礼盒母婴用品衣服套装满月礼 成功
2016-11-01 22:14:55 Info 更新[533058599519]纯棉婴儿衣服新生儿礼盒套装秋冬母婴用品刚出生满月宝宝婴儿用品 成功
2016-11-01 22:14:55 Info 更新[520673531944]TU全棉时代妈咪包多功能大容量母婴包外出妈妈包时尚韩版单肩包 成功
2016-11-01 22:14:55 Info 更新[35717617630]三美婴妈咪包多功能大容量双肩妈妈包斜跨手提背包防水外出母婴包 成功
2016-11-01 22:14:55 Info 更新[540338711517]新生儿衣服婴儿礼盒套装秋季0-3月纯棉6冬季刚出生初生 母婴用品 成功
2016-11-01 22:14:55 Info 更新[531108067575]婴儿衣服纯棉新生儿礼盒套装春夏婴儿用品刚出生宝宝满月母婴用品 成功
2016-11-01 22:14:55 Info 更新[534232247277]三美婴妈咪包多功能大容量妈咪包双肩妈妈包外出背包时尚母婴包 成功
2016-11-01 22:14:55 Info 更新[18446558002]婴儿用品衣服母婴新生儿礼盒装纯棉套装满月初生儿刚出生宝宝秋季 成功
2016-11-01 22:14:55 Info 更新[526995241816]韩版多功能大容量妈妈包妈咪包袋双肩母婴背包宝宝孕妇外出出行包 成功
2016-11-01 22:14:55 Info 更新[45459763515]咪奇熊 新生儿礼盒婴儿衣服纯棉套装宝宝初生满月周岁母婴用品 成功
2016-11-01 22:14:55 Info 更新[520021373157]loveis 妈咪包双肩 多功能大容量妈妈包母婴包外出待产包 奶爸包 成功
2016-11-01 22:14:55 Info 更新[524895678642]【红孩子母婴】贝亲自然实感宽口径玻璃奶瓶160ml AA72 成功
2016-11-01 22:14:55 Info 更新[535748295974]婧麒婴儿衣服新生儿礼盒母婴用品套装纯棉刚出生满月宝宝衣服秋季 成功
2016-11-01 22:14:55 Info 更新[45375689912]婴儿衣服春秋0-3个月新生儿礼盒套装秋冬满月宝宝套装母婴用品 成功
2016-11-01 22:14:55 Info 更新[530774791216]bobo乐儿宝新生儿奶瓶宝宝宽口径ppsu婴儿奶瓶防摔80ml母婴用品 成功
2016-11-01 22:14:55 Info 更新[537597974760]新生儿礼盒套装秋冬婴儿衣服纯棉刚出生初生宝宝满月礼物母婴用品 成功
2016-11-01 22:15:21 Info 更新[526327321746]童泰婴儿衣服春夏秋冬婴儿礼盒新生儿满月礼品多件套母婴 大礼包 成功
2016-11-01 22:15:21 Info 更新[539973369105]婴儿衣服纯棉新生儿礼盒套装0-3个月秋冬季6初生宝宝满月母婴用品 成功
2016-11-01 22:15:21 Info 更新[534658488448]乐孕妈咪包多功能大容量双肩妈妈包母婴包孕妇婴儿包斜挎背包外出 成功
2016-11-01 22:15:21 Info 更新[45790089633]妈咪包多功能大容量妈妈包母婴包双肩包婴儿外出包孕妇出行包背包 成功
2016-11-01 22:15:21 Info 更新[532053433164]bobo乐儿宝新生儿奶瓶宝宝宽口径ppsu婴儿奶瓶带手柄吸管母婴用品 成功
2016-11-01 22:15:21 Info 更新[42012905829]himibaby妈咪包多功能时尚双肩妈妈包母婴宝宝外出大容量斜跨待产 成功
2016-11-01 22:15:21 Info 更新[43499278001]恩诺童全硅胶奶瓶婴儿宝宝宽口径奶瓶防摔防胀气儿童储奶母婴用品 成功
2016-11-01 22:15:21 Info 更新[534353942409]V-Coool新款反光多功能妈咪包待产母婴包大容量时尚户外双肩背包 成功
2016-11-01 22:15:21 Info 更新[18203931667]纯棉新生儿衣服初生婴儿礼盒套装秋季刚出生宝宝满月礼物母婴用品 成功
2016-11-01 22:15:21 Info 更新[522939272084]秋冬超厚宝宝婴儿新生儿礼盒棉袄棉衣礼盒满月礼物母婴儿用品套装 成功
2016-11-01 22:15:21 Info 更新[532930161675]V-coool韩版时尚多功能双肩妈咪包 轻便大容量外出手提母婴妈妈包 成功
2016-11-01 22:15:21 Info 更新[45057980201]纯棉新生儿礼盒套装婴儿衣服初生刚出生宝宝秋冬婴儿礼盒母婴用品 成功
2016-11-01 22:15:21 Info 更新[521482707016]佳韵宝妈妈包母婴包妈咪包多功能大容量外出包斜挎时尚单肩妈咪包 成功
2016-11-01 22:15:21 Info 更新[536889263942]好孩子婴儿尿布纱布纯棉礼盒10条装 宝宝全面透气尿布片母婴用品 成功
2016-11-01 22:15:21 Info 更新[529684793292]婴儿衣服纯棉新生儿礼盒套装母婴用品秋季初生刚出生宝宝满月礼盒 成功
2016-11-01 22:15:21 Info 更新[522783377706]婴儿衣服新生儿礼盒秋季彩棉套装春秋母婴用品刚出生宝宝满月礼盒 成功
2016-11-01 22:15:21 Info 更新[38391265687]dacco 三洋妈咪包多功能大容量妈妈包斜挎外出母婴包孕妇必备用品 成功
2016-11-01 22:15:21 Info 更新[42928536971]多功能双肩大容量妈咪包袋斜跨孕妇母婴待产包妈妈包环保外出女包 成功
2016-11-01 22:15:21 Info 更新[531574501688]婴儿衣服纯棉新生儿礼盒套装秋季冬季 0-3个月刚出生宝宝母婴用品 成功
2016-11-01 22:15:21 Info 更新[534118630787]童泰婴儿衣服纯棉新生儿礼盒套装母婴用品初生刚出生宝宝满月礼盒 成功
2016-11-01 22:15:21 Info 更新[529177752123]新生儿礼盒套装春秋婴儿衣服冬季纯棉刚出生宝宝满月礼包母婴用品 成功
2016-11-01 22:15:21 Info 更新[528932604724]婴儿衣服冬季纯棉新生儿礼盒套装秋季初生宝宝刚出生母婴用品大全 成功
2016-11-01 22:15:21 Info 更新[45194842720]小不点负离子宽口径玻璃奶瓶防胀气新生儿宝宝吸管奶瓶母婴儿用品 成功
2016-11-01 22:15:21 Info 更新[528631522493]贝贝怡妈咪包大容量多功能妈妈背包时尚待产外出母婴包女161Y033 成功
2016-11-01 22:15:21 Info 更新[43835277110]好孩子宽口径握把吸管PPSU奶瓶新生儿宝宝带手柄吸管母婴用品 成功
2016-11-01 22:15:21 Info 更新[21796379755]kiddyears妈咪包大容量多功能妈妈包时尚斜跨孕妇待产包母婴包袋 成功
2016-11-01 22:15:21 Info 更新[38984728674]妈咪包/多功能大容量女背包/母婴包/婴儿孕妇外出包待产包/斜跨包 成功
2016-11-01 22:15:21 Info 更新[537203667002]班杰威尔秋冬婴儿衣服新生儿礼盒纯棉初生满月宝宝套装母婴用品 成功
2016-11-01 22:15:21 Info 更新[526430864208]婴儿衣服纯棉新生儿礼盒套装0-3个月满月宝宝秋冬季初生母婴用品 成功
2016-11-01 22:15:21 Info 更新[25349440272]Dreambaby 大容量多功能妈咪包外出斜挎包 时尚妈妈包母婴包孕妇 成功
2016-11-01 22:15:21 Info 更新[539961308515]婴儿衣服秋季新生儿礼盒套装0-3个月刚出生满月宝宝纯棉母婴用品 成功
2016-11-01 22:15:21 Info 更新[16647050685]PIYOPIYO 新生儿套装婴儿哺乳母婴用品宝宝奶瓶礼盒八件组 330135 成功
2016-11-01 22:15:21 Info 更新[19385842301]亚宾 妈咪包多功能 大容量妈妈包时尚斜挎包孕妇待产母婴包袋 成功
2016-11-01 22:15:22 Info 更新[41218377909]兰多 妈咪包 大容量 斜跨妈妈包 多功能孕妇包 母婴环保待产包 成功
2016-11-01 22:15:22 Info 更新[538903563368]IMATCHA 婴儿出门妈咪包双肩奶粉包斜跨多功能大容量时尚母婴包 成功
2016-11-01 22:15:22 Info 更新[537478093801]婴儿衣服纯棉新生儿礼盒套装秋冬母婴用品刚出生初生婴儿礼盒用品 成功
2016-11-01 22:15:22 Info 更新[42599766323]aqpa 有机彩棉秋冬婴儿礼盒 新生儿衣服套装宝宝满月礼物母婴用品 成功
2016-11-01 22:15:22 Info 更新[18337752605]多功能时尚妈咪包袋妈妈包大容量斜跨双肩背待产母婴出行背包 成功
2016-11-01 22:15:22 Info 更新[537844307493]V-coool双肩妈咪包多功能大容量妈妈包外出背包待产母婴包 成功
2016-11-01 22:15:22 Info 更新[534321752452]婴儿衣服纯棉秋季新生儿礼盒套装彩棉初生儿满月宝宝礼物母婴用品 成功
2016-11-01 22:15:22 Info 更新[44166392381]纯棉新生儿衣服春秋夏季装彩棉婴儿礼盒初生满月宝宝母婴用品套装 成功
2016-11-01 22:15:22 Info 更新[43561102182]妈咪包双肩背包多功能大容量母婴包待产孕妇宝宝外出妈妈包袋时尚 成功
2016-11-01 22:15:22 Info 更新[44297805549]长命富贵新生儿礼盒套装纯棉婴儿衣服秋冬季宝宝满月礼物母婴用品 成功
2016-11-01 22:15:23 Info 更新[534329644615]V-Cooo妈咪包背奶包多功能大容量双肩母婴包妈咪出行包孕妇婴儿包 成功
2016-11-01 22:15:26 Info 更新[532684165775]迪士尼婴儿出行包妈咪包多功能大容量双肩母婴包外出背包妈妈包 成功
2016-11-01 22:15:27 Info 更新[42926036867]新款韩版妈咪包多功能双肩大容量妈妈背包袋母婴外出包待产妈咪包 成功
2016-11-01 22:16:06 Info TmallTask_T1_开始
2016-11-01 22:16:07 Info TmallTask_T1-正在解析关键字:母婴
