2016-11-07 22:08:11 Info TaoBaoTask_鞋靴1_开始
2016-11-07 22:09:12 Info TaoBaoTask_鞋靴1-正在解析关键字:毛衣_16
2016-11-07 22:10:35 Info TaoBaoTask_鞋靴1_开始
2016-11-07 22:10:42 Info TaoBaoTask_鞋靴1-正在解析关键字:毛衣_16
2016-11-07 22:11:14 Info TaoBaoTask_鞋靴1_开始
2016-11-07 22:11:17 Info TaoBaoTask_鞋靴1-正在解析关键字:毛衣_16
2016-11-07 22:13:06 Info 更新[540109555360]DTU圆领针织套头毛衣 成功
2016-11-07 22:13:22 Info 更新[540122316873]【LS定制】独家 暖心黄 毛衣Mix清纯蕾丝裙20号AM10点全款上架 成功
2016-11-07 22:13:25 Info 更新[536483501472]2016秋冬新款简约打底衫女复古黑白条纹系带喇叭袖宽松套头针织衫 成功
2016-11-07 22:13:32 Info 更新[537988827598]2016秋装新款韩版女装半高领宽松袖口系带蝴蝶结短款百搭针织衫 成功
2016-11-07 22:13:33 Info 更新[540250469118]无印良品代购女装美丽奴羊毛缆绳花纹毛衣
（38161745） 成功
2016-11-07 22:13:33 Info 更新[538910086999]2016年秋季新款韩版女休闲套头针织衫毛衣中长款女！
均码多色 成功
2016-11-07 22:13:37 Info 更新[528596814729]现货 淑女屋 专柜正品代购2016春款SYC05绣花针织套头衫
590 成功
2016-11-07 22:13:39 Info 更新[540239990548]高领打底衫女长袖秋冬季毛衣女装薄款大码2016修身羊毛衫百搭上衣 成功
2016-11-07 22:13:40 Info 更新[539852837110]毛衣女套头秋冬季百搭韩版宽松短款加厚打底羊绒衫长袖针织衫女装 成功
2016-11-07 22:13:45 Info 更新[540637221136]双面穿针织开衫女冬装外搭加厚蝙蝠衫中长款羊毛毛衣流苏披肩外套 成功
2016-11-07 22:13:46 Info 更新[539865620815]冬季新款女士羊毛衫弹力修身长袖羊绒衫套头毛衣加厚打底衫女上衣 成功
2016-11-07 22:13:46 Info 更新[539805452169]毛衣女秋冬中长款宽松加厚羊毛衫长袖打底毛衣裙针织衫毛衣女套头 成功
2016-11-07 22:13:49 Info 更新[540250129558]高领毛衣女秋冬套头100%纯羊绒衫短款打底衫宽松韩版春秋季羊毛衫 成功
2016-11-07 22:13:52 Info 更新[540595882406]秋冬套头厚毛衣女宽松针织大码连衣裙韩版中长款羊毛羊绒打底衫潮 成功
2016-11-07 22:13:53 Info 更新[43088179074]天天特价秋冬装大码女装中长款高领毛衣针织衫修身套头包臀打底衫 成功
2016-11-07 22:13:58 Info 更新[541039351275]AILISI埃莉丝6810 16冬新款韩版修身百搭高领毛针织打底衫女上衣 成功
2016-11-07 22:14:04 Info 更新[540632084789]诗凡黎2016冬季新款韩版套头高领针织毛衣连衣裙女3161038394421 成功
2016-11-07 22:14:05 Info 更新[522981791161]加厚皮袖打底衫羽绒棉袖针织衫配皮草修身兔毛袖套头毛衣女秋冬 成功
2016-11-07 22:14:06 Info 更新[527288193182]秋冬新款纯色一字肩修身复古针织百搭露肩性感短款毛衣打底衫 成功
2016-11-07 22:14:06 Info 更新[541014242550]毛衣女秋冬季套头长袖圆领针织衫韩版宽松大码打底衫纯色学生女装 成功
2016-11-07 22:14:10 Info 更新[540248147294]双皇冠信誉正品专柜代购 百家好 2016冬款针织衫 HQKT720R 598 成功
2016-11-07 22:14:12 Info 更新[538508508813]秋冬韩版白色兔毛半高领宽松针织衫中长款长袖毛衣女套头外套加厚 成功
2016-11-07 22:14:17 Info 更新[541021612643]前短后长学院风大翻领粗毛线毛衣女套头学生加厚中长款针织衫秋冬 成功
2016-11-07 22:14:17 Info 更新[538767093946]秋冬半高领毛衣女套头韩版紧身加厚修身黑白色打底衫女长袖针织衫 成功
2016-11-07 22:14:22 Info 更新[538788777949]代购43折 2015秋卡洛琳专柜正品  H6403119针织衫1580 成功
2016-11-07 22:14:23 Info 更新[540466650365]小谷粒秋冬新款2016韩版修身显瘦花边领套头毛衣女高领针织打底衫 成功
2016-11-07 22:14:24 Info 更新[20099676030]半高领女装款加大码黑色长袖t恤针织打底衫秋冬中领3XXXL纯棉毛衣 成功
2016-11-07 22:14:24 Info 更新[539066858471]谜底正品代购冬季新品民族感羊毛开衫毛衣外套女54MZ2278 成功
2016-11-07 22:14:29 Info 更新[539122017476]大七秋冬新款韩版套头毛衣宽松百搭显瘦条纹撞色针织衫厚款羊毛潮 成功
2016-11-07 22:14:30 Info 更新[538302012451]秋冬新款纯羊绒衫女V领套头毛衣修身显瘦短款纯色简约针织打底衫 成功
2016-11-07 22:14:30 Info 更新[539122593436]SQ正品SWEET QUEEN韩版秋冬季时尚V领长袖系带套头针织衫毛衣女装 成功
2016-11-07 22:14:31 Info 更新[537488540585]2016秋冬新款女士外穿毛衣针织衫大码套头圆领卡通娃娃图案打底衫 成功
2016-11-07 22:14:36 Info 更新[526557302820]毛衣背心马甲女韩国秋兔毛钉珠V领侧开叉宽松套头针织中长款 成功
2016-11-07 22:14:37 Info 更新[540991376059]2016秋冬新款女装潮百搭韩版宽松加厚高领毛衣女套头中长款超显瘦 成功
2016-11-07 22:14:43 Info 更新[37665673806]秋冬翻领紧身针织衫女套头娃娃领长袖修身薄款百搭显瘦打底毛衣秋 成功
2016-11-07 22:14:43 Info 更新[541038647595]秋冬季羊绒长裙女连衣裙韩版修身打底毛衣包臀过膝针织大码羊绒衫 成功
2016-11-07 22:14:43 Info 更新[540638117965]2016秋冬女装新款圆领套头针织衫 韩版时尚短款修身打底毛衣女厚 成功
2016-11-07 22:14:44 Info 更新[539534464803]包邮！UGIZ专柜正品代购16冬款针织衫UDWZ591A-788 成功
2016-11-07 22:14:44 Info 更新[540247573324]2016冬季新款韩版破洞混羊毛圆领长袖毛衣多色 孔雀蓝 成功
2016-11-07 22:14:50 Info 更新[540243820192]KG!左公斤！下摆不甘寂寞开了一条叉的圆领毛衣1114 成功
2016-11-07 22:14:50 Info 更新[540637529896]2016冬季新款韩版宽松显瘦套头黑白菱形格子圆领毛衣针织衫女 成功
2016-11-07 22:14:51 Info 更新[540613871396]2016秋冬新款女装长袖羊毛衣套头修身韩版提花打底针织衫圆领上衣 成功
2016-11-07 22:14:51 Info 更新[540188216610]2016冬装新款灯笼袖蝙蝠针织衫宽松套头大毛衣潮流女装秋冬季白色 成功
2016-11-07 22:14:52 Info 更新[524353728215]韩国代购2016秋季半高领长袖针织衫女修身紧身套头毛衣中领打底衫 成功
2016-11-07 22:14:57 Info 更新[538991021183]韩版甜美刺绣毛衣女款百搭衣服女秋装2016潮新款冬季学生针织上衣 成功
2016-11-07 22:14:58 Info 更新[537682567294]谜底 针织衫 63MZ1642 也许孤独 569元 专柜正品2016秋装秋款上衣 成功
2016-11-07 22:15:01 Info 更新[539534972183]奥芝国 2色 柔软顺滑貂绒 钉珠+镂空 圆领落肩袖毛衣 成功
2016-11-07 22:15:02 Info 更新[541011222556]东大门女装代购16秋冬新款高圆圆明星同款豹纹毛衣套头加厚打底衫 成功
2016-11-07 22:15:02 Info 更新[524398672800]百搭纯棉中长款宽松针织衫简约高领打底衫显瘦毛针织衫女2016秋冬 成功
2016-11-07 22:15:04 Info 更新[538170944826]【林珊珊】期待很久的韩国彩色毛衣 超级重工全手工针织！ 成功
2016-11-07 22:15:05 Info 更新[539530985127]BasicHouse百家好专柜正品代购2016冬新款毛衣针织衫HQKT720G-698 成功
2016-11-07 22:15:06 Info 更新[540641782028]胖mm加肥加大码女装200斤打底毛衣秋冬5XL宽松中长款圆领羊绒衫女 成功
2016-11-07 22:15:07 Info 更新[538789857684]毛衣女套头宽松韩版秋冬季中长款圆领纯色羊毛长袖大码针织打底衫 成功
2016-11-07 22:15:20 Info 更新[536014852443]杨幂同款针织衫卡通小熊图案长袖中长款秋季开衫宽松V领毛衣外套 成功
2016-11-07 22:15:21 Info 更新[538125449422]2016秋装新款韩版特大码女装200斤胖mm显瘦百搭卫衣外套V领开衫 成功
2016-11-07 22:15:22 Info 更新[540567769609]韩国秋冬季外穿格子显瘦套头撞色长袖流苏边毛衣针织衫女3m3e410 成功
2016-11-07 22:15:22 Info 更新[540186050672]Sea to sky专柜正品代购2016冬款新品针织衫 FLMM46O407【498】 成功
2016-11-07 22:15:28 Info 更新[538016608503]欧洲站薄针织衫透视羊毛衫半高领中袖纯色毛衣打底衫秋装新款女装 成功
2016-11-07 22:15:28 Info 更新[535607236682]新款短款针织衫女士秋装长袖小外搭开衫宽松百搭毛衣外套2016秋季 成功
2016-11-07 22:15:29 Info 更新[537217988239]欧美秋冬超长羊绒开衫女宽松过膝针织衫中长款毛衣加厚外套大衣潮 成功
