2016-12-12 22:49:04 Info TmallTask_T3_开始
2016-12-12 22:49:10 Info TmallTask_T3-正在解析关键字:女装
2016-12-12 22:50:15 Info TmallTask_T3_开始
2016-12-12 22:50:21 Info TmallTask_T3-正在解析关键字:女装
2016-12-12 22:51:04 Info TmallTask_T3-正在解析关键字:内衣
2016-12-12 22:51:12 Info TmallTask_T3-正在解析关键字:男装
2016-12-12 22:51:30 Info TmallTask_T3-正在解析关键字:运动户外
2016-12-12 22:51:44 Info TmallTask_T3-正在解析关键字:女鞋
2016-12-12 22:51:45 Info TmallTask_T3-正在解析关键字:男鞋
2016-12-12 22:51:46 Info TmallTask_T3-正在解析关键字:箱包
2016-12-12 22:51:47 Info TmallTask_T3-正在解析关键字:化妆品
2016-12-12 22:51:47 Info TmallTask_T3-正在解析关键字:个人护理
2016-12-12 22:51:48 Info TmallTask_T3-正在解析关键字:腕表
2016-12-12 22:51:48 Info TmallTask_T3-正在解析关键字:珠宝饰品
2016-12-12 22:51:49 Info TmallTask_T3-正在解析关键字:眼镜
2016-12-12 22:51:49 Info TmallTask_T3-正在解析关键字:手机
2016-12-12 22:51:50 Info TmallTask_T3-正在解析关键字:数码
2016-12-12 22:52:22 Info TmallTask_T3-正在解析关键字:电脑办公
2016-12-12 22:55:15 Info TmallTask_T3_开始
2016-12-12 22:55:16 Info TmallTask_T3-正在解析关键字:女装
2016-12-12 22:59:58 Info TmallTask_T3_开始
2016-12-12 22:59:59 Info TmallTask_T3-正在解析关键字:女装
2016-12-12 23:00:14 Info 更新[535851241883]女装 棉混纺纽花针织衫(长袖) 173601 优衣库UNIQLO 成功
2016-12-12 23:00:14 Info 更新[536416844774]韩都衣舍2016秋季新款韩版宽松连帽长袖加绒套头卫衣女IG6431僥 成功
2016-12-12 23:00:14 Info 更新[537059575454]哥弟女装2016秋冬季新品欧美双面呢羊毛大衣长款外套A400016 成功
2016-12-12 23:00:15 Info 更新[536265299281]【预售】Amii2016秋冬新款加绒加厚外穿黑色打底裤小脚长裤女装 成功
2016-12-12 23:00:15 Info 更新[538517985964]毛衣蝙蝠袖秋冬季宽松针织衫斗篷披肩外套秋季女装秋装2016新款潮 成功
2016-12-12 23:00:15 Info 更新[536721056445]预售太平鸟女装2016秋冬新品宽松半高领插肩袖卫衣女运动套头上衣 成功
2016-12-12 23:00:15 Info 更新[523126663467]姿忆秀加绒棉衣女装中长款2016冬装新款修身外套秋冬季韩版连帽 成功
2016-12-12 23:00:15 Info 更新[537749207741][折扣季849.5元]ONLY冬貉子毛领收腰中长羽绒服女|116312532 成功
2016-12-12 23:00:15 Info 更新[540099136848]冬季外套女装韩版宽松休闲棉袄连帽双排扣加厚保暖棉衣女中长款潮 成功
2016-12-12 23:00:16 Info 更新[538045547427]乐町2016秋冬新款女装潮爱心提花针织衫套头毛衣外套修身打底韩版 成功
2016-12-12 23:00:16 Info 更新[538818564213]2016冬季新款卫衣三件套加厚加绒长袖休闲运动服套装女冬加绒外套 成功
2016-12-12 23:00:16 Info 更新[536749363899]特价七格格 2016秋装新款 纯色V领上衣修身打底衫长袖T恤 女N071 成功
2016-12-12 23:00:16 Info 更新[538824921660]【angelababy】衣品天成 2016冬装新打底衫半高领毛衣女针织衫 成功
2016-12-12 23:00:16 Info 更新[520978586998]茵曼秋装女装小清新文艺范印花纯棉白衬衫女长袖衬衣秋季打底上衣 成功
2016-12-12 23:00:16 Info 更新[520398849307]白衬衫女长袖韩范百搭修身职业装工作服正装打底白色衬衣工装秋冬 成功
2016-12-12 23:00:17 Info 更新[538497685862]12,16聚价374.5元VeroModa新款西装翻领直筒中长款女|316308535 成功
2016-12-12 23:00:17 Info 更新[539350182920]秋装新款2016韩版潮中长款长袖T恤女装秋冬季加绒加厚打底衫上衣 成功
2016-12-12 23:00:17 Info 更新[538579622762]秋装女装中长款大码针织衫套头长袖假两件宽松毛衣女秋冬显瘦外套 成功
