2016-10-29 11:33:30 Info T1_开始
2016-10-29 11:33:30 Info T1-正在解析关键字:姣涜。
2016-10-29 11:35:53 Info T1_开始
2016-10-29 11:35:53 Info T1-正在解析关键字:毛衣
2016-10-29 11:50:16 Info T1_开始
2016-10-29 11:50:16 Info T1-正在解析关键字:毛衣
2016-10-29 12:01:16 Info T1_开始
2016-10-29 12:01:16 Info T1-正在解析关键字:毛衣
2016-10-29 12:16:06 Info T1_开始
2016-10-29 12:16:06 Info T1-正在解析关键字:毛衣
2016-10-29 12:29:28 Info T1_开始
2016-10-29 12:29:28 Info T1-正在解析关键字:毛衣
2016-10-29 12:30:03 Info T1_开始
2016-10-29 12:30:03 Info T1-正在解析关键字:毛衣
2016-10-29 12:30:32 Info T1_开始
2016-10-29 12:30:32 Info T1-正在解析关键字:毛衣
2016-10-29 12:30:54 Info T1_开始
2016-10-29 12:30:54 Info T1-正在解析关键字:毛衣
2016-10-29 12:31:10 Info T1_开始
2016-10-29 12:31:11 Info T1-正在解析关键字:毛衣
2016-10-29 12:33:05 Info T1_开始
2016-10-29 12:33:05 Info T1-正在解析关键字:毛衣
2016-10-29 12:33:52 Info T1_开始
2016-10-29 12:33:52 Info T1-正在解析关键字:毛衣
2016-10-29 12:57:20 Info T1_开始
2016-10-29 12:57:20 Info T1-正在解析关键字:毛衣
2016-10-29 12:57:57 Info T1_开始
2016-10-29 12:57:57 Info T1-正在解析关键字:毛衣
2016-10-29 12:58:25 Info T1_开始
2016-10-29 12:58:25 Info T1-正在解析关键字:毛衣
2016-10-29 16:24:25 Info T1_开始
2016-10-29 16:24:25 Info T1-正在解析关键字:毛衣
2016-10-29 16:55:36 Info T1_开始
2016-10-29 16:55:36 Info T1-正在解析关键字:毛衣
2016-10-29 16:58:53 Info T1_开始
2016-10-29 16:58:53 Info T1-正在解析关键字:毛衣
2016-10-29 17:03:09 Info T1_开始
2016-10-29 17:03:09 Info T1-正在解析关键字:毛衣
2016-10-29 17:03:18 Info 更新[536626204005]Gap男装 经典V领薄款美利奴羊毛衫 针织衫男大码毛衣  241029 M2 成功
2016-10-29 17:03:19 Info 更新[537681472860]男装 圆领毛衣(长袖) 176081 优衣库UNIQLO 成功
2016-10-29 17:03:19 Info 更新[538493718364]GXG男装 冬季新品毛衣男韩版粉色针织衫长袖圆领毛衫男#64820007 成功
2016-10-29 17:03:20 Info 更新[539350350384]无印良品 MUJI 男式 美利奴羊毛圆领毛衣 成功
2016-10-29 18:13:13 Info 大类_开始
2016-10-29 18:13:13 Info 大类-正在解析关键字:女装
2016-10-29 18:13:25 Info 更新[521645721686]黑色小脚裤弹力紧身裤加厚裤子加绒长裤仿牛仔打底裤女外穿秋冬款 成功
2016-10-29 18:13:26 Info 更新[535522048410]牛仔裤女秋季九分裤高腰紧身显瘦小脚裤铅笔裤长裤子大码学生黑色 成功
2016-10-29 18:13:27 Info 更新[537486500300]秋季新款大码女装中长款秋装宽松长袖t恤女打底衫外穿秋衣女上衣 成功
2016-10-29 18:13:27 Info 更新[521312744005]波司登女士秋冬季七彩棉打底裤加绒加厚外穿一体保暖棉裤高腰长裤 成功
2016-10-29 18:13:28 Info 更新[524233473164]纯色卫衣女韩版潮长款大码宽松女装套头卫衣加绒卫衣女长袖连衣裙 成功
2016-10-29 18:13:28 Info 更新[537775160489]镂空针织衫女套头中长款毛衣长袖打底衫2016秋冬季新款女装潮上衣 成功
2016-10-29 18:13:28 Info 更新[536945353561]大码女装秋装新款韩版纯棉竹节棉纯色宽松长袖女恤打底衫圆领上衣 成功
2016-10-29 18:13:29 Info 更新[536416844774]【11-11尖货】韩都衣舍2016秋装韩版宽松加绒套头卫衣女IG6431僥 成功
2016-10-29 18:13:30 Info 更新[538414619390]女装 U羊仔毛圆领针织衫(长袖)(UPJ)182948 优衣库UNIQLO 成功
2016-10-29 18:13:30 Info 更新[536898290450]聚用券直减50元ONLY秋冬新袖口字母长款风衣外套女|116336501 成功
2016-10-29 18:13:30 Info 更新[536099643028]ZARA 女装 刺绣府绸衬衫 06895249044 成功
2016-10-29 18:13:30 Info 更新[538824921660]【angelababy】衣品天成 2016冬装新款纯色打底半高领毛衣女韩版 成功
2016-10-29 18:13:30 Info 更新[537825773007]非双II 七格格2016秋装新款 开衩高腰铅笔裙纯色中长款半身裙X321 成功
2016-10-29 18:13:30 Info 更新[539336360157]高腰黑色皮裤女秋冬加绒加厚长裤子紧身小脚外穿皮打底裤女踩脚裤 成功
2016-10-29 18:13:30 Info 更新[537885704927]秋季针织外套女韩版学生宽松长袖秋冬2016新款毛衣开衫女装中长款 成功
2016-10-29 18:13:30 Info 更新[538893979978]打底衫女装长袖2016新款秋装上衣服冬宽松休闲韩版白色t恤春秋季 成功
2016-10-29 18:13:30 Info 更新[537171805830]唐狮秋冬套头高领短款韩版女毛衣白粉色宽松毛线衣学生针织打底衫 成功
2016-10-29 18:13:30 Info 更新[539566228652]秋比2016秋装新款女装 水洗pu皮衣机车夹克韩版短外套女春秋潮 成功
2016-10-29 18:13:30 Info 更新[534360332185]艾米AMII女装旗舰店针织薄款打底衫 修身套头高领打底毛衣女秋冬 成功
2016-10-29 18:13:30 Info 更新[526276515877]秋季女装高腰牛仔裤女小脚裤黑色新款加绒铅笔裤长裤女裤子2016潮 成功
2016-10-29 18:13:30 Info 更新[538471566239]套头毛衣宽松韩版衣服女装秋装2016新款潮针织衫中长款秋冬季外套 成功
2016-10-29 18:13:30 Info 更新[524407036862]秋款PU皮裤女裤高腰长裤加绒裤打底裤外穿显瘦加厚秋冬款冬季薄款 成功
2016-10-29 18:13:30 Info 更新[523224663516]棉衣2016冬装女装大毛领韩版羊羔毛修身加厚冬季中长款棉服女外套 成功
2016-10-29 18:13:30 Info 更新[537885901251]2016新款秋装女装潮韩版中长款加绒加厚卫衣女连帽宽松开衫外套女 成功
2016-10-29 18:13:30 Info 更新[537409041603]2016秋冬波司登小脚裤加绒加厚一体外穿显瘦大码女棉裤踩脚打底裤 成功
2016-10-29 18:13:30 Info 更新[539639772017]胖mm毛衣套头宽松打底连衣裙加肥加大码女装秋冬200斤胖妹妹冬装 成功
2016-10-29 18:13:30 Info 更新[525181918180]云思木想2016秋冬季女装新款休闲卫衣圆领套头宽松女上衣81533 成功
2016-10-29 18:13:30 Info 更新[534465499362]秋冬季秋款加绒加厚打底裤外穿女士小脚裤保暖裤铅笔紧身女裤子 成功
2016-10-29 18:13:30 Info 更新[538045547427]乐町2016秋冬新款女装潮爱心提花针织衫套头毛衣外套修身打底上衣 成功
2016-10-29 18:13:30 Info 更新[538757852310]艾蓓怡女装秋装2016新款潮高领打底衫女条纹长袖T恤秋冬针织上衣 成功
2016-10-29 18:13:30 Info 更新[538809400352]LRUD秋冬女装2016新款潮韩版套头毛衣女秋装修身长袖打底衫针织衫 成功
2016-10-29 18:13:30 Info 更新[536652132220]2016秋装新款纯色长袖t恤女宽松大码韩版棉打底衫百搭上衣女装潮 成功
2016-10-29 18:13:30 Info 更新[526388710020]秋款弹力加绒打底裤女外穿 黑色九分裤冬裤加厚紧身铅笔小脚裤子 成功
2016-10-29 18:13:30 Info 更新[537994795399]加绒黑色小脚裤弹力加厚大码裤子长裤仿牛仔打底裤女外穿秋冬款 成功
2016-10-29 18:13:30 Info 更新[534129414760]打底裤女外穿加绒黑色女士裤子高腰加厚小脚裤秋冬季长裤铅笔棉裤 成功
2016-10-29 18:13:30 Info 更新[40771336334]秋冬季PU皮裤女加绒加厚外穿薄款仿皮黑色打底裤高腰显瘦紧身小脚 成功
2016-10-29 18:13:30 Info 更新[521756662024]秋装女装宽松白色中长款韩版纯棉秋冬纯色上衣大码T恤长袖打底衫 成功
2016-10-29 18:13:31 Info 更新[536889507306]如奕2016冬季新款时尚西装领连帽羽绒服女中长款加厚双袋大牌廓形 成功
2016-10-29 18:13:31 Info 更新[538818564213]2016冬季新款卫衣三件套加厚加绒长袖休闲运动服运动装女套装秋冬 成功
2016-10-29 18:13:31 Info 更新[43048335869]白衬衫女长袖打底衫韩范棉立方秋装女装潮2016新款上衣修身棉衬衣 成功
2016-10-29 18:13:31 Info 更新[538540413606]s.deer圣迪奥女2016果绿撞色毛衣条纹针织衫S14483520 成功
2016-10-29 18:13:31 Info 更新[537035764794]秋冬季pu皮裤女外穿薄款黑色打底裤高腰加绒加厚小脚裤紧身长裤子 成功
2016-10-29 18:13:31 Info 更新[523143601011]秋冬款黑色哑光皮裤女外穿薄款加绒高腰仿皮打底裤长裤子小脚裤pu 成功
2016-10-29 18:13:31 Info 更新[9324042119]Mapuli外穿打底裤女秋冬季黑色小脚裤紧身铅笔裤高腰大码女裤长裤 成功
2016-10-29 18:13:31 Info 更新[522171151173]秋款加绒仿牛仔打底裤外穿 弹力黑色小脚裤女 加厚铅笔长裤紧身裤 成功
2016-10-29 18:13:31 Info 更新[539141640343]半高领打底毛衣女套头宽松中长款韩版秋冬针织衫条纹加厚毛衣裙潮 成功
2016-10-29 18:13:31 Info 更新[524429614497]秋款打底裤女外穿薄款长裤韩版紧身加绒黑色裤子女小脚裤冬季加厚 成功
2016-10-29 18:13:31 Info 更新[539350182920]秋装新款2016韩版潮中长款长袖T恤女装秋冬季加绒加厚打底衫上衣 成功
2016-10-29 18:13:31 Info 更新[537537147720]冬季加绒加厚蕾丝打底衫长袖保暖上衣服女士秋冬装女装2016新款潮 成功
2016-10-29 18:13:31 Info 更新[536244969419]半布2016秋季针织衫套头女装蝙蝠衫打底韩版春秋休闲中长款毛衣潮 成功
2016-10-29 18:13:31 Info 更新[537597592593]时尚蕾丝镂空长袖中长款女装套头毛衣针织衫秋季新款修身打底衫女 成功
2016-10-29 18:13:31 Info 更新[537223144176]新款秋装女装蝙蝠衫韩版镂空针织衫女套头秋季外套宽松毛衣女秋冬 成功
2016-10-29 18:13:31 Info 更新[39215098472]冬季秋季新款2016高腰牛仔裤女士小脚长裤女裤子加绒女装潮铅笔裤 成功
2016-10-29 18:13:31 Info 更新[537073732349]2016秋冬中长款连帽卫衣女韩版宽松套头衫带帽加绒外套绒衫学生潮 成功
2016-10-29 18:13:35 Info 更新[538347799916]韩国东大门2016大码加绒加厚中长款外套街头宽松抓绒卫衣女长款 成功
2016-10-29 18:13:35 Info 更新[536809511681]毛衣女秋冬短款宽松圆领针织衫女套头打底衫长袖2016韩版新款女装 成功
2016-10-29 18:13:35 Info 更新[535569983088]恒源祥纯羊毛衫女套头 2016秋冬新款半高领针织衫打底修身毛衣女 成功
2016-10-29 18:13:35 Info 更新[538424751937]南极人秋冬款加绒加厚外穿打底裤女裤紧身铅笔小脚裤长裤黑色大码 成功
2016-10-29 18:13:35 Info 更新[524604954621]恒源祥女士羊毛衫秋冬厚款打底衫修身针织衫圆领套头女装毛衣女 成功
2016-10-29 18:13:35 Info 更新[536668208681]艾路丝婷2016秋装新款女装修身百搭圆领绣花长袖打底衫棉T恤3702 成功
2016-10-29 18:13:35 Info 更新[538258826030]阔色2016冬装新款韩版女装原创设计粉色猫咪图案两件套外套预售 成功
2016-10-29 18:13:35 Info 更新[536802323086]冬季高腰加绒加厚牛仔裤女九分裤学生显瘦黑色弹力铅笔小脚长裤子 成功
2016-10-29 18:13:35 Info 更新[538430707680]加绒蕾丝衫打底衫女长袖2016秋冬装新款女装上衣显瘦高领雪纺衫潮 成功
2016-10-29 18:13:35 Info 更新[523842046180]恒源祥秋冬羊毛衫女 2016新款女装韩版套头圆领长袖提花针织衫女 成功
2016-10-29 18:13:35 Info 更新[535591607690]韩版高腰黑色九分喇叭牛仔裤女弹力修身显瘦毛边微喇9分裤女秋款 成功
2016-10-29 18:13:35 Info 更新[527976605361]针织衫假两件女衬衫领中长款秋装2016新款女装宽松套头毛衣外套 成功
2016-10-29 18:13:35 Info 更新[535932725658]2016女装韩版棉衣女中长款女款修身棉袄大码加厚冬季外套反季清仓 成功
2016-10-29 18:13:35 Info 更新[524392764517]新款紧身秋季高腰牛仔裤女士长裤女装2016加绒春秋小脚铅笔女裤潮 成功
2016-10-29 18:13:35 Info 更新[539550655084]韩国羽绒服女中长款大毛领2016冬装新款韩版修身长过膝加厚长款潮 成功
2016-10-29 18:13:35 Info 更新[536799575707]秋款加厚韩国魔术裤 加绒外穿打底裤女 黑色小脚裤紧身裤子长裤 成功
2016-10-29 18:13:35 Info 更新[520978586998]茵曼秋装女装小清新文艺范印花纯棉白衬衫女长袖衬衣秋季打底上衣 成功
2016-10-29 18:13:35 Info 更新[537362431518]浅秋专柜正品2016秋冬新款休闲半高领纯羊毛针织衫套头毛衣女基础 成功
2016-10-29 18:13:35 Info 更新[39506228137]秋冬女衬衫加绒加厚保暖衬衣女长袖磨毛格子大码韩版修身女装包邮 成功
2016-10-29 18:13:35 Info 更新[523365164323]对白 2016冬装新品 纯色半高领套头毛衣 休闲显瘦针织打底衫 女 成功
2016-10-29 18:13:35 Info 更新[536669187683]秋冬针织毛衣开衫小外套女短款百搭春秋长袖刺绣针织衫外搭上衣秋 成功
2016-10-29 18:13:35 Info 更新[525811535217]秋冬装黑色加绒裤女小脚裤高腰打底裤外穿女长裤加厚裤子女大码 成功
2016-10-29 18:13:35 Info 更新[538010189039]秋装新款女装毛衣外套韩版打底衫宽松加厚中长款半高领针织连衣裙 成功
2016-10-29 18:13:35 Info 更新[537323541559]中长款风衣女装2016春秋装新款大码英伦欧美双排扣休闲薄款外套女 成功
2016-10-29 18:13:35 Info 更新[535822210556]臻丽 秋装女新款棉女士打底衫 韩版印花上衣宽松长袖t恤女 中长款 成功
2016-10-29 18:13:35 Info 更新[522022307705]2016秋冬新款女装韩版毛呢连衣裙两件套中长款时尚显瘦套装裙潮 成功
2016-10-29 18:13:35 Info 更新[536698422840]小西装外套女2016秋季新款气质OL百搭西服短款修身职业装上衣女装 成功
2016-10-29 18:13:35 Info 更新[521107514827]排扣高腰牛仔裤女长裤秋季显瘦黑色小脚裤女士修身弹力加绒铅笔裤 成功
2016-10-29 18:13:35 Info 更新[524280599578]秋装新款女装2016中长款秋冬针织衫女宽松韩版毛衣裙套头毛衣外套 成功
2016-10-29 18:13:35 Info 更新[537975256376]无印良品 MUJI 女式 抑制颈部刺痛感高领 成功
2016-10-29 18:13:35 Info 更新[522756199937]米川秋季加绒白衬衫女长袖职业工作正装工装打底衬衣韩范OL女装 成功
2016-10-29 18:13:35 Info 更新[521942217332]秋冬款韩版女装上衣修身显瘦套头假两件针织衫女衬衫领打底衫毛衣 成功
2016-10-29 18:13:35 Info 更新[520833949643]冬大码牛仔裤女胖mm潮长裤女裤子加绒加厚高腰胖妹妹加长加棉带绒 成功
2016-10-29 18:13:35 Info 更新[535836810248]秋冬新款2016大码连帽收腰修身棉衣女中长款韩版女装加厚冬季外套 成功
2016-10-29 18:13:35 Info 更新[537425296713]2016秋冬季新款女装加绒印花长袖t恤宽松上衣纯棉打底衫外穿卫衣 成功
2016-10-29 18:13:35 Info 更新[536489267390]16新款欧美短款圆领宽松加厚羊绒衫女 100%山羊绒针织打底毛衣 成功
2016-10-29 18:13:35 Info 更新[534895946294]2016秋装新款女装中长款长袖t恤女宽松加绒加厚打底衫女秋冬季潮 成功
2016-10-29 18:13:35 Info 更新[537939068871]2016秋装新款修身长袖t恤女士打底衫宽松纯棉条纹百搭上衣女装潮 成功
2016-10-29 18:13:35 Info 更新[521134571257]秋季女装2016新款潮秋冬宽松卫衣韩版打底衫上衣长袖t恤女士衣服 成功
2016-10-29 18:13:35 Info 更新[536958701076]大码女装秋装2016新款潮t恤女宽松加绒打底衫长袖秋冬蝙蝠袖上衣 成功
2016-10-29 18:13:35 Info 更新[537619879870]2016秋装新款女装短外套修身显瘦女西服格子长袖小西装一扣女上衣 成功
2016-10-29 18:13:36 Info 更新[526337229726]秋冬新款女装纯色毛衣女套头韩版圆领短款百搭针织衫上衣打底衫厚 成功
2016-10-29 18:13:36 Info 更新[537463852705]毛衣女套头中长款秋冬季针织连衣裙打底衫长袖女装冬装2016新款潮 成功
2016-10-29 18:13:36 Info 更新[537607889503]秋冬季女装新款高腰牛仔裤女士小脚裤长裤女裤子加绒铅笔裤2016潮 成功
2016-10-29 18:13:36 Info 更新[533332052656]秋装女装2016新款潮中长款长袖t恤女学生宽松卡通印花t恤打底衫 成功
2016-10-29 18:13:36 Info 更新[526972989784]女装秋装2016新款潮V领长袖t恤宽松字母印花打底衫女百搭大码胖mm 成功
2016-10-29 18:13:36 Info 更新[537693018080]三彩2016冬装新品 翻领长款呢大衣纯色毛呢外套女D641115D00 成功
2016-10-29 18:13:36 Info 更新[536768784710]加厚秋冬针织衫套头春秋长袖短款前短后长宽松女开叉毛衣韩版上衣 成功
2016-10-29 18:13:36 Info 更新[523246475687]Secret Box秋冬新款韩版女装文艺简约宽松长袖中长款风衣女外套 成功
2016-10-29 18:13:36 Info 更新[40642534089]波司登秋冬季踩脚加绒加厚打底裤外穿女小脚裤长裤显瘦保暖裤棉裤 成功
2016-10-29 18:13:36 Info 更新[525121028048]多明谱莉2016秋季风衣女装名媛气质修身英伦中长款女士风衣外套女 成功
2016-10-29 18:13:36 Info 更新[536555546007]v领宽松针织打底衫女长袖秋冬装2016新款潮套头毛衣韩版女装上衣 成功
2016-10-29 18:13:36 Info 更新[536213827499]初棉2016秋装新款女装休闲风衣外套女 秋季系带风衣女中长款英伦 成功
2016-10-29 18:13:36 Info 更新[539552847935]七七之缘2016冬装新款女装 深蓝色拉链中长款长袖毛呢大衣外套 成功
2016-10-29 18:13:36 Info 更新[521603284167]玛玛绨2016秋冬季新款韩版套头卫衣短外套宽松印花刺绣上衣女装潮 成功
2016-10-29 20:54:06 Info TmallTask_T1_开始
2016-10-29 20:54:16 Info TmallTask_T1-正在解析关键字:女装
2016-10-29 20:54:34 Info 更新[521645721686]黑色小脚裤弹力紧身裤加厚裤子加绒长裤仿牛仔打底裤女外穿秋冬款 成功
2016-10-29 20:54:45 Info 更新[535522048410]牛仔裤女秋季九分裤高腰紧身显瘦小脚裤铅笔裤长裤子大码学生黑色 成功
2016-10-29 20:54:45 Info 更新[537486500300]秋季新款大码女装中长款秋装宽松长袖t恤女打底衫外穿秋衣女上衣 成功
2016-10-29 20:54:45 Info 更新[521312744005]波司登女士秋冬季七彩棉打底裤加绒加厚外穿一体保暖棉裤高腰长裤 成功
2016-10-29 20:54:45 Info 更新[524233473164]纯色卫衣女韩版潮长款大码宽松女装套头卫衣加绒卫衣女长袖连衣裙 成功
2016-10-29 20:54:45 Info 更新[537775160489]镂空针织衫女套头中长款毛衣长袖打底衫2016秋冬季新款女装潮上衣 成功
2016-10-29 20:54:45 Info 更新[527382931314]图米妃秋冬新品刺绣蕾丝针织衫亮钻套头长袖显瘦高领打底衫毛衣女 成功
2016-10-29 20:54:45 Info 更新[536945353561]大码女装秋装新款韩版纯棉竹节棉纯色宽松长袖女恤打底衫圆领上衣 成功
2016-10-29 20:54:45 Info 更新[536416844774]【11-11尖货】韩都衣舍2016秋装韩版宽松加绒套头卫衣女IG6431僥 成功
2016-10-29 20:54:45 Info 更新[539781506649]女装 仿羊羔绒摇粒绒大衣(长袖) 176640 优衣库UNIQLO 成功
2016-10-29 20:54:46 Info 更新[536898290450]聚用券直减50元ONLY秋冬新袖口字母长款风衣外套女|116336501 成功
2016-10-29 20:54:46 Info 更新[536099643028]ZARA 女装 刺绣府绸衬衫 06895249044 成功
2016-10-29 20:54:46 Info 更新[538824921660]【angelababy】衣品天成 2016冬装新款纯色打底半高领毛衣女韩版 成功
2016-10-29 20:54:46 Info 更新[537825773007]非双II 七格格2016秋装新款 开衩高腰铅笔裙纯色中长款半身裙X321 成功
2016-10-29 20:54:46 Info 更新[539336360157]高腰黑色皮裤女秋冬加绒加厚长裤子紧身小脚外穿皮打底裤女踩脚裤 成功
2016-10-29 20:54:46 Info 更新[537885704927]秋季针织外套女韩版学生宽松长袖秋冬2016新款毛衣开衫女装中长款 成功
2016-10-29 20:54:46 Info 更新[538893979978]打底衫女装长袖2016新款秋装上衣服冬宽松休闲韩版白色t恤春秋季 成功
2016-10-29 20:54:46 Info 更新[537171805830]唐狮秋冬套头高领短款韩版女毛衣白粉色宽松毛线衣学生针织打底衫 成功
2016-10-29 20:54:47 Info 更新[539566228652]秋比2016秋装新款女装 水洗pu皮衣机车夹克韩版短外套女春秋潮 成功
2016-10-29 20:54:47 Info 更新[534360332185]艾米AMII女装旗舰店针织薄款打底衫 修身套头高领打底毛衣女秋冬 成功
2016-10-29 20:54:47 Info 更新[526276515877]秋季女装高腰牛仔裤女小脚裤黑色新款加绒铅笔裤长裤女裤子2016潮 成功
2016-10-29 20:54:47 Info 更新[538471566239]套头毛衣宽松韩版衣服女装秋装2016新款潮针织衫中长款秋冬季外套 成功
2016-10-29 20:54:47 Info 更新[524407036862]秋款PU皮裤女裤高腰长裤加绒裤打底裤外穿显瘦加厚秋冬款冬季薄款 成功
2016-10-29 20:54:47 Info 更新[523224663516]棉衣2016冬装女装大毛领韩版羊羔毛修身加厚冬季中长款棉服女外套 成功
2016-10-29 20:54:47 Info 更新[537885901251]2016新款秋装女装潮韩版中长款加绒加厚卫衣女连帽宽松开衫外套女 成功
2016-10-29 20:54:47 Info 更新[537409041603]2016秋冬波司登小脚裤加绒加厚一体外穿显瘦大码女棉裤踩脚打底裤 成功
2016-10-29 20:54:47 Info 更新[539639772017]胖mm毛衣套头宽松打底连衣裙加肥加大码女装秋冬200斤胖妹妹冬装 成功
2016-10-29 20:54:47 Info 更新[525181918180]云思木想2016秋冬季女装新款休闲卫衣圆领套头宽松女上衣81533 成功
2016-10-29 20:54:47 Info 更新[534465499362]秋冬季秋款加绒加厚打底裤外穿女士小脚裤保暖裤铅笔紧身女裤子 成功
2016-10-29 20:54:49 Info 更新[538045547427]乐町2016秋冬新款女装潮爱心提花针织衫套头毛衣外套修身打底上衣 成功
2016-10-29 20:54:50 Info 更新[538757852310]艾蓓怡女装秋装2016新款潮高领打底衫女条纹长袖T恤秋冬针织上衣 成功
2016-10-29 20:54:51 Info 更新[538809400352]LRUD秋冬女装2016新款潮韩版套头毛衣女秋装修身长袖打底衫针织衫 成功
2016-10-29 20:54:51 Info 更新[536652132220]2016秋装新款纯色长袖t恤女宽松大码韩版棉打底衫百搭上衣女装潮 成功
2016-10-29 20:54:52 Info 更新[526388710020]秋款弹力加绒打底裤女外穿 黑色九分裤冬裤加厚紧身铅笔小脚裤子 成功
2016-10-29 20:54:52 Info 更新[537994795399]加绒黑色小脚裤弹力加厚大码裤子长裤仿牛仔打底裤女外穿秋冬款 成功
2016-10-29 20:54:52 Info 更新[534129414760]打底裤女外穿加绒黑色女士裤子高腰加厚小脚裤秋冬季长裤铅笔棉裤 成功
2016-10-29 20:54:52 Info 更新[40771336334]秋冬季PU皮裤女加绒加厚外穿薄款仿皮黑色打底裤高腰显瘦紧身小脚 成功
2016-10-29 20:54:52 Info 更新[521756662024]秋装女装宽松白色中长款韩版纯棉秋冬纯色上衣大码T恤长袖打底衫 成功
2016-10-29 20:54:52 Info 更新[536889507306]如奕2016冬季新款时尚西装领连帽羽绒服女中长款加厚双袋大牌廓形 成功
2016-10-29 20:54:53 Info 更新[538818564213]2016冬季新款卫衣三件套加厚加绒长袖休闲运动服运动装女套装秋冬 成功
2016-10-29 20:54:53 Info 更新[43048335869]白衬衫女长袖打底衫韩范棉立方秋装女装潮2016新款上衣修身棉衬衣 成功
2016-10-29 20:54:53 Info 更新[538540413606]s.deer圣迪奥女2016果绿撞色毛衣条纹针织衫S14483520 成功
2016-10-29 20:54:53 Info 更新[537035764794]秋冬季pu皮裤女外穿薄款黑色打底裤高腰加绒加厚小脚裤紧身长裤子 成功
2016-10-29 20:54:53 Info 更新[523143601011]秋冬款黑色哑光皮裤女外穿薄款加绒高腰仿皮打底裤长裤子小脚裤pu 成功
2016-10-29 20:54:53 Info 更新[9324042119]Mapuli外穿打底裤女秋冬季黑色小脚裤紧身铅笔裤高腰大码女裤长裤 成功
2016-10-29 20:54:54 Info 更新[522171151173]秋款加绒仿牛仔打底裤外穿 弹力黑色小脚裤女 加厚铅笔长裤紧身裤 成功
2016-10-29 20:54:54 Info 更新[539141640343]半高领打底毛衣女套头宽松中长款韩版秋冬针织衫条纹加厚毛衣裙潮 成功
2016-10-29 20:54:54 Info 更新[524429614497]秋款打底裤女外穿薄款长裤韩版紧身加绒黑色裤子女小脚裤冬季加厚 成功
2016-10-29 20:54:54 Info 更新[539350182920]秋装新款2016韩版潮中长款长袖T恤女装秋冬季加绒加厚打底衫上衣 成功
2016-10-29 20:54:54 Info 更新[537537147720]冬季加绒加厚蕾丝打底衫长袖保暖上衣服女士秋冬装女装2016新款潮 成功
2016-10-29 20:54:54 Info 更新[536244969419]半布2016秋季针织衫套头女装蝙蝠衫打底韩版春秋休闲中长款毛衣潮 成功
2016-10-29 20:54:54 Info 更新[537597592593]时尚蕾丝镂空长袖中长款女装套头毛衣针织衫秋季新款修身打底衫女 成功
2016-10-29 20:54:54 Info 更新[537223144176]新款秋装女装蝙蝠衫韩版镂空针织衫女套头秋季外套宽松毛衣女秋冬 成功
2016-10-29 20:54:54 Info 更新[39215098472]冬季秋季新款2016高腰牛仔裤女士小脚长裤女裤子加绒女装潮铅笔裤 成功
2016-10-29 20:56:41 Info TmallTask_T1_开始
2016-10-29 20:57:18 Info TmallTask_T1-正在解析关键字:女装
2016-10-29 20:57:36 Info 更新[521645721686]黑色小脚裤弹力紧身裤加厚裤子加绒长裤仿牛仔打底裤女外穿秋冬款 成功
2016-10-29 20:57:36 Info 更新[535522048410]牛仔裤女秋季九分裤高腰紧身显瘦小脚裤铅笔裤长裤子大码学生黑色 成功
2016-10-29 20:57:36 Info 更新[537486500300]秋季新款大码女装中长款秋装宽松长袖t恤女打底衫外穿秋衣女上衣 成功
2016-10-29 20:57:36 Info 更新[521312744005]波司登女士秋冬季七彩棉打底裤加绒加厚外穿一体保暖棉裤高腰长裤 成功
2016-10-29 20:57:39 Info 更新[524233473164]纯色卫衣女韩版潮长款大码宽松女装套头卫衣加绒卫衣女长袖连衣裙 成功
2016-10-29 20:57:39 Info 更新[537775160489]镂空针织衫女套头中长款毛衣长袖打底衫2016秋冬季新款女装潮上衣 成功
2016-10-29 20:57:39 Info 更新[527382931314]图米妃秋冬新品刺绣蕾丝针织衫亮钻套头长袖显瘦高领打底衫毛衣女 成功
2016-10-29 20:57:40 Info 更新[536945353561]大码女装秋装新款韩版纯棉竹节棉纯色宽松长袖女恤打底衫圆领上衣 成功
2016-10-29 20:57:40 Info 更新[536416844774]【11-11尖货】韩都衣舍2016秋装韩版宽松加绒套头卫衣女IG6431僥 成功
2016-10-29 20:57:40 Info 更新[539781506649]女装 仿羊羔绒摇粒绒大衣(长袖) 176640 优衣库UNIQLO 成功
2016-10-29 20:57:40 Info 更新[536898290450]聚用券直减50元ONLY秋冬新袖口字母长款风衣外套女|116336501 成功
2016-10-29 20:57:40 Info 更新[536099643028]ZARA 女装 刺绣府绸衬衫 06895249044 成功
2016-10-29 20:57:40 Info 更新[538824921660]【angelababy】衣品天成 2016冬装新款纯色打底半高领毛衣女韩版 成功
2016-10-29 20:57:41 Info 更新[537825773007]非双II 七格格2016秋装新款 开衩高腰铅笔裙纯色中长款半身裙X321 成功
2016-10-29 20:57:41 Info 更新[539336360157]高腰黑色皮裤女秋冬加绒加厚长裤子紧身小脚外穿皮打底裤女踩脚裤 成功
2016-10-29 20:57:41 Info 更新[537885704927]秋季针织外套女韩版学生宽松长袖秋冬2016新款毛衣开衫女装中长款 成功
2016-10-29 20:57:41 Info 更新[538893979978]打底衫女装长袖2016新款秋装上衣服冬宽松休闲韩版白色t恤春秋季 成功
2016-10-29 20:57:41 Info 更新[537171805830]唐狮秋冬套头高领短款韩版女毛衣白粉色宽松毛线衣学生针织打底衫 成功
2016-10-29 20:57:41 Info 更新[539566228652]秋比2016秋装新款女装 水洗pu皮衣机车夹克韩版短外套女春秋潮 成功
2016-10-29 20:57:42 Info 更新[534360332185]艾米AMII女装旗舰店针织薄款打底衫 修身套头高领打底毛衣女秋冬 成功
2016-10-29 20:57:42 Info 更新[526276515877]秋季女装高腰牛仔裤女小脚裤黑色新款加绒铅笔裤长裤女裤子2016潮 成功
2016-10-29 20:57:42 Info 更新[538471566239]套头毛衣宽松韩版衣服女装秋装2016新款潮针织衫中长款秋冬季外套 成功
2016-10-29 20:57:42 Info 更新[524407036862]秋款PU皮裤女裤高腰长裤加绒裤打底裤外穿显瘦加厚秋冬款冬季薄款 成功
2016-10-29 20:57:42 Info 更新[523224663516]棉衣2016冬装女装大毛领韩版羊羔毛修身加厚冬季中长款棉服女外套 成功
2016-10-29 20:57:42 Info 更新[537885901251]2016新款秋装女装潮韩版中长款加绒加厚卫衣女连帽宽松开衫外套女 成功
2016-10-29 20:57:43 Info 更新[537409041603]2016秋冬波司登小脚裤加绒加厚一体外穿显瘦大码女棉裤踩脚打底裤 成功
2016-10-29 20:57:43 Info 更新[539639772017]胖mm毛衣套头宽松打底连衣裙加肥加大码女装秋冬200斤胖妹妹冬装 成功
2016-10-29 20:57:43 Info 更新[525181918180]云思木想2016秋冬季女装新款休闲卫衣圆领套头宽松女上衣81533 成功
2016-10-29 20:57:43 Info 更新[534465499362]秋冬季秋款加绒加厚打底裤外穿女士小脚裤保暖裤铅笔紧身女裤子 成功
2016-10-29 20:57:43 Info 更新[538045547427]乐町2016秋冬新款女装潮爱心提花针织衫套头毛衣外套修身打底上衣 成功
2016-10-29 20:57:43 Info 更新[538757852310]艾蓓怡女装秋装2016新款潮高领打底衫女条纹长袖T恤秋冬针织上衣 成功
2016-10-29 20:57:43 Info 更新[538809400352]LRUD秋冬女装2016新款潮韩版套头毛衣女秋装修身长袖打底衫针织衫 成功
2016-10-29 20:57:43 Info 更新[536652132220]2016秋装新款纯色长袖t恤女宽松大码韩版棉打底衫百搭上衣女装潮 成功
2016-10-29 20:57:43 Info 更新[526388710020]秋款弹力加绒打底裤女外穿 黑色九分裤冬裤加厚紧身铅笔小脚裤子 成功
2016-10-29 21:00:40 Info TmallTask_T1_开始
2016-10-29 21:01:04 Info TmallTask_T1-正在解析关键字:女装
2016-10-29 21:01:15 Info 更新[521645721686]黑色小脚裤弹力紧身裤加厚裤子加绒长裤仿牛仔打底裤女外穿秋冬款 成功
2016-10-29 21:01:19 Info 更新[535522048410]牛仔裤女秋季九分裤高腰紧身显瘦小脚裤铅笔裤长裤子大码学生黑色 成功
2016-10-29 21:01:19 Info 更新[537486500300]秋季新款大码女装中长款秋装宽松长袖t恤女打底衫外穿秋衣女上衣 成功
2016-10-29 21:01:19 Info 更新[521312744005]波司登女士秋冬季七彩棉打底裤加绒加厚外穿一体保暖棉裤高腰长裤 成功
2016-10-29 21:01:19 Info 更新[524233473164]纯色卫衣女韩版潮长款大码宽松女装套头卫衣加绒卫衣女长袖连衣裙 成功
2016-10-29 21:01:20 Info 更新[537775160489]镂空针织衫女套头中长款毛衣长袖打底衫2016秋冬季新款女装潮上衣 成功
2016-10-29 21:01:20 Info 更新[527382931314]图米妃秋冬新品刺绣蕾丝针织衫亮钻套头长袖显瘦高领打底衫毛衣女 成功
2016-10-29 21:01:21 Info 更新[536945353561]大码女装秋装新款韩版纯棉竹节棉纯色宽松长袖女恤打底衫圆领上衣 成功
2016-10-29 21:01:21 Info 更新[536416844774]【11-11尖货】韩都衣舍2016秋装韩版宽松加绒套头卫衣女IG6431僥 成功
2016-10-29 21:01:21 Info 更新[539781506649]女装 仿羊羔绒摇粒绒大衣(长袖) 176640 优衣库UNIQLO 成功
2016-10-29 21:01:21 Info 更新[536898290450]聚用券直减50元ONLY秋冬新袖口字母长款风衣外套女|116336501 成功
2016-10-29 21:01:21 Info 更新[536099643028]ZARA 女装 刺绣府绸衬衫 06895249044 成功
2016-10-29 21:01:21 Info 更新[538824921660]【angelababy】衣品天成 2016冬装新款纯色打底半高领毛衣女韩版 成功
2016-10-29 21:01:21 Info 更新[537825773007]非双II 七格格2016秋装新款 开衩高腰铅笔裙纯色中长款半身裙X321 成功
2016-10-29 21:01:21 Info 更新[539336360157]高腰黑色皮裤女秋冬加绒加厚长裤子紧身小脚外穿皮打底裤女踩脚裤 成功
2016-10-29 21:01:21 Info 更新[537885704927]秋季针织外套女韩版学生宽松长袖秋冬2016新款毛衣开衫女装中长款 成功
2016-10-29 21:01:21 Info 更新[538893979978]打底衫女装长袖2016新款秋装上衣服冬宽松休闲韩版白色t恤春秋季 成功
2016-10-29 21:01:21 Info 更新[537171805830]唐狮秋冬套头高领短款韩版女毛衣白粉色宽松毛线衣学生针织打底衫 成功
2016-10-29 21:01:21 Info 更新[539566228652]秋比2016秋装新款女装 水洗pu皮衣机车夹克韩版短外套女春秋潮 成功
2016-10-29 21:01:21 Info 更新[534360332185]艾米AMII女装旗舰店针织薄款打底衫 修身套头高领打底毛衣女秋冬 成功
2016-10-29 21:01:21 Info 更新[526276515877]秋季女装高腰牛仔裤女小脚裤黑色新款加绒铅笔裤长裤女裤子2016潮 成功
2016-10-29 21:01:21 Info 更新[538471566239]套头毛衣宽松韩版衣服女装秋装2016新款潮针织衫中长款秋冬季外套 成功
2016-10-29 21:01:21 Info 更新[524407036862]秋款PU皮裤女裤高腰长裤加绒裤打底裤外穿显瘦加厚秋冬款冬季薄款 成功
2016-10-29 21:01:21 Info 更新[523224663516]棉衣2016冬装女装大毛领韩版羊羔毛修身加厚冬季中长款棉服女外套 成功
2016-10-29 21:01:21 Info 更新[537885901251]2016新款秋装女装潮韩版中长款加绒加厚卫衣女连帽宽松开衫外套女 成功
2016-10-29 21:01:21 Info 更新[537409041603]2016秋冬波司登小脚裤加绒加厚一体外穿显瘦大码女棉裤踩脚打底裤 成功
2016-10-29 21:01:22 Info 更新[539639772017]胖mm毛衣套头宽松打底连衣裙加肥加大码女装秋冬200斤胖妹妹冬装 成功
2016-10-29 21:01:22 Info 更新[525181918180]云思木想2016秋冬季女装新款休闲卫衣圆领套头宽松女上衣81533 成功
2016-10-29 21:01:22 Info 更新[534465499362]秋冬季秋款加绒加厚打底裤外穿女士小脚裤保暖裤铅笔紧身女裤子 成功
2016-10-29 21:01:22 Info 更新[538045547427]乐町2016秋冬新款女装潮爱心提花针织衫套头毛衣外套修身打底上衣 成功
2016-10-29 21:01:22 Info 更新[538757852310]艾蓓怡女装秋装2016新款潮高领打底衫女条纹长袖T恤秋冬针织上衣 成功
2016-10-29 21:01:22 Info 更新[538809400352]LRUD秋冬女装2016新款潮韩版套头毛衣女秋装修身长袖打底衫针织衫 成功
2016-10-29 21:01:22 Info 更新[536652132220]2016秋装新款纯色长袖t恤女宽松大码韩版棉打底衫百搭上衣女装潮 成功
2016-10-29 21:01:22 Info 更新[526388710020]秋款弹力加绒打底裤女外穿 黑色九分裤冬裤加厚紧身铅笔小脚裤子 成功
2016-10-29 21:01:22 Info 更新[537994795399]加绒黑色小脚裤弹力加厚大码裤子长裤仿牛仔打底裤女外穿秋冬款 成功
2016-10-29 21:01:22 Info 更新[534129414760]打底裤女外穿加绒黑色女士裤子高腰加厚小脚裤秋冬季长裤铅笔棉裤 成功
2016-10-29 21:01:22 Info 更新[40771336334]秋冬季PU皮裤女加绒加厚外穿薄款仿皮黑色打底裤高腰显瘦紧身小脚 成功
2016-10-29 21:01:23 Info 更新[521756662024]秋装女装宽松白色中长款韩版纯棉秋冬纯色上衣大码T恤长袖打底衫 成功
2016-10-29 21:01:23 Info 更新[536889507306]如奕2016冬季新款时尚西装领连帽羽绒服女中长款加厚双袋大牌廓形 成功
2016-10-29 21:01:23 Info 更新[538818564213]2016冬季新款卫衣三件套加厚加绒长袖休闲运动服运动装女套装秋冬 成功
2016-10-29 21:01:23 Info 更新[43048335869]白衬衫女长袖打底衫韩范棉立方秋装女装潮2016新款上衣修身棉衬衣 成功
2016-10-29 21:01:23 Info 更新[538540413606]s.deer圣迪奥女2016果绿撞色毛衣条纹针织衫S14483520 成功
2016-10-29 21:01:23 Info 更新[537035764794]秋冬季pu皮裤女外穿薄款黑色打底裤高腰加绒加厚小脚裤紧身长裤子 成功
2016-10-29 21:01:24 Info 更新[523143601011]秋冬款黑色哑光皮裤女外穿薄款加绒高腰仿皮打底裤长裤子小脚裤pu 成功
2016-10-29 21:01:24 Info 更新[9324042119]Mapuli外穿打底裤女秋冬季黑色小脚裤紧身铅笔裤高腰大码女裤长裤 成功
2016-10-29 21:01:24 Info 更新[522171151173]秋款加绒仿牛仔打底裤外穿 弹力黑色小脚裤女 加厚铅笔长裤紧身裤 成功
2016-10-29 21:01:24 Info 更新[539141640343]半高领打底毛衣女套头宽松中长款韩版秋冬针织衫条纹加厚毛衣裙潮 成功
2016-10-29 21:01:24 Info 更新[524429614497]秋款打底裤女外穿薄款长裤韩版紧身加绒黑色裤子女小脚裤冬季加厚 成功
2016-10-29 21:01:24 Info 更新[539350182920]秋装新款2016韩版潮中长款长袖T恤女装秋冬季加绒加厚打底衫上衣 成功
2016-10-29 21:01:24 Info 更新[537537147720]冬季加绒加厚蕾丝打底衫长袖保暖上衣服女士秋冬装女装2016新款潮 成功
2016-10-29 21:01:24 Info 更新[536244969419]半布2016秋季针织衫套头女装蝙蝠衫打底韩版春秋休闲中长款毛衣潮 成功
2016-10-29 21:01:24 Info 更新[537597592593]时尚蕾丝镂空长袖中长款女装套头毛衣针织衫秋季新款修身打底衫女 成功
2016-10-29 21:01:25 Info 更新[537223144176]新款秋装女装蝙蝠衫韩版镂空针织衫女套头秋季外套宽松毛衣女秋冬 成功
2016-10-29 21:01:25 Info 更新[39215098472]冬季秋季新款2016高腰牛仔裤女士小脚长裤女裤子加绒女装潮铅笔裤 成功
2016-10-29 21:06:17 Info TmallTask_T1_开始
2016-10-29 21:06:22 Info TmallTask_T1-正在解析关键字:女装
2016-10-29 21:07:45 Info TmallTask_T1_开始
2016-10-29 21:07:50 Info TmallTask_T1-正在解析关键字:女装
2016-10-29 21:07:54 Info 更新[521645721686]黑色小脚裤弹力紧身裤加厚裤子加绒长裤仿牛仔打底裤女外穿秋冬款 成功
2016-10-29 21:07:54 Info 更新[535522048410]牛仔裤女秋季九分裤高腰紧身显瘦小脚裤铅笔裤长裤子大码学生黑色 成功
2016-10-29 21:07:55 Info 更新[537486500300]秋季新款大码女装中长款秋装宽松长袖t恤女打底衫外穿秋衣女上衣 成功
2016-10-29 21:07:55 Info 更新[521312744005]波司登女士秋冬季七彩棉打底裤加绒加厚外穿一体保暖棉裤高腰长裤 成功
2016-10-29 21:07:55 Info 更新[524233473164]纯色卫衣女韩版潮长款大码宽松女装套头卫衣加绒卫衣女长袖连衣裙 成功
2016-10-29 21:07:55 Info 更新[537775160489]镂空针织衫女套头中长款毛衣长袖打底衫2016秋冬季新款女装潮上衣 成功
2016-10-29 21:07:55 Info 更新[527382931314]图米妃秋冬新品刺绣蕾丝针织衫亮钻套头长袖显瘦高领打底衫毛衣女 成功
2016-10-29 21:07:55 Info 更新[536945353561]大码女装秋装新款韩版纯棉竹节棉纯色宽松长袖女恤打底衫圆领上衣 成功
2016-10-29 21:07:56 Info 更新[536416844774]【11-11尖货】韩都衣舍2016秋装韩版宽松加绒套头卫衣女IG6431僥 成功
2016-10-29 21:07:56 Info 更新[539781506649]女装 仿羊羔绒摇粒绒大衣(长袖) 176640 优衣库UNIQLO 成功
2016-10-29 21:07:56 Info 更新[536898290450]聚用券直减50元ONLY秋冬新袖口字母长款风衣外套女|116336501 成功
2016-10-29 21:07:56 Info 更新[536099643028]ZARA 女装 刺绣府绸衬衫 06895249044 成功
2016-10-29 21:07:56 Info 更新[538824921660]【angelababy】衣品天成 2016冬装新款纯色打底半高领毛衣女韩版 成功
2016-10-29 21:07:56 Info 更新[537825773007]非双II 七格格2016秋装新款 开衩高腰铅笔裙纯色中长款半身裙X321 成功
2016-10-29 21:07:56 Info 更新[539336360157]高腰黑色皮裤女秋冬加绒加厚长裤子紧身小脚外穿皮打底裤女踩脚裤 成功
2016-10-29 21:07:57 Info 更新[537885704927]秋季针织外套女韩版学生宽松长袖秋冬2016新款毛衣开衫女装中长款 成功
2016-10-29 21:07:57 Info 更新[538893979978]打底衫女装长袖2016新款秋装上衣服冬宽松休闲韩版白色t恤春秋季 成功
2016-10-29 21:07:57 Info 更新[537171805830]唐狮秋冬套头高领短款韩版女毛衣白粉色宽松毛线衣学生针织打底衫 成功
2016-10-29 21:07:57 Info 更新[539566228652]秋比2016秋装新款女装 水洗pu皮衣机车夹克韩版短外套女春秋潮 成功
2016-10-29 21:07:57 Info 更新[534360332185]艾米AMII女装旗舰店针织薄款打底衫 修身套头高领打底毛衣女秋冬 成功
2016-10-29 21:07:57 Info 更新[526276515877]秋季女装高腰牛仔裤女小脚裤黑色新款加绒铅笔裤长裤女裤子2016潮 成功
2016-10-29 21:07:58 Info 更新[538471566239]套头毛衣宽松韩版衣服女装秋装2016新款潮针织衫中长款秋冬季外套 成功
2016-10-29 21:07:58 Info 更新[524407036862]秋款PU皮裤女裤高腰长裤加绒裤打底裤外穿显瘦加厚秋冬款冬季薄款 成功
2016-10-29 21:07:58 Info 更新[523224663516]棉衣2016冬装女装大毛领韩版羊羔毛修身加厚冬季中长款棉服女外套 成功
2016-10-29 21:07:58 Info 更新[537885901251]2016新款秋装女装潮韩版中长款加绒加厚卫衣女连帽宽松开衫外套女 成功
2016-10-29 21:07:58 Info 更新[537409041603]2016秋冬波司登小脚裤加绒加厚一体外穿显瘦大码女棉裤踩脚打底裤 成功
2016-10-29 21:07:58 Info 更新[539639772017]胖mm毛衣套头宽松打底连衣裙加肥加大码女装秋冬200斤胖妹妹冬装 成功
2016-10-29 21:07:58 Info 更新[525181918180]云思木想2016秋冬季女装新款休闲卫衣圆领套头宽松女上衣81533 成功
2016-10-29 21:07:58 Info 更新[534465499362]秋冬季秋款加绒加厚打底裤外穿女士小脚裤保暖裤铅笔紧身女裤子 成功
2016-10-29 21:07:58 Info 更新[538045547427]乐町2016秋冬新款女装潮爱心提花针织衫套头毛衣外套修身打底上衣 成功
2016-10-29 21:07:58 Info 更新[538757852310]艾蓓怡女装秋装2016新款潮高领打底衫女条纹长袖T恤秋冬针织上衣 成功
2016-10-29 21:07:59 Info 更新[538809400352]LRUD秋冬女装2016新款潮韩版套头毛衣女秋装修身长袖打底衫针织衫 成功
2016-10-29 21:07:59 Info 更新[536652132220]2016秋装新款纯色长袖t恤女宽松大码韩版棉打底衫百搭上衣女装潮 成功
2016-10-29 21:07:59 Info 更新[526388710020]秋款弹力加绒打底裤女外穿 黑色九分裤冬裤加厚紧身铅笔小脚裤子 成功
2016-10-29 21:07:59 Info 更新[537994795399]加绒黑色小脚裤弹力加厚大码裤子长裤仿牛仔打底裤女外穿秋冬款 成功
2016-10-29 21:07:59 Info 更新[534129414760]打底裤女外穿加绒黑色女士裤子高腰加厚小脚裤秋冬季长裤铅笔棉裤 成功
2016-10-29 21:07:59 Info 更新[40771336334]秋冬季PU皮裤女加绒加厚外穿薄款仿皮黑色打底裤高腰显瘦紧身小脚 成功
2016-10-29 21:07:59 Info 更新[521756662024]秋装女装宽松白色中长款韩版纯棉秋冬纯色上衣大码T恤长袖打底衫 成功
2016-10-29 21:08:00 Info 更新[536889507306]如奕2016冬季新款时尚西装领连帽羽绒服女中长款加厚双袋大牌廓形 成功
2016-10-29 21:08:00 Info 更新[538818564213]2016冬季新款卫衣三件套加厚加绒长袖休闲运动服运动装女套装秋冬 成功
2016-10-29 21:08:00 Info 更新[43048335869]白衬衫女长袖打底衫韩范棉立方秋装女装潮2016新款上衣修身棉衬衣 成功
2016-10-29 21:08:00 Info 更新[538540413606]s.deer圣迪奥女2016果绿撞色毛衣条纹针织衫S14483520 成功
2016-10-29 21:08:00 Info 更新[537035764794]秋冬季pu皮裤女外穿薄款黑色打底裤高腰加绒加厚小脚裤紧身长裤子 成功
2016-10-29 21:08:00 Info 更新[523143601011]秋冬款黑色哑光皮裤女外穿薄款加绒高腰仿皮打底裤长裤子小脚裤pu 成功
2016-10-29 21:08:00 Info 更新[9324042119]Mapuli外穿打底裤女秋冬季黑色小脚裤紧身铅笔裤高腰大码女裤长裤 成功
2016-10-29 21:08:00 Info 更新[522171151173]秋款加绒仿牛仔打底裤外穿 弹力黑色小脚裤女 加厚铅笔长裤紧身裤 成功
2016-10-29 21:08:00 Info 更新[539141640343]半高领打底毛衣女套头宽松中长款韩版秋冬针织衫条纹加厚毛衣裙潮 成功
2016-10-29 21:08:00 Info 更新[524429614497]秋款打底裤女外穿薄款长裤韩版紧身加绒黑色裤子女小脚裤冬季加厚 成功
2016-10-29 21:08:00 Info 更新[539350182920]秋装新款2016韩版潮中长款长袖T恤女装秋冬季加绒加厚打底衫上衣 成功
2016-10-29 21:08:00 Info 更新[537537147720]冬季加绒加厚蕾丝打底衫长袖保暖上衣服女士秋冬装女装2016新款潮 成功
2016-10-29 21:08:00 Info 更新[536244969419]半布2016秋季针织衫套头女装蝙蝠衫打底韩版春秋休闲中长款毛衣潮 成功
2016-10-29 21:08:00 Info 更新[537597592593]时尚蕾丝镂空长袖中长款女装套头毛衣针织衫秋季新款修身打底衫女 成功
2016-10-29 21:08:00 Info 更新[537223144176]新款秋装女装蝙蝠衫韩版镂空针织衫女套头秋季外套宽松毛衣女秋冬 成功
2016-10-29 21:08:00 Info 更新[39215098472]冬季秋季新款2016高腰牛仔裤女士小脚长裤女裤子加绒女装潮铅笔裤 成功
2016-10-29 21:10:13 Info TmallTask_T1_开始
2016-10-29 21:10:15 Info TmallTask_T1-正在解析关键字:女装
2016-10-29 21:10:22 Info 更新[521645721686]黑色小脚裤弹力紧身裤加厚裤子加绒长裤仿牛仔打底裤女外穿秋冬款 成功
2016-10-29 21:10:22 Info 更新[535522048410]牛仔裤女秋季九分裤高腰紧身显瘦小脚裤铅笔裤长裤子大码学生黑色 成功
2016-10-29 21:10:22 Info 更新[537486500300]秋季新款大码女装中长款秋装宽松长袖t恤女打底衫外穿秋衣女上衣 成功
2016-10-29 21:10:22 Info 更新[521312744005]波司登女士秋冬季七彩棉打底裤加绒加厚外穿一体保暖棉裤高腰长裤 成功
2016-10-29 21:10:23 Info 更新[524233473164]纯色卫衣女韩版潮长款大码宽松女装套头卫衣加绒卫衣女长袖连衣裙 成功
2016-10-29 21:10:23 Info 更新[537775160489]镂空针织衫女套头中长款毛衣长袖打底衫2016秋冬季新款女装潮上衣 成功
2016-10-29 21:10:23 Info 更新[527382931314]图米妃秋冬新品刺绣蕾丝针织衫亮钻套头长袖显瘦高领打底衫毛衣女 成功
2016-10-29 21:10:48 Info TmallTask_T1_开始
2016-10-29 21:11:37 Info TmallTask_T1_开始
2016-10-29 21:11:54 Info TmallTask_T1-正在解析关键字:女装
2016-10-29 21:12:49 Info TmallTask_T1_开始
2016-10-29 21:12:57 Info TmallTask_T1-正在解析关键字:女装
