2016-11-09 11:09:02 Error System.Data.SqlClient.SqlException (0x80131904): 连接超时时间已到。在尝试使用预登录握手确认时超过了此超时时间。这可能是因为预登录握手失败或服务器未能及时响应。  尝试连接到此服务器时花费的持续时间是 - [Pre-Login] initialization=82；handshake=14990； ---> System.ComponentModel.Win32Exception (0x80004005): 等待的操作过时。
   在 System.Data.SqlClient.SqlInternalConnectionTds..ctor(DbConnectionPoolIdentity identity, SqlConnectionString connectionOptions, SqlCredential credential, Object providerInfo, String newPassword, SecureString newSecurePassword, Boolean redirectedUserInstance, SqlConnectionString userConnectionOptions, SessionData reconnectSessionData, DbConnectionPool pool, String accessToken, Boolean applyTransientFaultHandling)
   在 System.Data.SqlClient.SqlConnectionFactory.CreateConnection(DbConnectionOptions options, DbConnectionPoolKey poolKey, Object poolGroupProviderInfo, DbConnectionPool pool, DbConnection owningConnection, DbConnectionOptions userOptions)
   在 System.Data.ProviderBase.DbConnectionFactory.CreatePooledConnection(DbConnectionPool pool, DbConnection owningObject, DbConnectionOptions options, DbConnectionPoolKey poolKey, DbConnectionOptions userOptions)
   在 System.Data.ProviderBase.DbConnectionPool.CreateObject(DbConnection owningObject, DbConnectionOptions userOptions, DbConnectionInternal oldConnection)
   在 System.Data.ProviderBase.DbConnectionPool.UserCreateRequest(DbConnection owningObject, DbConnectionOptions userOptions, DbConnectionInternal oldConnection)
   在 System.Data.ProviderBase.DbConnectionPool.TryGetConnection(DbConnection owningObject, UInt32 waitForMultipleObjectsTimeout, Boolean allowCreate, Boolean onlyOneCheckConnection, DbConnectionOptions userOptions, DbConnectionInternal& connection)
   在 System.Data.ProviderBase.DbConnectionPool.TryGetConnection(DbConnection owningObject, TaskCompletionSource`1 retry, DbConnectionOptions userOptions, DbConnectionInternal& connection)
   在 System.Data.ProviderBase.DbConnectionFactory.TryGetConnection(DbConnection owningConnection, TaskCompletionSource`1 retry, DbConnectionOptions userOptions, DbConnectionInternal oldConnection, DbConnectionInternal& connection)
   在 System.Data.ProviderBase.DbConnectionInternal.TryOpenConnectionInternal(DbConnection outerConnection, DbConnectionFactory connectionFactory, TaskCompletionSource`1 retry, DbConnectionOptions userOptions)
   在 System.Data.SqlClient.SqlConnection.TryOpenInner(TaskCompletionSource`1 retry)
   在 System.Data.SqlClient.SqlConnection.TryOpen(TaskCompletionSource`1 retry)
   在 System.Data.SqlClient.SqlConnection.Open()
   在 Idefav.DbObjects.SQLServer.DbObject.DbConnect[T](Func`2 proc)
   在 Idefav.DbObjects.SQLServer.DbObject.DbExecute[T](Func`2 proc, IDbTransaction transaction)
   在 Idefav.DbObjects.SQLServer.DbObject.QueryDataTable(String sql, Dictionary`2 parameters)
   在 Idefav.DbObjects.SQLServer.DbObject.QueryModel[T](String sql, Dictionary`2 parameters)
   在 Idefav.DbObjects.SQLServer.DbObject.QueryModel[T](String sql, Object parameters)
   在 CrawlServices.Business.GetCurrBreakpoint(String taskname) 位置 C:\Users\Administrator\Documents\GitHub\CrawlData\CrawlServices\Business.cs:行号 63
   在 CrawlServices.BusinessTask.TaoBaoTask.Business() 位置 C:\Users\Administrator\Documents\GitHub\CrawlData\CrawlServices\BusinessTask\TaoBaoTask.cs:行号 38
ClientConnectionId:4179a7a5-c92b-42e1-aa90-3b33cb9d11e0
Error Number:-2,State:0,Class:11
2016-11-09 11:11:06 Error System.Data.SqlClient.SqlException (0x80131904): 连接超时时间已到。在尝试使用预登录握手确认时超过了此超时时间。这可能是因为预登录握手失败或服务器未能及时响应。  尝试连接到此服务器时花费的持续时间是 - [Pre-Login] initialization=24；handshake=100844； ---> System.ComponentModel.Win32Exception (0x80004005): 等待的操作过时。
   在 System.Data.SqlClient.SqlInternalConnectionTds..ctor(DbConnectionPoolIdentity identity, SqlConnectionString connectionOptions, SqlCredential credential, Object providerInfo, String newPassword, SecureString newSecurePassword, Boolean redirectedUserInstance, SqlConnectionString userConnectionOptions, SessionData reconnectSessionData, DbConnectionPool pool, String accessToken, Boolean applyTransientFaultHandling)
   在 System.Data.SqlClient.SqlConnectionFactory.CreateConnection(DbConnectionOptions options, DbConnectionPoolKey poolKey, Object poolGroupProviderInfo, DbConnectionPool pool, DbConnection owningConnection, DbConnectionOptions userOptions)
   在 System.Data.ProviderBase.DbConnectionFactory.CreatePooledConnection(DbConnectionPool pool, DbConnection owningObject, DbConnectionOptions options, DbConnectionPoolKey poolKey, DbConnectionOptions userOptions)
   在 System.Data.ProviderBase.DbConnectionPool.CreateObject(DbConnection owningObject, DbConnectionOptions userOptions, DbConnectionInternal oldConnection)
   在 System.Data.ProviderBase.DbConnectionPool.UserCreateRequest(DbConnection owningObject, DbConnectionOptions userOptions, DbConnectionInternal oldConnection)
   在 System.Data.ProviderBase.DbConnectionPool.TryGetConnection(DbConnection owningObject, UInt32 waitForMultipleObjectsTimeout, Boolean allowCreate, Boolean onlyOneCheckConnection, DbConnectionOptions userOptions, DbConnectionInternal& connection)
   在 System.Data.ProviderBase.DbConnectionPool.TryGetConnection(DbConnection owningObject, TaskCompletionSource`1 retry, DbConnectionOptions userOptions, DbConnectionInternal& connection)
   在 System.Data.ProviderBase.DbConnectionFactory.TryGetConnection(DbConnection owningConnection, TaskCompletionSource`1 retry, DbConnectionOptions userOptions, DbConnectionInternal oldConnection, DbConnectionInternal& connection)
   在 System.Data.ProviderBase.DbConnectionInternal.TryOpenConnectionInternal(DbConnection outerConnection, DbConnectionFactory connectionFactory, TaskCompletionSource`1 retry, DbConnectionOptions userOptions)
   在 System.Data.SqlClient.SqlConnection.TryOpenInner(TaskCompletionSource`1 retry)
   在 System.Data.SqlClient.SqlConnection.TryOpen(TaskCompletionSource`1 retry)
   在 System.Data.SqlClient.SqlConnection.Open()
   在 Idefav.DbObjects.SQLServer.DbObject.DbConnect[T](Func`2 proc)
   在 Idefav.DbObjects.SQLServer.DbObject.DbExecute[T](Func`2 proc, IDbTransaction transaction)
   在 Idefav.DbObjects.SQLServer.DbObject.ExecuteScalar(String sql, Dictionary`2 parameters)
   在 Idefav.DbObjects.SQLServer.DbObject.IsExist[T](T model, Boolean ignoreAutoIm)
   在 Idefav.DbObjects.SQLServer.DbObject.Upsert[T](T model, IDbTransaction transaction, UpdateMode mode)
   在 CrawlServices.Business.UpdateCrawlComplete(String taskname) 位置 C:\Users\Administrator\Documents\GitHub\CrawlData\CrawlServices\Business.cs:行号 121
   在 CrawlServices.BusinessTask.TaoBaoTask.<Run>b__15_0() 位置 C:\Users\Administrator\Documents\GitHub\CrawlData\CrawlServices\BusinessTask\TaoBaoTask.cs:行号 130
ClientConnectionId:6ac817f8-192e-4c7c-9d23-87ad63f7e59c
Error Number:-2,State:0,Class:11
