20:43 开始抓取天猫:青菜[第1页]
20:43 抓取天猫结果:青菜[条数:20][第1页][][共33页]
20:43 开始抓取天猫:青菜[第2页]
20:43 抓取天猫结果:青菜[条数:20][第2页][共33页]
20:43 开始抓取天猫:青菜[第2页]
20:43 开始抓取店铺产品:search_shopitem.htm?user_id=732808706&from=_1_&stype=search
20:47 开始抓取天猫:青菜[第1页]
20:47 抓取天猫结果:青菜[条数:20][第1页][][共33页]
20:47 开始抓取天猫:青菜[第2页]
20:47 抓取天猫结果:青菜[条数:20][第2页][共33页]
20:47 开始抓取天猫:青菜[第2页]
20:47 抓取天猫结果:青菜[条数:20][第2页][共33页]
20:47 开始抓取天猫:青菜[第2页]
20:47 抓取天猫结果:青菜[条数:20][第2页][共33页]
20:47 开始抓取天猫:青菜[第2页]
20:47 抓取天猫结果:青菜[条数:20][第2页][共33页]
20:47 开始抓取天猫:青菜[第2页]
20:47 抓取天猫结果:青菜[条数:20][第2页][共33页]
20:47 开始抓取天猫:青菜[第2页]
20:47 抓取天猫结果:青菜[条数:20][第2页][共33页]
20:47 开始抓取天猫:青菜[第2页]
20:47 抓取天猫结果:青菜[条数:20][第2页][共33页]
20:47 开始抓取天猫:青菜[第2页]
20:47 抓取天猫结果:青菜[条数:20][第2页][共33页]
20:47 开始抓取天猫:青菜[第2页]
20:47 抓取天猫结果:青菜[条数:20][第2页][共33页]
20:47 开始抓取天猫:青菜[第2页]
20:47 抓取天猫结果:青菜[条数:20][第2页][共33页]
20:47 开始抓取天猫:青菜[第2页]
20:47 抓取天猫结果:青菜[条数:20][第2页][共33页]
20:47 开始抓取天猫:青菜[第2页]
20:47 抓取天猫结果:青菜[条数:20][第2页][共33页]
20:47 开始抓取天猫:青菜[第2页]
20:47 抓取天猫结果:青菜[条数:20][第2页][共33页]
20:47 开始抓取天猫:青菜[第2页]
20:47 抓取天猫结果:青菜[条数:20][第2页][共33页]
20:47 开始抓取天猫:青菜[第2页]
20:47 抓取天猫:青菜 完毕
20:47 开始抓取店铺产品:search_shopitem.htm?user_id=732808706&from=_1_&stype=search
20:47 开始抓取店铺产品:search_shopitem.htm?user_id=732808706&from=_1_&stype=search[第1页]
20:47 开始抓取店铺产品:search_shopitem.htm?user_id=732808706&from=_1_&stype=search[第2页]
20:47 开始抓取店铺产品:search_shopitem.htm?user_id=732808706&from=_1_&stype=search[第2页]
20:47 开始抓取店铺产品:search_shopitem.htm?user_id=732808706&from=_1_&stype=search[第2页]
20:47 开始抓取店铺产品:search_shopitem.htm?user_id=732808706&from=_1_&stype=search[第2页]
20:47 开始抓取店铺产品:search_shopitem.htm?user_id=732808706&from=_1_&stype=search[第2页]
20:47 开始抓取店铺产品:search_shopitem.htm?user_id=732808706&from=_1_&stype=search[第2页]
20:47 开始抓取店铺产品:search_shopitem.htm?user_id=732808706&from=_1_&stype=search[第2页]
20:47 开始抓取店铺产品:search_shopitem.htm?user_id=732808706&from=_1_&stype=search[第2页]
20:47 开始抓取店铺产品:search_shopitem.htm?user_id=732808706&from=_1_&stype=search[第2页]
20:47 开始抓取店铺产品:search_shopitem.htm?user_id=732808706&from=_1_&stype=search[第2页]
20:47 开始抓取店铺产品:search_shopitem.htm?user_id=732808706&from=_1_&stype=search[第2页]
20:47 开始抓取店铺产品:search_shopitem.htm?user_id=732808706&from=_1_&stype=search[第2页]
20:47 开始抓取店铺产品:search_shopitem.htm?user_id=732808706&from=_1_&stype=search[第2页]
20:47 开始抓取店铺产品:search_shopitem.htm?user_id=732808706&from=_1_&stype=search[第2页]
20:47 开始抓取店铺产品:search_shopitem.htm?user_id=732808706&from=_1_&stype=search[第2页]
20:47 开始抓取店铺产品:search_shopitem.htm?user_id=732808706&from=_1_&stype=search[第2页]
20:47 开始抓取店铺产品:search_shopitem.htm?user_id=732808706&from=_1_&stype=search[第2页]
20:48 开始抓取天猫:青菜[第1页]
20:48 抓取天猫结果:青菜[条数:20][第1页][][共33页]
20:48 开始抓取天猫:青菜[第2页]
20:48 抓取天猫结果:青菜[条数:20][第2页][共33页]
20:48 开始抓取天猫:青菜[第2页]
20:48 抓取天猫结果:青菜[条数:20][第2页][共33页]
20:48 开始抓取天猫:青菜[第2页]
20:48 抓取天猫结果:青菜[条数:20][第2页][共33页]
20:48 开始抓取天猫:青菜[第2页]
20:48 抓取天猫结果:青菜[条数:20][第2页][共33页]
20:48 开始抓取天猫:青菜[第2页]
20:48 抓取天猫结果:青菜[条数:20][第2页][共33页]
20:48 开始抓取天猫:青菜[第2页]
20:48 抓取天猫结果:青菜[条数:20][第2页][共33页]
20:48 开始抓取天猫:青菜[第2页]
20:48 抓取天猫结果:青菜[条数:20][第2页][共33页]
20:48 开始抓取天猫:青菜[第2页]
20:48 抓取天猫结果:青菜[条数:20][第2页][共33页]
20:48 开始抓取天猫:青菜[第2页]
20:48 抓取天猫:青菜 完毕
20:48 开始抓取店铺产品:search_shopitem.htm?user_id=732808706&from=_1_&stype=search
20:48 开始抓取店铺产品:search_shopitem.htm?user_id=732808706&from=_1_&stype=search[第1页]
20:48 开始抓取店铺产品:search_shopitem.htm?user_id=732808706&from=_1_&stype=search[第2页]
20:48 开始抓取店铺产品:search_shopitem.htm?user_id=732808706&from=_1_&stype=search[第2页]
20:48 开始抓取店铺产品:search_shopitem.htm?user_id=732808706&from=_1_&stype=search[第2页]
20:48 开始抓取店铺产品:search_shopitem.htm?user_id=732808706&from=_1_&stype=search[第2页]
20:48 开始抓取店铺产品:search_shopitem.htm?user_id=732808706&from=_1_&stype=search[第2页]
20:48 开始抓取店铺产品:search_shopitem.htm?user_id=732808706&from=_1_&stype=search[第2页]
20:48 开始抓取店铺产品:search_shopitem.htm?user_id=732808706&from=_1_&stype=search[第2页]
20:49 开始抓取店铺产品:search_shopitem.htm?user_id=732808706&from=_1_&stype=search[第2页]
20:49 开始抓取店铺产品:search_shopitem.htm?user_id=732808706&from=_1_&stype=search[第2页]
20:49 开始抓取店铺产品:search_shopitem.htm?user_id=732808706&from=_1_&stype=search[第2页]
20:49 开始抓取店铺产品:search_shopitem.htm?user_id=732808706&from=_1_&stype=search[第2页]
20:49 开始抓取店铺产品:search_shopitem.htm?user_id=732808706&from=_1_&stype=search[第2页]
20:49 开始抓取店铺产品:search_shopitem.htm?user_id=732808706&from=_1_&stype=search[第2页]
20:49 开始抓取店铺产品:search_shopitem.htm?user_id=732808706&from=_1_&stype=search[第2页]
20:49 开始抓取店铺产品:search_shopitem.htm?user_id=732808706&from=_1_&stype=search[第2页]
20:49 开始抓取天猫:青菜[第1页]
20:49 抓取天猫结果:青菜[条数:20][第1页][][共33页]
20:49 开始抓取天猫:青菜[第2页]
20:49 抓取天猫结果:青菜[条数:20][第2页][共33页]
20:49 开始抓取天猫:青菜[第3页]
20:49 抓取天猫结果:青菜[条数:20][第3页][共33页]
20:49 开始抓取天猫:青菜[第4页]
20:49 抓取天猫结果:青菜[条数:20][第4页][共33页]
20:49 开始抓取天猫:青菜[第5页]
20:49 抓取天猫:青菜 完毕
20:49 开始抓取店铺产品:search_shopitem.htm?user_id=732808706&from=_1_&stype=search
20:49 开始抓取店铺产品:search_shopitem.htm?user_id=732808706&from=_1_&stype=search[第1页]
20:49 开始抓取店铺产品:search_shopitem.htm?user_id=732808706&from=_1_&stype=search[第2页]
20:49 抓取店铺产品信息完毕:search_shopitem.htm?user_id=732808706&from=_1_&stype=search
20:55 开始抓取天猫:青菜[第1页]
20:55 抓取天猫结果:青菜[条数:20][第1页][][共33页]
20:55 开始抓取天猫:青菜[第2页]
20:55 抓取天猫结果:青菜[条数:20][第2页][共33页]
20:55 开始抓取天猫:青菜[第3页]
20:55 抓取天猫:青菜 完毕
20:55 开始抓取店铺产品:search_shopitem.htm?user_id=732808706&from=_1_&stype=search
20:55 开始抓取店铺产品:search_shopitem.htm?user_id=732808706&from=_1_&stype=search[第1页]
20:55 开始抓取店铺产品:search_shopitem.htm?user_id=732808706&from=_1_&stype=search[第2页]
20:55 抓取店铺产品信息完毕:search_shopitem.htm?user_id=732808706&from=_1_&stype=search
20:56 开始抓取天猫:青菜[第1页]
20:56 抓取天猫结果:青菜[条数:20][第1页][][共33页]
20:56 开始抓取天猫:青菜[第2页]
20:56 抓取天猫结果:青菜[条数:20][第2页][共33页]
20:56 开始抓取天猫:青菜[第3页]
20:56 抓取天猫结果:青菜[条数:20][第3页][共33页]
20:56 开始抓取天猫:青菜[第4页]
20:56 抓取天猫结果:青菜[条数:20][第4页][共33页]
20:56 开始抓取天猫:青菜[第5页]
20:56 抓取天猫结果:青菜[条数:20][第5页][共33页]
20:56 开始抓取天猫:青菜[第6页]
20:56 抓取天猫结果:青菜[条数:20][第6页][共33页]
20:56 开始抓取天猫:青菜[第7页]
20:56 抓取天猫结果:青菜[条数:20][第7页][共33页]
20:56 开始抓取天猫:青菜[第8页]
20:56 抓取天猫结果:青菜[条数:20][第8页][共33页]
20:56 开始抓取天猫:青菜[第9页]
20:56 抓取天猫结果:青菜[条数:20][第9页][共33页]
20:56 开始抓取天猫:青菜[第10页]
20:56 抓取天猫结果:青菜[条数:20][第10页][共33页]
20:56 开始抓取天猫:青菜[第11页]
20:56 抓取天猫:青菜 完毕
20:56 开始抓取店铺产品:search_shopitem.htm?user_id=732808706&from=_1_&stype=search
20:56 开始抓取店铺产品:search_shopitem.htm?user_id=732808706&from=_1_&stype=search[第1页]
20:56 开始抓取店铺产品:search_shopitem.htm?user_id=732808706&from=_1_&stype=search[第2页]
20:56 抓取店铺产品信息完毕:search_shopitem.htm?user_id=732808706&from=_1_&stype=search
20:56 开始抓取店铺产品:search_shopitem.htm?user_id=732808706&from=_1_&stype=search
20:56 开始抓取店铺产品:search_shopitem.htm?user_id=732808706&from=_1_&stype=search[第1页]
20:56 开始抓取店铺产品:search_shopitem.htm?user_id=732808706&from=_1_&stype=search[第2页]
20:56 抓取店铺产品信息完毕:search_shopitem.htm?user_id=732808706&from=_1_&stype=search
20:57 开始抓取天猫:青菜[第1页]
20:57 抓取天猫结果:青菜[条数:20][第1页][][共33页]
20:57 开始抓取天猫:青菜[第2页]
20:57 抓取天猫结果:青菜[条数:20][第2页][共33页]
20:57 开始抓取天猫:青菜[第3页]
20:57 抓取天猫结果:青菜[条数:20][第3页][共33页]
20:57 开始抓取天猫:青菜[第4页]
20:57 抓取天猫结果:青菜[条数:20][第4页][共33页]
20:57 开始抓取天猫:青菜[第5页]
20:57 抓取天猫结果:青菜[条数:20][第5页][共33页]
20:57 开始抓取天猫:青菜[第6页]
20:57 抓取天猫结果:青菜[条数:20][第6页][共33页]
20:57 开始抓取天猫:青菜[第7页]
20:57 抓取天猫结果:青菜[条数:20][第7页][共33页]
20:57 开始抓取天猫:青菜[第8页]
20:57 抓取天猫结果:青菜[条数:20][第8页][共33页]
20:57 开始抓取天猫:青菜[第9页]
20:57 抓取天猫结果:青菜[条数:20][第9页][共33页]
20:57 开始抓取天猫:青菜[第10页]
20:57 抓取天猫结果:青菜[条数:20][第10页][共33页]
20:57 开始抓取天猫:青菜[第11页]
20:57 开始抓取店铺产品:search_shopitem.htm?user_id=732808706&from=_1_&stype=search
20:57 开始抓取店铺产品:search_shopitem.htm?user_id=732808706&from=_1_&stype=search[第1页]
20:57 抓取天猫结果:青菜[条数:20][第11页][共33页]
20:57 开始抓取天猫:青菜[第12页]
20:57 抓取天猫结果:青菜[条数:20][第12页][共33页]
20:57 开始抓取天猫:青菜[第13页]
20:57 开始抓取店铺产品:search_shopitem.htm?user_id=732808706&from=_1_&stype=search[第2页]
20:57 抓取天猫结果:青菜[条数:20][第13页][共33页]
20:57 开始抓取天猫:青菜[第14页]
20:57 抓取店铺产品信息完毕:search_shopitem.htm?user_id=732808706&from=_1_&stype=search
20:57 抓取天猫结果:青菜[条数:20][第14页][共33页]
20:57 开始抓取天猫:青菜[第15页]
20:57 抓取天猫结果:青菜[条数:20][第15页][共33页]
20:57 开始抓取天猫:青菜[第16页]
20:57 抓取天猫结果:青菜[条数:20][第16页][共33页]
20:57 开始抓取天猫:青菜[第17页]
20:58 抓取天猫结果:青菜[条数:20][第17页][共33页]
20:58 开始抓取天猫:青菜[第18页]
20:58 抓取天猫结果:青菜[条数:20][第18页][共33页]
20:58 开始抓取天猫:青菜[第19页]
20:58 抓取天猫结果:青菜[条数:20][第19页][共33页]
20:58 开始抓取天猫:青菜[第20页]
20:58 抓取天猫结果:青菜[条数:20][第20页][共33页]
20:58 开始抓取天猫:青菜[第21页]
20:58 抓取天猫结果:青菜[条数:20][第21页][共33页]
20:58 开始抓取天猫:青菜[第22页]
20:58 抓取天猫结果:青菜[条数:20][第22页][共33页]
20:58 开始抓取天猫:青菜[第23页]
20:58 抓取天猫结果:青菜[条数:20][第23页][共33页]
20:58 开始抓取天猫:青菜[第24页]
20:58 抓取天猫结果:青菜[条数:20][第24页][共33页]
20:58 开始抓取天猫:青菜[第25页]
20:58 抓取天猫结果:青菜[条数:20][第25页][共33页]
20:58 开始抓取天猫:青菜[第26页]
20:58 抓取天猫结果:青菜[条数:20][第26页][共33页]
20:58 开始抓取天猫:青菜[第27页]
20:58 抓取天猫结果:青菜[条数:20][第27页][共33页]
20:58 开始抓取天猫:青菜[第28页]
20:58 抓取天猫结果:青菜[条数:20][第28页][共33页]
20:58 开始抓取天猫:青菜[第29页]
20:58 抓取天猫结果:青菜[条数:20][第29页][共33页]
20:58 开始抓取天猫:青菜[第30页]
20:58 抓取天猫结果:青菜[条数:20][第30页][共33页]
20:58 开始抓取天猫:青菜[第31页]
20:58 抓取天猫结果:青菜[条数:20][第31页][共33页]
20:58 开始抓取天猫:青菜[第32页]
20:58 抓取天猫结果:青菜[条数:20][第32页][共33页]
20:58 开始抓取天猫:青菜[第33页]
20:58 抓取天猫结果:青菜[条数:20][第33页][共33页]
20:58 抓取天猫:青菜 完毕
21:01 开始抓取店铺产品:search_shopitem.htm?user_id=732808706&from=_1_&stype=search
21:01 开始抓取店铺产品:search_shopitem.htm?user_id=732808706&from=_1_&stype=search[第1页]
21:01 开始抓取店铺产品:search_shopitem.htm?user_id=732808706&from=_1_&stype=search[第2页]
21:01 抓取店铺产品信息完毕:search_shopitem.htm?user_id=732808706&from=_1_&stype=search
21:01 开始抓取店铺产品:search_shopitem.htm?user_id=1665345733&from=_1_&stype=search
21:01 开始抓取店铺产品:search_shopitem.htm?user_id=1665345733&from=_1_&stype=search[第1页]
21:01 开始抓取店铺产品:search_shopitem.htm?user_id=1665345733&from=_1_&stype=search[第2页]
21:01 抓取店铺产品信息完毕:search_shopitem.htm?user_id=1665345733&from=_1_&stype=search
21:03 开始抓取天猫:青菜[第1页]
21:03 抓取天猫结果:青菜[条数:20][第1页][][共33页]
21:03 开始抓取天猫:青菜[第2页]
21:03 抓取天猫结果:青菜[条数:20][第2页][共33页]
21:03 开始抓取天猫:青菜[第3页]
21:03 抓取天猫:青菜 完毕
21:04 开始抓取天猫:青菜[第1页]
21:04 抓取天猫结果:青菜[条数:20][第1页][][共33页]
21:04 开始抓取天猫:青菜[第2页]
21:04 抓取天猫结果:青菜[条数:20][第2页][共33页]
21:04 开始抓取天猫:青菜[第3页]
21:04 抓取天猫结果:青菜[条数:20][第3页][共33页]
21:04 开始抓取天猫:青菜[第4页]
21:04 抓取天猫:青菜 完毕
21:04 开始抓取店铺产品:search_shopitem.htm?user_id=2471189597&from=_1_&stype=search
21:04 开始抓取店铺产品:search_shopitem.htm?user_id=2471189597&from=_1_&stype=search[第1页]
21:04 开始抓取店铺产品:search_shopitem.htm?user_id=2471189597&from=_1_&stype=search[第2页]
21:04 开始抓取店铺产品:search_shopitem.htm?user_id=2471189597&from=_1_&stype=search[第3页]
21:04 开始抓取店铺产品:search_shopitem.htm?user_id=2471189597&from=_1_&stype=search[第4页]
21:04 开始抓取店铺产品:search_shopitem.htm?user_id=2471189597&from=_1_&stype=search[第5页]
21:04 开始抓取店铺产品:search_shopitem.htm?user_id=2471189597&from=_1_&stype=search[第6页]
21:05 开始抓取店铺产品:search_shopitem.htm?user_id=2471189597&from=_1_&stype=search[第7页]
21:05 开始抓取店铺产品:search_shopitem.htm?user_id=2471189597&from=_1_&stype=search[第8页]
21:05 开始抓取店铺产品:search_shopitem.htm?user_id=2471189597&from=_1_&stype=search[第9页]
21:05 开始抓取店铺产品:search_shopitem.htm?user_id=2471189597&from=_1_&stype=search[第10页]
21:05 抓取店铺产品信息完毕:search_shopitem.htm?user_id=2471189597&from=_1_&stype=search
21:07 开始抓取天猫:青菜[第1页]
21:07 抓取天猫结果:青菜[条数:20][第1/未知页]
21:07 开始抓取天猫:青菜[第2 / 33页]
21:07 抓取天猫结果:青菜[条数:20][第2/33页]
21:07 开始抓取天猫:青菜[第3 / 33页]
21:07 抓取天猫结果:青菜[条数:20][第3/33页]
21:07 开始抓取天猫:青菜[第4 / 33页]
21:07 抓取天猫结果:青菜[条数:20][第4/33页]
21:07 开始抓取天猫:青菜[第5 / 33页]
21:07 抓取天猫结果:青菜[条数:20][第5/33页]
21:07 开始抓取天猫:青菜[第6 / 33页]
21:07 抓取天猫结果:青菜[条数:20][第6/33页]
21:07 开始抓取天猫:青菜[第7 / 33页]
21:07 抓取天猫结果:青菜[条数:20][第7/33页]
21:07 开始抓取天猫:青菜[第8 / 33页]
21:07 抓取天猫结果:青菜[条数:20][第8/33页]
21:07 开始抓取天猫:青菜[第9 / 33页]
21:07 抓取天猫:青菜 完毕
21:07 开始抓取店铺产品:search_shopitem.htm?user_id=732808706&from=_1_&stype=search
21:07 开始抓取店铺产品:search_shopitem.htm?user_id=732808706&from=_1_&stype=search[第1页]
21:07 开始抓取店铺产品:search_shopitem.htm?user_id=732808706&from=_1_&stype=search[第2/2页]
21:07 抓取店铺产品信息完毕:search_shopitem.htm?user_id=732808706&from=_1_&stype=search
21:12 开始抓取店铺产品:search_shopitem.htm?user_id=1665345733&from=_1_&stype=search
21:12 开始抓取店铺产品:search_shopitem.htm?user_id=1665345733&from=_1_&stype=search[第1页]
21:12 开始抓取店铺产品:search_shopitem.htm?user_id=1665345733&from=_1_&stype=search[第2/2页]
21:12 抓取店铺产品信息完毕:search_shopitem.htm?user_id=1665345733&from=_1_&stype=search
21:16 开始抓取天猫:青菜[第1页]
21:16 抓取天猫结果:青菜[条数:20][第1/未知页]
21:16 开始抓取天猫:青菜[第2 / 32页]
21:16 抓取天猫结果:青菜[条数:20][第2/32页]
21:16 开始抓取天猫:青菜[第3 / 32页]
21:16 抓取天猫结果:青菜[条数:20][第3/32页]
21:16 开始抓取天猫:青菜[第4 / 32页]
21:16 抓取天猫结果:青菜[条数:20][第4/32页]
21:16 开始抓取店铺产品:search_shopitem.htm?user_id=732808706&from=_1_&stype=search
21:16 开始抓取店铺产品:search_shopitem.htm?user_id=732808706&from=_1_&stype=search[第1页]
21:16 开始抓取天猫:青菜[第5 / 32页]
21:16 抓取天猫结果:青菜[条数:20][第5/32页]
21:16 开始抓取天猫:青菜[第6 / 32页]
21:16 抓取天猫结果:青菜[条数:20][第6/32页]
21:16 开始抓取天猫:青菜[第7 / 32页]
21:16 开始抓取店铺产品:search_shopitem.htm?user_id=732808706&from=_1_&stype=search[第2/2页]
21:16 抓取店铺产品信息完毕:search_shopitem.htm?user_id=732808706&from=_1_&stype=search
21:16 抓取天猫结果:青菜[条数:20][第7/32页]
21:16 开始抓取天猫:青菜[第8 / 32页]
21:16 抓取天猫结果:青菜[条数:20][第8/32页]
21:16 开始抓取天猫:青菜[第9 / 32页]
21:16 抓取天猫结果:青菜[条数:20][第9/32页]
21:16 开始抓取天猫:青菜[第10 / 32页]
21:16 抓取天猫结果:青菜[条数:20][第10/32页]
21:16 开始抓取天猫:青菜[第11 / 32页]
21:16 抓取天猫结果:青菜[条数:20][第11/32页]
21:16 开始抓取天猫:青菜[第12 / 32页]
21:16 抓取天猫结果:青菜[条数:20][第12/32页]
21:16 开始抓取天猫:青菜[第13 / 32页]
21:16 抓取天猫:青菜 完毕
22:39 抓取天猫:青菜 完毕
22:50 抓取天猫:青菜 完毕
23:10 开始抓取天猫:青菜[第1页]
23:10 抓取天猫结果:青菜[条数:20][第1/未知页]
23:10 开始抓取天猫:青菜[第2 / 32页]
23:10 抓取天猫结果:青菜[条数:20][第2/32页]
23:10 开始抓取天猫:青菜[第3 / 32页]
23:10 抓取天猫结果:青菜[条数:20][第3/32页]
23:10 开始抓取天猫:青菜[第4 / 32页]
23:10 抓取天猫结果:青菜[条数:20][第4/32页]
23:10 开始抓取天猫:青菜[第5 / 32页]
23:10 抓取天猫结果:青菜[条数:20][第5/32页]
23:10 开始抓取天猫:青菜[第6 / 32页]
23:10 抓取天猫结果:青菜[条数:20][第6/32页]
23:10 开始抓取天猫:青菜[第7 / 32页]
23:10 抓取天猫结果:青菜[条数:20][第7/32页]
23:10 开始抓取天猫:青菜[第8 / 32页]
23:10 抓取天猫结果:青菜[条数:20][第8/32页]
23:10 开始抓取天猫:青菜[第9 / 32页]
23:10 抓取天猫结果:青菜[条数:20][第9/32页]
23:10 开始抓取天猫:青菜[第10 / 32页]
23:10 抓取天猫结果:青菜[条数:20][第10/32页]
23:10 开始抓取天猫:青菜[第11 / 32页]
23:10 抓取天猫结果:青菜[条数:20][第11/32页]
23:10 开始抓取天猫:青菜[第12 / 32页]
23:10 抓取天猫:青菜 完毕
23:10 开始抓取淘宝:青菜[第1页]
23:10 抓取淘宝结果:青菜[条数:20][第1/未知页]
23:10 开始抓取淘宝:青菜[第2 / 100页]
23:10 抓取淘宝结果:青菜[条数:20][第2/100页]
23:10 开始抓取淘宝:青菜[第3 / 100页]
23:10 抓取淘宝结果:青菜[条数:20][第3/100页]
23:10 开始抓取淘宝:青菜[第4 / 100页]
23:10 抓取淘宝结果:青菜[条数:20][第4/100页]
23:10 开始抓取淘宝:青菜[第5 / 100页]
23:10 抓取淘宝结果:青菜[条数:20][第5/100页]
23:10 开始抓取淘宝:青菜[第6 / 100页]
23:10 抓取淘宝结果:青菜[条数:20][第6/100页]
23:10 开始抓取淘宝:青菜[第7 / 100页]
23:10 抓取淘宝结果:青菜[条数:20][第7/100页]
23:10 开始抓取淘宝:青菜[第8 / 100页]
23:10 抓取淘宝结果:青菜[条数:20][第8/100页]
23:10 开始抓取淘宝:青菜[第9 / 100页]
23:10 抓取淘宝结果:青菜[条数:20][第9/100页]
23:10 开始抓取淘宝:青菜[第10 / 100页]
23:10 抓取淘宝结果:青菜[条数:20][第10/100页]
23:10 开始抓取淘宝:青菜[第11 / 100页]
23:10 抓取淘宝结果:青菜[条数:20][第11/100页]
23:10 开始抓取淘宝:青菜[第12 / 100页]
23:10 抓取淘宝结果:青菜[条数:20][第12/100页]
23:10 开始抓取淘宝:青菜[第13 / 100页]
23:10 抓取淘宝结果:青菜[条数:20][第13/100页]
23:10 开始抓取淘宝:青菜[第14 / 100页]
23:10 抓取淘宝结果:青菜[条数:20][第14/100页]
23:10 开始抓取淘宝:青菜[第15 / 100页]
23:10 抓取淘宝结果:青菜[条数:20][第15/100页]
23:10 开始抓取淘宝:青菜[第16 / 100页]
23:10 抓取淘宝结果:青菜[条数:20][第16/100页]
23:10 开始抓取淘宝:青菜[第17 / 100页]
23:10 抓取淘宝结果:青菜[条数:20][第17/100页]
23:10 开始抓取淘宝:青菜[第18 / 100页]
23:10 抓取淘宝结果:青菜[条数:20][第18/100页]
23:10 开始抓取淘宝:青菜[第19 / 100页]
23:10 抓取淘宝结果:青菜[条数:20][第19/100页]
23:10 开始抓取淘宝:青菜[第20 / 100页]
23:10 抓取淘宝结果:青菜[条数:20][第20/100页]
23:10 开始抓取淘宝:青菜[第21 / 100页]
23:10 抓取淘宝结果:青菜[条数:20][第21/100页]
23:10 开始抓取淘宝:青菜[第22 / 100页]
23:10 抓取天猫:青菜 完毕
23:37 开始抓取淘宝:青菜[第1页]
23:37 抓取淘宝结果:青菜[条数:20][第1/未知页]
23:37 开始抓取淘宝:青菜[第2 / 100页]
23:37 抓取淘宝结果:青菜[条数:20][第2/100页]
23:37 开始抓取淘宝:青菜[第3 / 100页]
23:37 抓取淘宝结果:青菜[条数:20][第3/100页]
23:37 开始抓取淘宝:青菜[第4 / 100页]
23:37 抓取淘宝结果:青菜[条数:20][第4/100页]
23:37 开始抓取淘宝:青菜[第5 / 100页]
23:37 抓取淘宝结果:青菜[条数:20][第5/100页]
23:37 开始抓取淘宝:青菜[第6 / 100页]
23:37 抓取淘宝结果:青菜[条数:20][第6/100页]
23:37 开始抓取淘宝:青菜[第7 / 100页]
23:37 抓取淘宝结果:青菜[条数:20][第7/100页]
23:37 开始抓取淘宝:青菜[第8 / 100页]
23:37 抓取淘宝结果:青菜[条数:20][第8/100页]
23:37 开始抓取淘宝:青菜[第9 / 100页]
23:37 抓取淘宝结果:青菜[条数:20][第9/100页]
23:37 开始抓取淘宝:青菜[第10 / 100页]
23:37 抓取淘宝结果:青菜[条数:20][第10/100页]
23:37 开始抓取淘宝:青菜[第11 / 100页]
23:37 抓取淘宝结果:青菜[条数:20][第11/100页]
23:37 开始抓取淘宝:青菜[第12 / 100页]
23:37 抓取淘宝结果:青菜[条数:20][第12/100页]
23:37 开始抓取淘宝:青菜[第13 / 100页]
23:37 抓取淘宝结果:青菜[条数:20][第13/100页]
23:37 开始抓取淘宝:青菜[第14 / 100页]
23:37 抓取淘宝结果:青菜[条数:20][第14/100页]
23:37 开始抓取淘宝:青菜[第15 / 100页]
23:37 抓取天猫:青菜 完毕
23:37 开始抓取店铺产品:https:////shop108325378.taobao.com
23:38 开始抓取天猫:青菜[第1页]
23:38 抓取天猫结果:青菜[条数:20][第1/未知页]
23:38 开始抓取天猫:青菜[第2 / 32页]
23:38 抓取天猫:青菜 完毕
23:38 开始抓取淘宝:青菜[第1页]
23:38 抓取淘宝结果:青菜[条数:20][第1/未知页]
23:38 开始抓取淘宝:青菜[第2 / 100页]
23:38 抓取淘宝结果:青菜[条数:20][第2/100页]
23:38 开始抓取淘宝:青菜[第3 / 100页]
23:38 抓取淘宝结果:青菜[条数:20][第3/100页]
23:38 开始抓取淘宝:青菜[第4 / 100页]
23:38 抓取淘宝结果:青菜[条数:20][第4/100页]
23:38 开始抓取淘宝:青菜[第5 / 100页]
23:38 抓取淘宝结果:青菜[条数:20][第5/100页]
23:38 开始抓取淘宝:青菜[第6 / 100页]
23:38 抓取淘宝结果:青菜[条数:20][第6/100页]
23:38 开始抓取淘宝:青菜[第7 / 100页]
23:38 抓取淘宝结果:青菜[条数:20][第7/100页]
23:38 开始抓取淘宝:青菜[第8 / 100页]
23:38 抓取淘宝结果:青菜[条数:20][第8/100页]
23:38 开始抓取淘宝:青菜[第9 / 100页]
23:38 抓取淘宝结果:青菜[条数:20][第9/100页]
23:38 开始抓取淘宝:青菜[第10 / 100页]
23:38 抓取淘宝结果:青菜[条数:20][第10/100页]
23:38 开始抓取淘宝:青菜[第11 / 100页]
23:38 抓取天猫:青菜 完毕
23:38 开始抓取店铺产品:https://shop108325378.taobao.com
23:38 开始抓取淘宝:青菜[第1页]
23:38 抓取淘宝结果:青菜[条数:20][第1/未知页]
23:38 开始抓取淘宝:青菜[第2 / 100页]
23:38 抓取淘宝结果:青菜[条数:20][第2/100页]
23:38 开始抓取淘宝:青菜[第3 / 100页]
23:38 抓取淘宝结果:青菜[条数:20][第3/100页]
23:38 开始抓取淘宝:青菜[第4 / 100页]
23:38 抓取淘宝结果:青菜[条数:20][第4/100页]
23:38 开始抓取淘宝:青菜[第5 / 100页]
23:38 抓取淘宝结果:青菜[条数:20][第5/100页]
23:38 开始抓取淘宝:青菜[第6 / 100页]
23:38 抓取淘宝结果:青菜[条数:20][第6/100页]
23:38 开始抓取淘宝:青菜[第7 / 100页]
23:38 抓取天猫:青菜 完毕
23:38 开始抓取店铺产品:https://shop108325378.taobao.com
23:38 开始抓取店铺产品:https://shop108325378.taobao.com[第1页]
23:38 开始抓取店铺产品:https://shop108325378.taobao.com[第2/5页]
23:38 开始抓取店铺产品:https://shop108325378.taobao.com[第3/5页]
23:38 开始抓取店铺产品:https://shop108325378.taobao.com[第4/5页]
23:38 开始抓取店铺产品:https://shop108325378.taobao.com[第5/5页]
23:38 抓取店铺产品信息完毕:https://shop108325378.taobao.com
23:39 开始抓取淘宝:青菜[第1页]
23:39 抓取淘宝结果:青菜[条数:20][第1/未知页]
23:39 开始抓取淘宝:青菜[第2 / 100页]
23:39 抓取淘宝结果:青菜[条数:20][第2/100页]
23:39 开始抓取淘宝:青菜[第3 / 100页]
23:39 抓取淘宝结果:青菜[条数:20][第3/100页]
23:39 开始抓取淘宝:青菜[第4 / 100页]
23:39 抓取淘宝结果:青菜[条数:20][第4/100页]
23:39 开始抓取淘宝:青菜[第5 / 100页]
23:39 抓取淘宝结果:青菜[条数:20][第5/100页]
23:39 开始抓取淘宝:青菜[第6 / 100页]
23:39 抓取淘宝结果:青菜[条数:20][第6/100页]
23:39 开始抓取淘宝:青菜[第7 / 100页]
23:39 抓取淘宝结果:青菜[条数:20][第7/100页]
23:39 开始抓取淘宝:青菜[第8 / 100页]
23:39 抓取淘宝结果:青菜[条数:20][第8/100页]
23:39 开始抓取淘宝:青菜[第9 / 100页]
23:39 抓取淘宝结果:青菜[条数:20][第9/100页]
23:39 开始抓取淘宝:青菜[第10 / 100页]
23:39 抓取天猫:青菜 完毕
23:39 开始抓取店铺产品:https://shop108325378.taobao.com
23:39 开始抓取店铺产品:https://shop108325378.taobao.com[第1页]
23:40 开始抓取淘宝:青菜[第1页]
23:40 抓取淘宝结果:青菜[条数:20][第1/未知页]
23:40 开始抓取淘宝:青菜[第2 / 100页]
23:40 抓取淘宝结果:青菜[条数:20][第2/100页]
23:40 开始抓取淘宝:青菜[第3 / 100页]
23:40 抓取淘宝结果:青菜[条数:20][第3/100页]
23:40 开始抓取淘宝:青菜[第4 / 100页]
23:40 抓取淘宝结果:青菜[条数:20][第4/100页]
23:40 开始抓取淘宝:青菜[第5 / 100页]
23:40 抓取淘宝结果:青菜[条数:20][第5/100页]
23:40 开始抓取淘宝:青菜[第6 / 100页]
23:40 抓取淘宝结果:青菜[条数:20][第6/100页]
23:40 开始抓取淘宝:青菜[第7 / 100页]
23:40 抓取淘宝结果:青菜[条数:20][第7/100页]
23:40 开始抓取淘宝:青菜[第8 / 100页]
23:40 抓取淘宝结果:青菜[条数:20][第8/100页]
23:40 开始抓取淘宝:青菜[第9 / 100页]
23:40 抓取淘宝结果:青菜[条数:20][第9/100页]
23:40 开始抓取淘宝:青菜[第10 / 100页]
23:40 抓取淘宝结果:青菜[条数:20][第10/100页]
23:40 开始抓取淘宝:青菜[第11 / 100页]
23:40 抓取淘宝结果:青菜[条数:20][第11/100页]
23:40 开始抓取淘宝:青菜[第12 / 100页]
23:40 抓取淘宝结果:青菜[条数:20][第12/100页]
23:40 开始抓取淘宝:青菜[第13 / 100页]
23:40 抓取淘宝结果:青菜[条数:20][第13/100页]
23:40 开始抓取淘宝:青菜[第14 / 100页]
23:40 抓取天猫:青菜 完毕
23:40 开始抓取店铺产品:https://shop108325378.taobao.com
23:40 开始抓取店铺产品:https://shop108325378.taobao.com[第1页]
23:41 开始抓取店铺产品:https://shop108325378.taobao.com[第2/5页]
23:43 开始抓取天猫:青菜[第1页]
23:44 抓取天猫结果:青菜[条数:20][第1/未知页]
23:44 开始抓取天猫:青菜[第2 / 32页]
23:44 抓取天猫:青菜 完毕
23:44 开始抓取淘宝:青菜[第1页]
23:44 抓取淘宝结果:青菜[条数:20][第1/未知页]
23:44 开始抓取淘宝:青菜[第2 / 100页]
23:44 抓取淘宝结果:青菜[条数:20][第2/100页]
23:44 开始抓取淘宝:青菜[第3 / 100页]
23:44 抓取淘宝结果:青菜[条数:20][第3/100页]
23:44 开始抓取淘宝:青菜[第4 / 100页]
23:44 抓取淘宝结果:青菜[条数:20][第4/100页]
23:44 开始抓取淘宝:青菜[第5 / 100页]
23:44 抓取淘宝结果:青菜[条数:20][第5/100页]
23:44 开始抓取淘宝:青菜[第6 / 100页]
23:44 抓取淘宝结果:青菜[条数:20][第6/100页]
23:44 开始抓取淘宝:青菜[第7 / 100页]
23:44 抓取天猫:青菜 完毕
23:44 开始抓取店铺产品:https://shop108325378.taobao.com
23:44 开始抓取店铺产品:https://shop108325378.taobao.com[第1页]
23:48 开始抓取店铺产品:https://shop108325378.taobao.com[第2/5页]
23:48 开始抓取店铺产品:https://shop108325378.taobao.com[第3/5页]
23:48 开始抓取店铺产品:https://shop108325378.taobao.com[第4/5页]
23:48 开始抓取店铺产品:https://shop108325378.taobao.com[第5/5页]
23:48 抓取店铺产品信息完毕:https://shop108325378.taobao.com
23:48 开始抓取店铺产品:https://shop63812317.taobao.com
23:48 开始抓取店铺产品:https://shop63812317.taobao.com[第1页]
23:48 开始抓取店铺产品:https://shop63812317.taobao.com[第2/5页]
23:48 开始抓取店铺产品:https://shop63812317.taobao.com[第3/5页]
23:48 开始抓取店铺产品:https://shop63812317.taobao.com[第4/5页]
23:48 开始抓取店铺产品:https://shop63812317.taobao.com[第5/5页]
23:48 抓取店铺产品信息完毕:https://shop63812317.taobao.com
23:48 开始抓取店铺产品:https://shop63812317.taobao.com
23:48 开始抓取店铺产品:https://shop63812317.taobao.com[第1页]
23:49 开始抓取淘宝:青菜[第1页]
23:49 抓取淘宝结果:青菜[条数:20][第1/未知页]
23:49 开始抓取淘宝:青菜[第2 / 100页]
23:49 抓取淘宝结果:青菜[条数:20][第2/100页]
23:49 开始抓取淘宝:青菜[第3 / 100页]
23:49 抓取淘宝结果:青菜[条数:20][第3/100页]
23:49 开始抓取淘宝:青菜[第4 / 100页]
23:49 抓取淘宝结果:青菜[条数:20][第4/100页]
23:49 开始抓取淘宝:青菜[第5 / 100页]
23:49 抓取淘宝结果:青菜[条数:20][第5/100页]
23:49 开始抓取淘宝:青菜[第6 / 100页]
23:49 抓取淘宝结果:青菜[条数:20][第6/100页]
23:49 开始抓取淘宝:青菜[第7 / 100页]
23:49 抓取淘宝结果:青菜[条数:20][第7/100页]
23:49 开始抓取淘宝:青菜[第8 / 100页]
23:49 抓取淘宝结果:青菜[条数:20][第8/100页]
23:49 开始抓取淘宝:青菜[第9 / 100页]
23:49 抓取淘宝结果:青菜[条数:20][第9/100页]
23:49 开始抓取淘宝:青菜[第10 / 100页]
23:49 抓取淘宝结果:青菜[条数:20][第10/100页]
23:49 开始抓取淘宝:青菜[第11 / 100页]
23:49 抓取淘宝结果:青菜[条数:20][第11/100页]
23:49 开始抓取淘宝:青菜[第12 / 100页]
23:49 抓取淘宝结果:青菜[条数:20][第12/100页]
23:49 开始抓取淘宝:青菜[第13 / 100页]
23:49 抓取淘宝结果:青菜[条数:20][第13/100页]
23:49 开始抓取淘宝:青菜[第14 / 100页]
23:49 抓取淘宝结果:青菜[条数:20][第14/100页]
23:49 开始抓取淘宝:青菜[第15 / 100页]
23:49 抓取淘宝结果:青菜[条数:20][第15/100页]
23:49 开始抓取淘宝:青菜[第16 / 100页]
23:49 抓取淘宝结果:青菜[条数:20][第16/100页]
23:49 开始抓取淘宝:青菜[第17 / 100页]
23:49 抓取淘宝结果:青菜[条数:20][第17/100页]
23:49 开始抓取淘宝:青菜[第18 / 100页]
23:49 抓取淘宝结果:青菜[条数:20][第18/100页]
23:49 开始抓取淘宝:青菜[第19 / 100页]
23:49 抓取淘宝结果:青菜[条数:20][第19/100页]
23:49 开始抓取淘宝:青菜[第20 / 100页]
23:49 抓取淘宝结果:青菜[条数:20][第20/100页]
23:49 开始抓取淘宝:青菜[第21 / 100页]
23:49 开始抓取店铺产品:https://shop108325378.taobao.com
23:49 抓取淘宝结果:青菜[条数:20][第21/100页]
23:49 开始抓取淘宝:青菜[第22 / 100页]
23:49 开始抓取店铺产品:https://shop108325378.taobao.com[第1页]
23:49 抓取淘宝结果:青菜[条数:20][第22/100页]
23:49 开始抓取淘宝:青菜[第23 / 100页]
23:49 抓取淘宝结果:青菜[条数:20][第23/100页]
23:49 开始抓取淘宝:青菜[第24 / 100页]
23:49 抓取淘宝结果:青菜[条数:20][第24/100页]
23:49 开始抓取淘宝:青菜[第25 / 100页]
23:52 开始抓取淘宝:青菜[第1页]
23:52 抓取淘宝结果:青菜[条数:20][第1/未知页]
23:52 开始抓取淘宝:青菜[第2 / 100页]
23:52 抓取淘宝结果:青菜[条数:20][第2/100页]
23:52 开始抓取淘宝:青菜[第3 / 100页]
23:52 抓取淘宝结果:青菜[条数:20][第3/100页]
23:52 开始抓取淘宝:青菜[第4 / 100页]
23:52 抓取淘宝结果:青菜[条数:20][第4/100页]
23:52 开始抓取淘宝:青菜[第5 / 100页]
23:52 抓取淘宝结果:青菜[条数:20][第5/100页]
23:52 开始抓取淘宝:青菜[第6 / 100页]
23:52 抓取天猫:青菜 完毕
23:52 开始抓取店铺产品:https://shop108325378.taobao.com
23:52 开始抓取店铺产品:https://shop108325378.taobao.com[第1页]
23:52 开始抓取店铺产品:https://shop108325378.taobao.com[第2/5页]
23:52 开始抓取店铺产品:https://shop108325378.taobao.com[第3/5页]
23:52 开始抓取店铺产品:https://shop108325378.taobao.com[第4/5页]
23:52 开始抓取店铺产品:https://shop108325378.taobao.com[第5/5页]
23:52 抓取店铺产品信息完毕:https://shop108325378.taobao.com
23:55 开始抓取淘宝:青菜[第1页]
23:55 抓取淘宝结果:青菜[条数:20][第1/未知页]
23:55 开始抓取淘宝:青菜[第2 / 100页]
23:55 抓取淘宝结果:青菜[条数:20][第2/100页]
23:55 开始抓取淘宝:青菜[第3 / 100页]
23:55 抓取淘宝结果:青菜[条数:20][第3/100页]
23:55 开始抓取淘宝:青菜[第4 / 100页]
23:55 抓取淘宝结果:青菜[条数:20][第4/100页]
23:55 开始抓取淘宝:青菜[第5 / 100页]
23:55 抓取淘宝结果:青菜[条数:20][第5/100页]
23:55 开始抓取淘宝:青菜[第6 / 100页]
23:55 抓取淘宝结果:青菜[条数:20][第6/100页]
23:55 开始抓取淘宝:青菜[第7 / 100页]
23:55 抓取淘宝结果:青菜[条数:20][第7/100页]
23:55 开始抓取淘宝:青菜[第8 / 100页]
23:55 抓取淘宝结果:青菜[条数:20][第8/100页]
23:55 开始抓取淘宝:青菜[第9 / 100页]
23:55 抓取淘宝结果:青菜[条数:20][第9/100页]
23:55 开始抓取淘宝:青菜[第10 / 100页]
23:55 抓取淘宝结果:青菜[条数:20][第10/100页]
23:55 开始抓取淘宝:青菜[第11 / 100页]
23:55 抓取淘宝结果:青菜[条数:20][第11/100页]
23:55 开始抓取淘宝:青菜[第12 / 100页]
23:55 抓取淘宝结果:青菜[条数:20][第12/100页]
23:55 开始抓取淘宝:青菜[第13 / 100页]
23:55 抓取淘宝结果:青菜[条数:20][第13/100页]
23:55 开始抓取淘宝:青菜[第14 / 100页]
23:55 抓取淘宝结果:青菜[条数:20][第14/100页]
23:55 开始抓取淘宝:青菜[第15 / 100页]
23:55 抓取淘宝结果:青菜[条数:20][第15/100页]
23:55 开始抓取淘宝:青菜[第16 / 100页]
23:55 抓取天猫:青菜 完毕
23:55 开始抓取店铺产品:https://shop108325378.taobao.com
23:55 开始抓取店铺产品:https://shop108325378.taobao.com[第1页]
23:55 开始抓取店铺产品:https://shop108325378.taobao.com[第2/7页]
23:55 开始抓取店铺产品:https://shop108325378.taobao.com[第3/7页]
23:55 开始抓取店铺产品:https://shop108325378.taobao.com[第4/7页]
23:55 开始抓取店铺产品:https://shop108325378.taobao.com[第5/7页]
23:55 开始抓取店铺产品:https://shop108325378.taobao.com[第6/7页]
23:55 开始抓取店铺产品:https://shop108325378.taobao.com[第7/7页]
23:55 抓取店铺产品信息完毕:https://shop108325378.taobao.com
23:55 开始抓取店铺产品:https://shop63812317.taobao.com
23:55 开始抓取店铺产品:https://shop63812317.taobao.com[第1页]
23:55 开始抓取店铺产品:https://shop63812317.taobao.com[第2/9页]
23:56 开始抓取店铺产品:https://shop63812317.taobao.com[第3/9页]
23:56 开始抓取店铺产品:https://shop63812317.taobao.com[第4/9页]
23:56 开始抓取店铺产品:https://shop63812317.taobao.com[第5/9页]
23:56 开始抓取店铺产品:https://shop63812317.taobao.com[第6/9页]
23:56 抓取店铺产品信息完毕:https://shop63812317.taobao.com
23:56 开始抓取店铺产品:https://shop69770251.taobao.com
23:56 开始抓取店铺产品:https://shop69770251.taobao.com[第1页]
23:56 开始抓取店铺产品:https://shop69770251.taobao.com[第2/3页]
23:56 开始抓取店铺产品:https://shop69770251.taobao.com[第3/3页]
23:56 抓取店铺产品信息完毕:https://shop69770251.taobao.com
23:57 开始抓取天猫:青菜[第1页]
23:57 抓取天猫结果:青菜[条数:20][第1/未知页]
23:57 开始抓取天猫:青菜[第2 / 32页]
23:57 抓取天猫结果:青菜[条数:20][第2/32页]
23:57 开始抓取天猫:青菜[第3 / 32页]
23:57 抓取天猫结果:青菜[条数:20][第3/32页]
23:57 开始抓取天猫:青菜[第4 / 32页]
23:57 抓取天猫结果:青菜[条数:20][第4/32页]
23:57 开始抓取天猫:青菜[第5 / 32页]
23:57 开始抓取店铺产品:search_shopitem.htm?user_id=732808706&from=_1_&stype=search
23:57 开始抓取店铺产品:search_shopitem.htm?user_id=732808706&from=_1_&stype=search[第1页]
23:57 抓取天猫结果:青菜[条数:20][第5/32页]
23:57 开始抓取天猫:青菜[第6 / 32页]
23:57 抓取天猫结果:青菜[条数:20][第6/32页]
23:57 开始抓取天猫:青菜[第7 / 32页]
23:57 开始抓取店铺产品:search_shopitem.htm?user_id=732808706&from=_1_&stype=search[第2/2页]
23:57 抓取天猫结果:青菜[条数:20][第7/32页]
23:57 开始抓取天猫:青菜[第8 / 32页]
23:57 抓取店铺产品信息完毕:search_shopitem.htm?user_id=732808706&from=_1_&stype=search
23:57 抓取天猫结果:青菜[条数:20][第8/32页]
23:57 开始抓取天猫:青菜[第9 / 32页]
23:57 抓取天猫结果:青菜[条数:20][第9/32页]
23:57 开始抓取天猫:青菜[第10 / 32页]
23:57 抓取天猫结果:青菜[条数:20][第10/32页]
23:57 开始抓取天猫:青菜[第11 / 32页]
23:57 抓取天猫结果:青菜[条数:20][第11/32页]
23:57 开始抓取天猫:青菜[第12 / 32页]
23:57 抓取天猫结果:青菜[条数:20][第12/32页]
23:57 开始抓取天猫:青菜[第13 / 32页]
23:57 抓取天猫结果:青菜[条数:20][第13/32页]
23:57 开始抓取天猫:青菜[第14 / 32页]
23:57 抓取天猫结果:青菜[条数:20][第14/32页]
23:57 开始抓取天猫:青菜[第15 / 32页]
23:57 抓取天猫结果:青菜[条数:20][第15/32页]
23:57 开始抓取天猫:青菜[第16 / 32页]
23:57 抓取天猫结果:青菜[条数:20][第16/32页]
23:57 开始抓取天猫:青菜[第17 / 32页]
23:57 抓取天猫结果:青菜[条数:20][第17/32页]
23:57 开始抓取天猫:青菜[第18 / 32页]
23:57 抓取天猫结果:青菜[条数:20][第18/32页]
23:57 开始抓取天猫:青菜[第19 / 32页]
23:57 抓取天猫结果:青菜[条数:20][第19/32页]
23:57 开始抓取天猫:青菜[第20 / 32页]
23:57 抓取天猫结果:青菜[条数:20][第20/32页]
23:57 开始抓取天猫:青菜[第21 / 32页]
23:57 抓取天猫结果:青菜[条数:20][第21/32页]
23:57 开始抓取天猫:青菜[第22 / 32页]
23:57 抓取天猫结果:青菜[条数:20][第22/32页]
23:57 开始抓取天猫:青菜[第23 / 32页]
23:57 抓取天猫:青菜 完毕
23:57 开始抓取淘宝:青菜[第1页]
23:57 抓取淘宝结果:青菜[条数:20][第1/未知页]
23:57 开始抓取淘宝:青菜[第2 / 100页]
23:57 抓取淘宝结果:青菜[条数:20][第2/100页]
23:57 开始抓取淘宝:青菜[第3 / 100页]
23:57 抓取淘宝结果:青菜[条数:20][第3/100页]
23:57 开始抓取淘宝:青菜[第4 / 100页]
23:57 抓取淘宝结果:青菜[条数:20][第4/100页]
23:57 开始抓取淘宝:青菜[第5 / 100页]
23:57 抓取淘宝结果:青菜[条数:20][第5/100页]
23:57 开始抓取淘宝:青菜[第6 / 100页]
23:57 抓取淘宝结果:青菜[条数:20][第6/100页]
23:57 开始抓取淘宝:青菜[第7 / 100页]
23:57 抓取淘宝结果:青菜[条数:20][第7/100页]
23:57 开始抓取淘宝:青菜[第8 / 100页]
23:57 抓取淘宝结果:青菜[条数:20][第8/100页]
23:57 开始抓取淘宝:青菜[第9 / 100页]
23:57 抓取淘宝结果:青菜[条数:20][第9/100页]
23:57 开始抓取淘宝:青菜[第10 / 100页]
23:57 抓取淘宝结果:青菜[条数:20][第10/100页]
23:57 开始抓取淘宝:青菜[第11 / 100页]
23:57 抓取淘宝结果:青菜[条数:20][第11/100页]
23:57 开始抓取淘宝:青菜[第12 / 100页]
23:57 抓取淘宝结果:青菜[条数:20][第12/100页]
23:57 开始抓取淘宝:青菜[第13 / 100页]
23:57 抓取淘宝结果:青菜[条数:20][第13/100页]
23:57 开始抓取淘宝:青菜[第14 / 100页]
23:57 抓取淘宝结果:青菜[条数:20][第14/100页]
23:57 开始抓取淘宝:青菜[第15 / 100页]
23:57 抓取淘宝结果:青菜[条数:20][第15/100页]
23:57 开始抓取淘宝:青菜[第16 / 100页]
23:57 抓取淘宝结果:青菜[条数:20][第16/100页]
23:57 开始抓取淘宝:青菜[第17 / 100页]
23:57 抓取淘宝结果:青菜[条数:20][第17/100页]
23:57 开始抓取淘宝:青菜[第18 / 100页]
23:57 抓取淘宝结果:青菜[条数:20][第18/100页]
23:57 开始抓取淘宝:青菜[第19 / 100页]
23:57 抓取淘宝结果:青菜[条数:20][第19/100页]
23:57 开始抓取淘宝:青菜[第20 / 100页]
23:57 抓取淘宝结果:青菜[条数:20][第20/100页]
23:57 开始抓取淘宝:青菜[第21 / 100页]
23:57 抓取淘宝结果:青菜[条数:20][第21/100页]
23:57 开始抓取淘宝:青菜[第22 / 100页]
23:57 抓取淘宝结果:青菜[条数:20][第22/100页]
23:57 开始抓取淘宝:青菜[第23 / 100页]
23:57 抓取淘宝结果:青菜[条数:20][第23/100页]
23:57 开始抓取淘宝:青菜[第24 / 100页]
23:57 抓取淘宝结果:青菜[条数:20][第24/100页]
23:57 开始抓取淘宝:青菜[第25 / 100页]
23:57 抓取淘宝结果:青菜[条数:20][第25/100页]
23:57 开始抓取淘宝:青菜[第26 / 100页]
23:57 抓取淘宝结果:青菜[条数:20][第26/100页]
23:57 开始抓取淘宝:青菜[第27 / 100页]
23:57 抓取淘宝结果:青菜[条数:20][第27/100页]
23:57 开始抓取淘宝:青菜[第28 / 100页]
23:57 抓取淘宝结果:青菜[条数:20][第28/100页]
23:57 开始抓取淘宝:青菜[第29 / 100页]
23:57 抓取淘宝结果:青菜[条数:20][第29/100页]
23:57 开始抓取淘宝:青菜[第30 / 100页]
23:57 抓取淘宝结果:青菜[条数:20][第30/100页]
23:57 开始抓取淘宝:青菜[第31 / 100页]
23:57 抓取淘宝结果:青菜[条数:20][第31/100页]
23:57 开始抓取淘宝:青菜[第32 / 100页]
23:57 抓取淘宝结果:青菜[条数:20][第32/100页]
23:57 开始抓取淘宝:青菜[第33 / 100页]
23:57 抓取淘宝结果:青菜[条数:20][第33/100页]
23:57 开始抓取淘宝:青菜[第34 / 100页]
23:57 抓取天猫:青菜 完毕
23:58 开始抓取天猫:青菜[第1页]
23:58 抓取天猫结果:青菜[条数:20][第1/未知页]
23:58 开始抓取天猫:青菜[第2 / 32页]
23:58 抓取天猫:青菜 完毕
23:58 开始抓取淘宝:青菜[第1页]
23:58 抓取淘宝结果:青菜[条数:20][第1/未知页]
23:58 开始抓取淘宝:青菜[第2 / 100页]
23:58 抓取淘宝结果:青菜[条数:20][第2/100页]
23:58 开始抓取淘宝:青菜[第3 / 100页]
23:58 抓取淘宝结果:青菜[条数:20][第3/100页]
23:58 开始抓取淘宝:青菜[第4 / 100页]
23:58 抓取淘宝结果:青菜[条数:20][第4/100页]
23:58 开始抓取淘宝:青菜[第5 / 100页]
23:58 抓取淘宝结果:青菜[条数:20][第5/100页]
23:58 开始抓取淘宝:青菜[第6 / 100页]
23:58 抓取淘宝结果:青菜[条数:20][第6/100页]
23:58 开始抓取淘宝:青菜[第7 / 100页]
23:58 抓取淘宝结果:青菜[条数:20][第7/100页]
23:58 开始抓取淘宝:青菜[第8 / 100页]
23:58 抓取淘宝结果:青菜[条数:20][第8/100页]
23:58 开始抓取淘宝:青菜[第9 / 100页]
23:58 抓取淘宝结果:青菜[条数:20][第9/100页]
23:58 开始抓取淘宝:青菜[第10 / 100页]
23:58 抓取淘宝结果:青菜[条数:20][第10/100页]
23:58 开始抓取淘宝:青菜[第11 / 100页]
23:58 抓取淘宝结果:青菜[条数:20][第11/100页]
23:58 开始抓取淘宝:青菜[第12 / 100页]
23:58 抓取淘宝结果:青菜[条数:20][第12/100页]
23:58 开始抓取淘宝:青菜[第13 / 100页]
23:58 抓取淘宝结果:青菜[条数:20][第13/100页]
23:58 开始抓取淘宝:青菜[第14 / 100页]
23:58 抓取淘宝结果:青菜[条数:20][第14/100页]
23:58 开始抓取淘宝:青菜[第15 / 100页]
23:58 抓取淘宝结果:青菜[条数:20][第15/100页]
23:58 开始抓取淘宝:青菜[第16 / 100页]
23:58 抓取淘宝结果:青菜[条数:20][第16/100页]
23:58 开始抓取淘宝:青菜[第17 / 100页]
23:58 抓取淘宝结果:青菜[条数:20][第17/100页]
23:58 开始抓取淘宝:青菜[第18 / 100页]
23:58 抓取天猫:青菜 完毕
