12:42 开始抓取天猫:青菜[第1页]
12:42 抓取天猫结果:青菜[条数:20][第1/未知页]
12:42 开始抓取天猫:青菜[第2 / 33页]
12:42 抓取天猫结果:青菜[条数:20][第2/33页]
12:42 开始抓取天猫:青菜[第3 / 33页]
12:42 抓取天猫结果:青菜[条数:20][第3/33页]
12:42 开始抓取天猫:青菜[第4 / 33页]
12:42 抓取天猫结果:青菜[条数:20][第4/33页]
12:42 开始抓取天猫:青菜[第5 / 33页]
12:42 抓取天猫结果:青菜[条数:20][第5/33页]
12:42 开始抓取天猫:青菜[第6 / 33页]
12:42 抓取天猫结果:青菜[条数:20][第6/33页]
12:42 开始抓取天猫:青菜[第7 / 33页]
12:42 抓取天猫结果:青菜[条数:20][第7/33页]
12:42 开始抓取天猫:青菜[第8 / 33页]
12:42 抓取天猫结果:青菜[条数:20][第8/33页]
12:42 开始抓取天猫:青菜[第9 / 33页]
12:42 抓取天猫结果:青菜[条数:20][第9/33页]
12:42 开始抓取天猫:青菜[第10 / 33页]
12:42 抓取天猫结果:青菜[条数:20][第10/33页]
12:42 开始抓取天猫:青菜[第11 / 33页]
12:42 抓取天猫结果:青菜[条数:20][第11/33页]
12:42 开始抓取天猫:青菜[第12 / 33页]
12:42 抓取天猫结果:青菜[条数:20][第12/33页]
12:42 开始抓取天猫:青菜[第13 / 33页]
12:42 抓取天猫结果:青菜[条数:20][第13/33页]
12:42 开始抓取天猫:青菜[第14 / 33页]
12:42 抓取天猫结果:青菜[条数:20][第14/33页]
12:42 开始抓取天猫:青菜[第15 / 33页]
12:42 抓取天猫:青菜 完毕
12:43 开始抓取淘宝:青菜[第1页]
12:43 抓取淘宝结果:青菜[条数:20][第1/未知页]
12:43 开始抓取淘宝:青菜[第2 / 8页]
12:43 抓取淘宝结果:青菜[条数:20][第2/8页]
12:43 开始抓取淘宝:青菜[第3 / 8页]
12:43 抓取淘宝结果:青菜[条数:20][第3/8页]
12:43 开始抓取淘宝:青菜[第4 / 8页]
12:43 抓取淘宝结果:青菜[条数:20][第4/8页]
12:43 开始抓取淘宝:青菜[第5 / 8页]
12:43 抓取淘宝结果:青菜[条数:20][第5/8页]
12:43 开始抓取淘宝:青菜[第6 / 8页]
12:43 抓取淘宝结果:青菜[条数:20][第6/8页]
12:43 开始抓取淘宝:青菜[第7 / 8页]
12:43 抓取淘宝结果:青菜[条数:20][第7/8页]
12:43 开始抓取淘宝:青菜[第8 / 8页]
12:43 抓取淘宝结果:青菜[条数:10][第8/8页]
12:43 抓取天猫:青菜 完毕
12:43 开始抓取店铺产品:https://shop71897083.taobao.com
12:43 开始抓取店铺产品:https://shop71897083.taobao.com[第1页]
12:43 抓取店铺产品信息完毕:https://shop71897083.taobao.com
12:43 开始抓取店铺产品:https://shop33624805.taobao.com
12:43 开始抓取店铺产品:https://shop33624805.taobao.com[第1页]
12:43 抓取店铺产品信息完毕:https://shop33624805.taobao.com
