0:51 开始抓取淘宝:青菜[第1页]
0:51 抓取淘宝结果:青菜[条数:20][第1/未知页]
0:51 开始抓取淘宝:青菜[第2 / 8页]
0:51 抓取淘宝结果:青菜[条数:20][第2/8页]
0:51 开始抓取淘宝:青菜[第3 / 8页]
0:51 抓取淘宝结果:青菜[条数:20][第3/8页]
0:51 开始抓取淘宝:青菜[第4 / 8页]
0:51 抓取淘宝结果:青菜[条数:20][第4/8页]
0:51 开始抓取淘宝:青菜[第5 / 8页]
0:51 抓取淘宝结果:青菜[条数:20][第5/8页]
0:51 开始抓取淘宝:青菜[第6 / 8页]
0:51 抓取淘宝结果:青菜[条数:20][第6/8页]
0:51 开始抓取淘宝:青菜[第7 / 8页]
0:51 抓取淘宝结果:青菜[条数:20][第7/8页]
0:51 开始抓取淘宝:青菜[第8 / 8页]
0:51 抓取淘宝结果:青菜[条数:12][第8/8页]
0:51 抓取天猫:青菜 完毕
0:51 开始抓取淘宝:青菜[第1页]
0:51 抓取淘宝结果:青菜[条数:20][第1/未知页]
0:51 开始抓取淘宝:青菜[第2 / 8页]
0:51 抓取淘宝结果:青菜[条数:20][第2/8页]
0:51 开始抓取淘宝:青菜[第3 / 8页]
0:51 抓取淘宝结果:青菜[条数:20][第3/8页]
0:51 开始抓取淘宝:青菜[第4 / 8页]
0:51 抓取淘宝结果:青菜[条数:20][第4/8页]
0:51 开始抓取淘宝:青菜[第5 / 8页]
0:51 抓取淘宝结果:青菜[条数:20][第5/8页]
0:51 开始抓取淘宝:青菜[第6 / 8页]
0:51 抓取淘宝结果:青菜[条数:20][第6/8页]
0:51 开始抓取淘宝:青菜[第7 / 8页]
0:51 抓取淘宝结果:青菜[条数:20][第7/8页]
0:51 开始抓取淘宝:青菜[第8 / 8页]
0:51 抓取淘宝结果:青菜[条数:12][第8/8页]
0:51 抓取天猫:青菜 完毕
0:51 开始抓取店铺产品:https://shop61917577.taobao.com
0:51 开始抓取店铺产品:https://shop61917577.taobao.com[第1页]
0:51 抓取店铺产品信息完毕:https://shop61917577.taobao.com
0:51 开始抓取店铺产品:https://shop37041878.taobao.com
0:51 开始抓取店铺产品:https://shop37041878.taobao.com[第1页]
0:51 抓取店铺产品信息完毕:https://shop37041878.taobao.com
0:51 开始抓取店铺产品:https://shop36764791.taobao.com
0:51 开始抓取店铺产品:https://shop36764791.taobao.com[第1页]
0:51 开始抓取店铺产品:https://shop36764791.taobao.com[第2/5页]
0:51 开始抓取店铺产品:https://shop36764791.taobao.com[第3/5页]
0:51 开始抓取店铺产品:https://shop36764791.taobao.com[第4/5页]
0:51 开始抓取店铺产品:https://shop36764791.taobao.com[第5/5页]
0:51 抓取店铺产品信息完毕:https://shop36764791.taobao.com
