14:05 开始抓取天猫:青菜[第1页]
14:05 抓取天猫结果:青菜[条数:20][第1/未知页]
14:05 开始抓取天猫:青菜[第2 / 11页]
14:05 抓取天猫结果:青菜[条数:20][第2/11页]
14:05 开始抓取天猫:青菜[第3 / 11页]
14:05 抓取天猫结果:青菜[条数:20][第3/11页]
14:05 开始抓取天猫:青菜[第4 / 11页]
14:05 抓取天猫结果:青菜[条数:20][第4/11页]
14:05 开始抓取天猫:青菜[第5 / 11页]
14:05 抓取天猫结果:青菜[条数:20][第5/11页]
14:05 开始抓取天猫:青菜[第6 / 11页]
14:05 抓取天猫结果:青菜[条数:20][第6/11页]
14:05 开始抓取天猫:青菜[第7 / 11页]
14:05 抓取天猫结果:青菜[条数:20][第7/11页]
14:05 开始抓取天猫:青菜[第8 / 11页]
14:05 抓取天猫结果:青菜[条数:20][第8/11页]
14:05 开始抓取天猫:青菜[第9 / 11页]
14:05 抓取天猫结果:青菜[条数:20][第9/11页]
14:05 开始抓取天猫:青菜[第10 / 11页]
14:05 抓取天猫结果:青菜[条数:20][第10/11页]
14:05 开始抓取天猫:青菜[第11 / 11页]
14:05 抓取天猫结果:青菜[条数:3][第11/11页]
14:05 抓取天猫:青菜 完毕
14:05 开始抓取店铺产品:search_shopitem.htm?user_id=2471189597&from=_1_&stype=search
14:05 开始抓取店铺产品:search_shopitem.htm?user_id=2471189597&from=_1_&stype=search[第1页]
14:05 开始抓取店铺产品:search_shopitem.htm?user_id=2471189597&from=_1_&stype=search[第2/9页]
14:05 开始抓取店铺产品:search_shopitem.htm?user_id=2471189597&from=_1_&stype=search[第3/9页]
14:05 开始抓取店铺产品:search_shopitem.htm?user_id=2471189597&from=_1_&stype=search[第4/9页]
14:05 开始抓取店铺产品:search_shopitem.htm?user_id=2471189597&from=_1_&stype=search[第5/9页]
14:05 开始抓取店铺产品:search_shopitem.htm?user_id=2471189597&from=_1_&stype=search[第6/9页]
14:05 开始抓取店铺产品:search_shopitem.htm?user_id=2471189597&from=_1_&stype=search[第7/9页]
14:05 开始抓取店铺产品:search_shopitem.htm?user_id=2471189597&from=_1_&stype=search[第8/9页]
14:05 开始抓取店铺产品:search_shopitem.htm?user_id=2471189597&from=_1_&stype=search[第9/9页]
14:05 抓取店铺产品信息完毕:search_shopitem.htm?user_id=2471189597&from=_1_&stype=search
14:05 开始抓取店铺产品:search_shopitem.htm?user_id=681669022&from=_1_&stype=search
14:05 开始抓取店铺产品:search_shopitem.htm?user_id=681669022&from=_1_&stype=search[第1页]
14:05 开始抓取店铺产品:search_shopitem.htm?user_id=681669022&from=_1_&stype=search[第2/5页]
14:05 开始抓取店铺产品:search_shopitem.htm?user_id=681669022&from=_1_&stype=search[第3/5页]
14:05 开始抓取店铺产品:search_shopitem.htm?user_id=681669022&from=_1_&stype=search[第4/5页]
14:05 开始抓取店铺产品:search_shopitem.htm?user_id=681669022&from=_1_&stype=search[第5/5页]
14:05 抓取店铺产品信息完毕:search_shopitem.htm?user_id=681669022&from=_1_&stype=search
