0:00 开始抓取天猫:青菜[第1页]
0:00 抓取天猫结果:青菜[条数:20][第1/未知页]
0:00 开始抓取天猫:青菜[第2 / 32页]
0:00 抓取天猫结果:青菜[条数:20][第2/32页]
0:00 开始抓取天猫:青菜[第3 / 32页]
0:00 抓取天猫:青菜 完毕
0:00 开始抓取淘宝:青菜[第1页]
0:00 抓取淘宝结果:青菜[条数:20][第1/未知页]
0:00 开始抓取淘宝:青菜[第2 / 100页]
0:00 抓取淘宝结果:青菜[条数:20][第2/100页]
0:00 开始抓取淘宝:青菜[第3 / 100页]
0:00 抓取淘宝结果:青菜[条数:20][第3/100页]
0:00 开始抓取淘宝:青菜[第4 / 100页]
0:00 抓取淘宝结果:青菜[条数:20][第4/100页]
0:00 开始抓取淘宝:青菜[第5 / 100页]
0:00 抓取淘宝结果:青菜[条数:20][第5/100页]
0:00 开始抓取淘宝:青菜[第6 / 100页]
0:00 抓取淘宝结果:青菜[条数:20][第6/100页]
0:00 开始抓取淘宝:青菜[第7 / 100页]
0:00 抓取淘宝结果:青菜[条数:20][第7/100页]
0:00 开始抓取淘宝:青菜[第8 / 100页]
0:00 抓取天猫:青菜 完毕
0:00 开始抓取淘宝:青菜[第1页]
0:00 抓取淘宝结果:青菜[条数:20][第1/未知页]
0:00 开始抓取淘宝:青菜[第2 / 100页]
0:00 抓取淘宝结果:青菜[条数:20][第2/100页]
0:00 开始抓取淘宝:青菜[第3 / 100页]
0:00 抓取淘宝结果:青菜[条数:20][第3/100页]
0:00 开始抓取淘宝:青菜[第4 / 100页]
0:00 抓取淘宝结果:青菜[条数:20][第4/100页]
0:00 开始抓取淘宝:青菜[第5 / 100页]
0:00 抓取淘宝结果:青菜[条数:20][第5/100页]
0:00 开始抓取淘宝:青菜[第6 / 100页]
0:00 抓取淘宝结果:青菜[条数:20][第6/100页]
0:00 开始抓取淘宝:青菜[第7 / 100页]
0:00 抓取天猫:青菜 完毕
0:00 开始抓取天猫:青菜[第1页]
0:00 抓取天猫结果:青菜[条数:20][第1/未知页]
0:00 开始抓取天猫:青菜[第2 / 32页]
0:00 抓取天猫结果:青菜[条数:20][第2/32页]
0:00 开始抓取天猫:青菜[第3 / 32页]
0:00 抓取天猫:青菜 完毕
0:00 开始抓取淘宝:青菜[第1页]
0:00 抓取淘宝结果:青菜[条数:20][第1/未知页]
0:00 开始抓取淘宝:青菜[第2 / 100页]
0:00 抓取淘宝结果:青菜[条数:20][第2/100页]
0:00 开始抓取淘宝:青菜[第3 / 100页]
0:00 抓取淘宝结果:青菜[条数:20][第3/100页]
0:00 开始抓取淘宝:青菜[第4 / 100页]
0:00 抓取淘宝结果:青菜[条数:20][第4/100页]
0:00 开始抓取淘宝:青菜[第5 / 100页]
0:00 抓取淘宝结果:青菜[条数:20][第5/100页]
0:00 开始抓取淘宝:青菜[第6 / 100页]
0:00 抓取天猫:青菜 完毕
2:18 开始抓取天猫:青菜[第1页]
2:18 抓取天猫结果:青菜[条数:20][第1/未知页]
2:18 开始抓取天猫:青菜[第2 / 33页]
2:18 抓取天猫结果:青菜[条数:20][第2/33页]
2:18 开始抓取天猫:青菜[第3 / 33页]
2:18 抓取天猫结果:青菜[条数:20][第3/33页]
2:18 开始抓取天猫:青菜[第4 / 33页]
2:18 抓取天猫结果:青菜[条数:20][第4/33页]
2:18 开始抓取天猫:青菜[第5 / 33页]
2:18 抓取天猫结果:青菜[条数:20][第5/33页]
2:18 开始抓取天猫:青菜[第6 / 33页]
2:18 抓取天猫结果:青菜[条数:20][第6/33页]
2:18 开始抓取天猫:青菜[第7 / 33页]
2:18 抓取天猫结果:青菜[条数:20][第7/33页]
2:18 开始抓取天猫:青菜[第8 / 33页]
2:18 抓取天猫结果:青菜[条数:20][第8/33页]
2:18 开始抓取天猫:青菜[第9 / 33页]
2:18 抓取天猫结果:青菜[条数:20][第9/33页]
2:18 开始抓取天猫:青菜[第10 / 33页]
2:18 抓取天猫结果:青菜[条数:20][第10/33页]
2:18 开始抓取天猫:青菜[第11 / 33页]
2:18 抓取天猫结果:青菜[条数:20][第11/33页]
2:18 开始抓取天猫:青菜[第12 / 33页]
2:18 抓取天猫结果:青菜[条数:20][第12/33页]
2:18 开始抓取天猫:青菜[第13 / 33页]
2:18 抓取天猫结果:青菜[条数:20][第13/33页]
2:18 开始抓取天猫:青菜[第14 / 33页]
2:18 开始抓取店铺产品:search_shopitem.htm?user_id=2547047957&from=_1_&stype=search
2:18 开始抓取店铺产品:search_shopitem.htm?user_id=2547047957&from=_1_&stype=search[第1页]
2:18 抓取天猫结果:青菜[条数:20][第14/33页]
2:18 开始抓取天猫:青菜[第15 / 33页]
2:18 抓取天猫结果:青菜[条数:20][第15/33页]
2:18 开始抓取天猫:青菜[第16 / 33页]
2:18 开始抓取店铺产品:search_shopitem.htm?user_id=2547047957&from=_1_&stype=search[第2/100页]
2:18 抓取天猫结果:青菜[条数:20][第16/33页]
2:18 开始抓取天猫:青菜[第17 / 33页]
2:18 抓取天猫结果:青菜[条数:20][第17/33页]
2:18 开始抓取天猫:青菜[第18 / 33页]
2:18 抓取天猫结果:青菜[条数:20][第18/33页]
2:18 开始抓取天猫:青菜[第19 / 33页]
2:18 开始抓取店铺产品:search_shopitem.htm?user_id=2547047957&from=_1_&stype=search[第3/100页]
2:18 抓取天猫结果:青菜[条数:20][第19/33页]
2:18 开始抓取天猫:青菜[第20 / 33页]
2:18 抓取天猫结果:青菜[条数:20][第20/33页]
2:18 开始抓取天猫:青菜[第21 / 33页]
2:18 开始抓取店铺产品:search_shopitem.htm?user_id=2547047957&from=_1_&stype=search[第4/100页]
2:18 抓取天猫结果:青菜[条数:20][第21/33页]
2:18 开始抓取天猫:青菜[第22 / 33页]
2:18 抓取天猫结果:青菜[条数:20][第22/33页]
2:18 开始抓取天猫:青菜[第23 / 33页]
2:18 开始抓取店铺产品:search_shopitem.htm?user_id=2547047957&from=_1_&stype=search[第5/100页]
2:18 抓取天猫结果:青菜[条数:20][第23/33页]
2:18 开始抓取天猫:青菜[第24 / 33页]
2:18 抓取天猫结果:青菜[条数:20][第24/33页]
2:18 开始抓取天猫:青菜[第25 / 33页]
2:18 抓取天猫结果:青菜[条数:20][第25/33页]
2:18 开始抓取天猫:青菜[第26 / 33页]
2:18 开始抓取店铺产品:search_shopitem.htm?user_id=2547047957&from=_1_&stype=search[第6/100页]
2:18 抓取天猫结果:青菜[条数:20][第26/33页]
2:18 开始抓取天猫:青菜[第27 / 33页]
2:18 抓取天猫结果:青菜[条数:20][第27/33页]
2:18 开始抓取天猫:青菜[第28 / 33页]
2:18 开始抓取店铺产品:search_shopitem.htm?user_id=2547047957&from=_1_&stype=search[第7/100页]
2:18 抓取天猫结果:青菜[条数:20][第28/33页]
2:18 开始抓取天猫:青菜[第29 / 33页]
2:18 抓取天猫结果:青菜[条数:20][第29/33页]
2:18 开始抓取天猫:青菜[第30 / 33页]
2:18 开始抓取店铺产品:search_shopitem.htm?user_id=2547047957&from=_1_&stype=search[第8/100页]
2:18 抓取天猫结果:青菜[条数:20][第30/33页]
2:18 开始抓取天猫:青菜[第31 / 33页]
2:18 抓取天猫结果:青菜[条数:20][第31/33页]
2:18 开始抓取天猫:青菜[第32 / 33页]
2:18 开始抓取店铺产品:search_shopitem.htm?user_id=2547047957&from=_1_&stype=search[第9/100页]
2:18 抓取天猫结果:青菜[条数:20][第32/33页]
2:18 开始抓取天猫:青菜[第33 / 33页]
2:18 抓取天猫结果:青菜[条数:1][第33/33页]
2:18 抓取天猫:青菜 完毕
2:18 开始抓取店铺产品:search_shopitem.htm?user_id=2547047957&from=_1_&stype=search[第10/100页]
2:19 开始抓取店铺产品:search_shopitem.htm?user_id=2547047957&from=_1_&stype=search[第11/100页]
2:19 开始抓取店铺产品:search_shopitem.htm?user_id=2547047957&from=_1_&stype=search[第12/100页]
2:19 开始抓取店铺产品:search_shopitem.htm?user_id=2547047957&from=_1_&stype=search[第13/100页]
2:19 开始抓取店铺产品:search_shopitem.htm?user_id=2547047957&from=_1_&stype=search[第14/100页]
2:19 开始抓取店铺产品:search_shopitem.htm?user_id=2547047957&from=_1_&stype=search[第15/100页]
2:19 开始抓取店铺产品:search_shopitem.htm?user_id=2547047957&from=_1_&stype=search[第16/100页]
2:19 开始抓取店铺产品:search_shopitem.htm?user_id=2547047957&from=_1_&stype=search[第17/100页]
2:19 开始抓取店铺产品:search_shopitem.htm?user_id=2547047957&from=_1_&stype=search[第18/100页]
2:19 开始抓取店铺产品:search_shopitem.htm?user_id=2547047957&from=_1_&stype=search[第19/100页]
2:19 开始抓取店铺产品:search_shopitem.htm?user_id=2547047957&from=_1_&stype=search[第20/100页]
2:19 开始抓取店铺产品:search_shopitem.htm?user_id=2547047957&from=_1_&stype=search[第21/100页]
2:19 开始抓取店铺产品:search_shopitem.htm?user_id=2547047957&from=_1_&stype=search[第22/100页]
2:19 开始抓取店铺产品:search_shopitem.htm?user_id=2547047957&from=_1_&stype=search[第23/100页]
2:19 开始抓取店铺产品:search_shopitem.htm?user_id=2547047957&from=_1_&stype=search[第24/100页]
2:19 开始抓取店铺产品:search_shopitem.htm?user_id=2547047957&from=_1_&stype=search[第25/100页]
2:19 开始抓取店铺产品:search_shopitem.htm?user_id=2547047957&from=_1_&stype=search[第26/100页]
2:19 开始抓取店铺产品:search_shopitem.htm?user_id=2547047957&from=_1_&stype=search[第27/100页]
2:19 开始抓取店铺产品:search_shopitem.htm?user_id=2547047957&from=_1_&stype=search[第28/100页]
2:19 开始抓取店铺产品:search_shopitem.htm?user_id=2547047957&from=_1_&stype=search[第29/100页]
2:19 开始抓取店铺产品:search_shopitem.htm?user_id=2547047957&from=_1_&stype=search[第30/100页]
2:19 开始抓取店铺产品:search_shopitem.htm?user_id=2547047957&from=_1_&stype=search[第31/100页]
2:19 开始抓取店铺产品:search_shopitem.htm?user_id=2547047957&from=_1_&stype=search[第32/100页]
2:19 开始抓取店铺产品:search_shopitem.htm?user_id=2547047957&from=_1_&stype=search[第33/100页]
2:19 开始抓取店铺产品:search_shopitem.htm?user_id=2547047957&from=_1_&stype=search[第34/100页]
2:19 开始抓取店铺产品:search_shopitem.htm?user_id=2547047957&from=_1_&stype=search[第35/100页]
2:19 开始抓取店铺产品:search_shopitem.htm?user_id=2547047957&from=_1_&stype=search[第36/100页]
2:19 开始抓取店铺产品:search_shopitem.htm?user_id=2547047957&from=_1_&stype=search[第37/100页]
2:19 开始抓取店铺产品:search_shopitem.htm?user_id=2547047957&from=_1_&stype=search[第38/100页]
2:19 开始抓取店铺产品:search_shopitem.htm?user_id=2547047957&from=_1_&stype=search[第39/100页]
2:19 开始抓取店铺产品:search_shopitem.htm?user_id=2547047957&from=_1_&stype=search[第40/100页]
2:19 开始抓取店铺产品:search_shopitem.htm?user_id=2547047957&from=_1_&stype=search[第41/100页]
2:19 开始抓取店铺产品:search_shopitem.htm?user_id=2547047957&from=_1_&stype=search[第42/100页]
2:19 开始抓取店铺产品:search_shopitem.htm?user_id=2547047957&from=_1_&stype=search[第43/100页]
2:19 开始抓取店铺产品:search_shopitem.htm?user_id=2547047957&from=_1_&stype=search[第44/100页]
2:19 开始抓取店铺产品:search_shopitem.htm?user_id=2547047957&from=_1_&stype=search[第45/100页]
2:19 开始抓取店铺产品:search_shopitem.htm?user_id=2547047957&from=_1_&stype=search[第46/100页]
2:20 开始抓取店铺产品:search_shopitem.htm?user_id=2547047957&from=_1_&stype=search[第47/100页]
2:20 开始抓取店铺产品:search_shopitem.htm?user_id=2547047957&from=_1_&stype=search[第48/100页]
2:20 开始抓取店铺产品:search_shopitem.htm?user_id=2547047957&from=_1_&stype=search[第49/100页]
2:20 开始抓取店铺产品:search_shopitem.htm?user_id=2547047957&from=_1_&stype=search[第50/100页]
2:20 开始抓取店铺产品:search_shopitem.htm?user_id=2547047957&from=_1_&stype=search[第51/100页]
2:20 开始抓取店铺产品:search_shopitem.htm?user_id=2547047957&from=_1_&stype=search[第52/100页]
2:20 开始抓取店铺产品:search_shopitem.htm?user_id=2547047957&from=_1_&stype=search[第53/100页]
2:20 开始抓取店铺产品:search_shopitem.htm?user_id=2547047957&from=_1_&stype=search[第54/100页]
2:20 开始抓取店铺产品:search_shopitem.htm?user_id=2547047957&from=_1_&stype=search[第55/100页]
2:20 开始抓取店铺产品:search_shopitem.htm?user_id=2547047957&from=_1_&stype=search[第56/100页]
2:20 开始抓取店铺产品:search_shopitem.htm?user_id=2547047957&from=_1_&stype=search[第57/100页]
2:20 开始抓取店铺产品:search_shopitem.htm?user_id=2547047957&from=_1_&stype=search[第58/100页]
2:20 开始抓取店铺产品:search_shopitem.htm?user_id=2547047957&from=_1_&stype=search[第59/100页]
2:20 开始抓取店铺产品:search_shopitem.htm?user_id=2547047957&from=_1_&stype=search[第60/100页]
2:20 开始抓取店铺产品:search_shopitem.htm?user_id=2547047957&from=_1_&stype=search[第61/100页]
2:20 开始抓取店铺产品:search_shopitem.htm?user_id=2547047957&from=_1_&stype=search[第62/100页]
2:20 开始抓取店铺产品:search_shopitem.htm?user_id=2547047957&from=_1_&stype=search[第63/100页]
2:20 开始抓取店铺产品:search_shopitem.htm?user_id=2547047957&from=_1_&stype=search[第64/100页]
2:20 开始抓取店铺产品:search_shopitem.htm?user_id=2547047957&from=_1_&stype=search[第65/100页]
2:20 开始抓取店铺产品:search_shopitem.htm?user_id=2547047957&from=_1_&stype=search[第66/100页]
2:20 开始抓取店铺产品:search_shopitem.htm?user_id=2547047957&from=_1_&stype=search[第67/100页]
2:20 开始抓取店铺产品:search_shopitem.htm?user_id=2547047957&from=_1_&stype=search[第68/100页]
2:20 开始抓取店铺产品:search_shopitem.htm?user_id=2547047957&from=_1_&stype=search[第69/100页]
2:20 开始抓取店铺产品:search_shopitem.htm?user_id=2547047957&from=_1_&stype=search[第70/100页]
2:20 开始抓取店铺产品:search_shopitem.htm?user_id=2547047957&from=_1_&stype=search[第71/100页]
2:20 开始抓取店铺产品:search_shopitem.htm?user_id=2547047957&from=_1_&stype=search[第72/100页]
2:20 开始抓取店铺产品:search_shopitem.htm?user_id=2547047957&from=_1_&stype=search[第73/100页]
2:20 开始抓取店铺产品:search_shopitem.htm?user_id=2547047957&from=_1_&stype=search[第74/100页]
2:20 开始抓取店铺产品:search_shopitem.htm?user_id=2547047957&from=_1_&stype=search[第75/100页]
2:20 开始抓取店铺产品:search_shopitem.htm?user_id=2547047957&from=_1_&stype=search[第76/100页]
2:20 开始抓取店铺产品:search_shopitem.htm?user_id=2547047957&from=_1_&stype=search[第77/100页]
2:20 开始抓取店铺产品:search_shopitem.htm?user_id=2547047957&from=_1_&stype=search[第78/100页]
2:20 开始抓取店铺产品:search_shopitem.htm?user_id=2547047957&from=_1_&stype=search[第79/100页]
2:20 开始抓取店铺产品:search_shopitem.htm?user_id=2547047957&from=_1_&stype=search[第80/100页]
2:20 开始抓取店铺产品:search_shopitem.htm?user_id=2547047957&from=_1_&stype=search[第81/100页]
2:21 开始抓取店铺产品:search_shopitem.htm?user_id=2547047957&from=_1_&stype=search[第82/100页]
2:21 开始抓取店铺产品:search_shopitem.htm?user_id=2547047957&from=_1_&stype=search[第83/100页]
2:21 开始抓取店铺产品:search_shopitem.htm?user_id=2547047957&from=_1_&stype=search[第84/100页]
2:21 开始抓取店铺产品:search_shopitem.htm?user_id=2547047957&from=_1_&stype=search[第85/100页]
2:21 开始抓取店铺产品:search_shopitem.htm?user_id=2547047957&from=_1_&stype=search[第86/100页]
2:21 开始抓取店铺产品:search_shopitem.htm?user_id=2547047957&from=_1_&stype=search[第87/100页]
2:21 开始抓取店铺产品:search_shopitem.htm?user_id=2547047957&from=_1_&stype=search[第88/100页]
2:21 开始抓取店铺产品:search_shopitem.htm?user_id=2547047957&from=_1_&stype=search[第89/100页]
2:21 开始抓取店铺产品:search_shopitem.htm?user_id=2547047957&from=_1_&stype=search[第90/100页]
2:21 开始抓取店铺产品:search_shopitem.htm?user_id=2547047957&from=_1_&stype=search[第91/100页]
2:21 开始抓取店铺产品:search_shopitem.htm?user_id=2547047957&from=_1_&stype=search[第92/100页]
2:21 开始抓取店铺产品:search_shopitem.htm?user_id=2547047957&from=_1_&stype=search[第93/100页]
2:21 开始抓取店铺产品:search_shopitem.htm?user_id=2547047957&from=_1_&stype=search[第94/100页]
2:21 开始抓取店铺产品:search_shopitem.htm?user_id=2547047957&from=_1_&stype=search[第95/100页]
2:21 开始抓取店铺产品:search_shopitem.htm?user_id=2547047957&from=_1_&stype=search[第96/100页]
2:21 开始抓取店铺产品:search_shopitem.htm?user_id=2547047957&from=_1_&stype=search[第97/100页]
2:21 开始抓取店铺产品:search_shopitem.htm?user_id=2547047957&from=_1_&stype=search[第98/100页]
2:21 开始抓取店铺产品:search_shopitem.htm?user_id=2547047957&from=_1_&stype=search[第99/100页]
2:21 开始抓取店铺产品:search_shopitem.htm?user_id=2547047957&from=_1_&stype=search[第100/100页]
2:21 抓取店铺产品信息完毕:search_shopitem.htm?user_id=2547047957&from=_1_&stype=search
2:56 开始抓取淘宝:青菜[第1页]
2:56 抓取淘宝结果:青菜[条数:20][第1/未知页]
2:56 开始抓取淘宝:青菜[第2 / 100页]
2:56 抓取淘宝结果:青菜[条数:20][第2/100页]
2:56 开始抓取淘宝:青菜[第3 / 100页]
2:56 抓取淘宝结果:青菜[条数:20][第3/100页]
2:56 开始抓取淘宝:青菜[第4 / 100页]
2:56 抓取淘宝结果:青菜[条数:20][第4/100页]
2:56 开始抓取淘宝:青菜[第5 / 100页]
2:56 抓取淘宝结果:青菜[条数:20][第5/100页]
2:56 开始抓取淘宝:青菜[第6 / 100页]
2:56 抓取淘宝结果:青菜[条数:20][第6/100页]
2:56 开始抓取淘宝:青菜[第7 / 100页]
2:56 抓取淘宝结果:青菜[条数:20][第7/100页]
2:56 开始抓取淘宝:青菜[第8 / 100页]
2:56 抓取淘宝结果:青菜[条数:20][第8/100页]
2:56 开始抓取淘宝:青菜[第9 / 100页]
2:56 抓取淘宝结果:青菜[条数:20][第9/100页]
2:56 开始抓取淘宝:青菜[第10 / 100页]
2:56 抓取淘宝结果:青菜[条数:20][第10/100页]
2:56 开始抓取淘宝:青菜[第11 / 100页]
2:56 抓取淘宝结果:青菜[条数:20][第11/100页]
2:56 开始抓取淘宝:青菜[第12 / 100页]
2:56 抓取淘宝结果:青菜[条数:20][第12/100页]
2:56 开始抓取淘宝:青菜[第13 / 100页]
2:56 抓取淘宝结果:青菜[条数:20][第13/100页]
2:56 开始抓取淘宝:青菜[第14 / 100页]
2:56 抓取淘宝结果:青菜[条数:20][第14/100页]
2:56 开始抓取淘宝:青菜[第15 / 100页]
2:56 抓取淘宝结果:青菜[条数:20][第15/100页]
2:56 开始抓取淘宝:青菜[第16 / 100页]
2:56 抓取淘宝结果:青菜[条数:20][第16/100页]
2:56 开始抓取淘宝:青菜[第17 / 100页]
2:56 抓取淘宝结果:青菜[条数:20][第17/100页]
2:56 开始抓取淘宝:青菜[第18 / 100页]
2:56 抓取淘宝结果:青菜[条数:20][第18/100页]
2:56 开始抓取淘宝:青菜[第19 / 100页]
2:56 抓取淘宝结果:青菜[条数:20][第19/100页]
2:56 开始抓取淘宝:青菜[第20 / 100页]
2:56 抓取淘宝结果:青菜[条数:20][第20/100页]
2:56 开始抓取淘宝:青菜[第21 / 100页]
2:56 抓取淘宝结果:青菜[条数:20][第21/100页]
2:56 开始抓取淘宝:青菜[第22 / 100页]
2:56 抓取淘宝结果:青菜[条数:20][第22/100页]
2:56 开始抓取淘宝:青菜[第23 / 100页]
2:56 抓取淘宝结果:青菜[条数:20][第23/100页]
2:56 开始抓取淘宝:青菜[第24 / 100页]
2:56 抓取淘宝结果:青菜[条数:20][第24/100页]
2:56 开始抓取淘宝:青菜[第25 / 100页]
2:56 抓取淘宝结果:青菜[条数:20][第25/100页]
2:56 开始抓取淘宝:青菜[第26 / 100页]
2:56 抓取淘宝结果:青菜[条数:20][第26/100页]
2:56 开始抓取淘宝:青菜[第27 / 100页]
2:56 抓取淘宝结果:青菜[条数:20][第27/100页]
2:56 开始抓取淘宝:青菜[第28 / 100页]
2:56 抓取淘宝结果:青菜[条数:20][第28/100页]
2:56 开始抓取淘宝:青菜[第29 / 100页]
2:56 抓取淘宝结果:青菜[条数:20][第29/100页]
2:56 开始抓取淘宝:青菜[第30 / 100页]
2:56 抓取淘宝结果:青菜[条数:20][第30/100页]
2:56 开始抓取淘宝:青菜[第31 / 100页]
2:56 抓取淘宝结果:青菜[条数:20][第31/100页]
2:56 开始抓取淘宝:青菜[第32 / 100页]
2:56 抓取淘宝结果:青菜[条数:20][第32/100页]
2:56 开始抓取淘宝:青菜[第33 / 100页]
2:56 抓取淘宝结果:青菜[条数:20][第33/100页]
2:56 开始抓取淘宝:青菜[第34 / 100页]
2:56 抓取淘宝结果:青菜[条数:20][第34/100页]
2:56 开始抓取淘宝:青菜[第35 / 100页]
2:56 抓取淘宝结果:青菜[条数:20][第35/100页]
2:56 开始抓取淘宝:青菜[第36 / 100页]
2:56 抓取淘宝结果:青菜[条数:20][第36/100页]
2:56 开始抓取淘宝:青菜[第37 / 100页]
2:56 抓取淘宝结果:青菜[条数:20][第37/100页]
2:56 开始抓取淘宝:青菜[第38 / 100页]
2:56 抓取淘宝结果:青菜[条数:20][第38/100页]
2:56 开始抓取淘宝:青菜[第39 / 100页]
2:56 抓取淘宝结果:青菜[条数:20][第39/100页]
2:56 开始抓取淘宝:青菜[第40 / 100页]
2:56 抓取淘宝结果:青菜[条数:20][第40/100页]
2:56 开始抓取淘宝:青菜[第41 / 100页]
2:56 抓取淘宝结果:青菜[条数:20][第41/100页]
2:56 开始抓取淘宝:青菜[第42 / 100页]
2:56 抓取淘宝结果:青菜[条数:20][第42/100页]
2:56 开始抓取淘宝:青菜[第43 / 100页]
2:56 抓取淘宝结果:青菜[条数:20][第43/100页]
2:56 开始抓取淘宝:青菜[第44 / 100页]
2:56 抓取淘宝结果:青菜[条数:20][第44/100页]
2:56 开始抓取淘宝:青菜[第45 / 100页]
2:56 抓取淘宝结果:青菜[条数:20][第45/100页]
2:56 开始抓取淘宝:青菜[第46 / 100页]
2:56 抓取淘宝结果:青菜[条数:20][第46/100页]
2:56 开始抓取淘宝:青菜[第47 / 100页]
2:56 抓取淘宝结果:青菜[条数:20][第47/100页]
2:56 开始抓取淘宝:青菜[第48 / 100页]
2:56 抓取淘宝结果:青菜[条数:20][第48/100页]
2:56 开始抓取淘宝:青菜[第49 / 100页]
2:56 抓取淘宝结果:青菜[条数:20][第49/100页]
2:56 开始抓取淘宝:青菜[第50 / 100页]
2:56 抓取淘宝结果:青菜[条数:20][第50/100页]
2:56 开始抓取淘宝:青菜[第51 / 100页]
2:56 抓取淘宝结果:青菜[条数:20][第51/100页]
2:56 开始抓取淘宝:青菜[第52 / 100页]
2:56 抓取淘宝结果:青菜[条数:20][第52/100页]
2:56 开始抓取淘宝:青菜[第53 / 100页]
2:56 抓取淘宝结果:青菜[条数:20][第53/100页]
2:56 开始抓取淘宝:青菜[第54 / 100页]
2:56 抓取淘宝结果:青菜[条数:20][第54/100页]
2:56 开始抓取淘宝:青菜[第55 / 100页]
2:56 抓取淘宝结果:青菜[条数:20][第55/100页]
2:56 开始抓取淘宝:青菜[第56 / 100页]
2:56 抓取淘宝结果:青菜[条数:20][第56/100页]
2:56 开始抓取淘宝:青菜[第57 / 100页]
2:56 抓取淘宝结果:青菜[条数:20][第57/100页]
2:56 开始抓取淘宝:青菜[第58 / 100页]
2:56 抓取淘宝结果:青菜[条数:20][第58/100页]
2:56 开始抓取淘宝:青菜[第59 / 100页]
2:56 抓取淘宝结果:青菜[条数:20][第59/100页]
2:56 开始抓取淘宝:青菜[第60 / 100页]
2:56 抓取淘宝结果:青菜[条数:20][第60/100页]
2:56 开始抓取淘宝:青菜[第61 / 100页]
2:56 抓取淘宝结果:青菜[条数:20][第61/100页]
2:56 开始抓取淘宝:青菜[第62 / 100页]
2:56 抓取淘宝结果:青菜[条数:20][第62/100页]
2:56 开始抓取淘宝:青菜[第63 / 100页]
2:56 抓取天猫:青菜 完毕
2:58 开始抓取淘宝:青菜[第1页]
2:58 抓取淘宝结果:青菜[条数:20][第1/未知页]
2:58 开始抓取淘宝:青菜[第2 / 100页]
2:58 抓取淘宝结果:青菜[条数:20][第2/100页]
2:58 开始抓取淘宝:青菜[第3 / 100页]
2:58 抓取淘宝结果:青菜[条数:20][第3/100页]
2:58 开始抓取淘宝:青菜[第4 / 100页]
2:58 抓取淘宝结果:青菜[条数:20][第4/100页]
2:58 开始抓取淘宝:青菜[第5 / 100页]
2:58 抓取淘宝结果:青菜[条数:20][第5/100页]
2:58 开始抓取淘宝:青菜[第6 / 100页]
2:58 抓取淘宝结果:青菜[条数:20][第6/100页]
2:58 开始抓取淘宝:青菜[第7 / 100页]
2:58 抓取淘宝结果:青菜[条数:20][第7/100页]
2:58 开始抓取淘宝:青菜[第8 / 100页]
2:58 抓取淘宝结果:青菜[条数:20][第8/100页]
2:58 开始抓取淘宝:青菜[第9 / 100页]
2:58 抓取淘宝结果:青菜[条数:20][第9/100页]
2:58 开始抓取淘宝:青菜[第10 / 100页]
2:58 抓取淘宝结果:青菜[条数:20][第10/100页]
2:58 开始抓取淘宝:青菜[第11 / 100页]
2:58 抓取淘宝结果:青菜[条数:20][第11/100页]
2:58 开始抓取淘宝:青菜[第12 / 100页]
2:58 抓取淘宝结果:青菜[条数:20][第12/100页]
2:58 开始抓取淘宝:青菜[第13 / 100页]
2:58 抓取淘宝结果:青菜[条数:20][第13/100页]
2:58 开始抓取淘宝:青菜[第14 / 100页]
2:58 抓取淘宝结果:青菜[条数:20][第14/100页]
2:58 开始抓取淘宝:青菜[第15 / 100页]
2:58 抓取淘宝结果:青菜[条数:20][第15/100页]
2:58 开始抓取淘宝:青菜[第16 / 100页]
2:58 抓取淘宝结果:青菜[条数:20][第16/100页]
2:58 开始抓取淘宝:青菜[第17 / 100页]
2:58 抓取淘宝结果:青菜[条数:20][第17/100页]
2:58 开始抓取淘宝:青菜[第18 / 100页]
2:58 抓取淘宝结果:青菜[条数:20][第18/100页]
2:58 开始抓取淘宝:青菜[第19 / 100页]
2:58 抓取淘宝结果:青菜[条数:20][第19/100页]
2:58 开始抓取淘宝:青菜[第20 / 100页]
2:58 抓取淘宝结果:青菜[条数:20][第20/100页]
2:58 开始抓取淘宝:青菜[第21 / 100页]
2:58 抓取淘宝结果:青菜[条数:20][第21/100页]
2:58 开始抓取淘宝:青菜[第22 / 100页]
2:58 抓取淘宝结果:青菜[条数:20][第22/100页]
2:58 开始抓取淘宝:青菜[第23 / 100页]
2:58 抓取淘宝结果:青菜[条数:20][第23/100页]
2:58 开始抓取淘宝:青菜[第24 / 100页]
2:58 抓取天猫:青菜 完毕
2:59 开始抓取天猫:青菜[第1页]
2:59 开始抓取天猫:青菜[第1页]
3:00 抓取天猫结果:青菜[条数:20][第1/未知页]
3:00 开始抓取天猫:青菜[第2 / 33页]
3:00 抓取天猫结果:青菜[条数:20][第2/33页]
3:00 开始抓取天猫:青菜[第3 / 33页]
3:00 抓取天猫结果:青菜[条数:20][第3/33页]
3:00 开始抓取天猫:青菜[第4 / 33页]
3:00 抓取天猫结果:青菜[条数:20][第4/33页]
3:00 开始抓取天猫:青菜[第5 / 33页]
3:00 抓取天猫结果:青菜[条数:20][第5/33页]
3:00 开始抓取天猫:青菜[第6 / 33页]
3:00 抓取天猫结果:青菜[条数:20][第6/33页]
3:00 开始抓取天猫:青菜[第7 / 33页]
3:00 抓取天猫结果:青菜[条数:20][第7/33页]
3:00 开始抓取天猫:青菜[第8 / 33页]
3:00 抓取天猫结果:青菜[条数:20][第8/33页]
3:00 开始抓取天猫:青菜[第9 / 33页]
3:00 抓取天猫:青菜 完毕
3:00 开始抓取店铺产品:search_shopitem.htm?user_id=1665345733&from=_1_&stype=search
3:00 开始抓取店铺产品:search_shopitem.htm?user_id=1665345733&from=_1_&stype=search[第1页]
3:01 开始抓取天猫:青菜[第1页]
3:01 抓取天猫结果:青菜[条数:20][第1/未知页]
3:01 开始抓取天猫:青菜[第2 / 33页]
3:01 抓取天猫结果:青菜[条数:20][第2/33页]
3:01 开始抓取天猫:青菜[第3 / 33页]
3:01 抓取天猫结果:青菜[条数:20][第3/33页]
3:01 开始抓取天猫:青菜[第4 / 33页]
3:01 抓取天猫:青菜 完毕
3:01 开始抓取店铺产品:search_shopitem.htm?user_id=732808706&from=_1_&stype=search
3:01 开始抓取店铺产品:search_shopitem.htm?user_id=732808706&from=_1_&stype=search[第1页]
3:01 开始抓取店铺产品:search_shopitem.htm?user_id=732808706&from=_1_&stype=search[第2/2页]
3:01 抓取店铺产品信息完毕:search_shopitem.htm?user_id=732808706&from=_1_&stype=search
3:02 开始抓取淘宝:青菜[第1页]
3:02 抓取淘宝结果:青菜[条数:20][第1/未知页]
3:02 开始抓取淘宝:青菜[第2 / 100页]
3:02 抓取淘宝结果:青菜[条数:20][第2/100页]
3:02 开始抓取淘宝:青菜[第3 / 100页]
3:02 抓取淘宝结果:青菜[条数:20][第3/100页]
3:02 开始抓取淘宝:青菜[第4 / 100页]
3:02 抓取淘宝结果:青菜[条数:20][第4/100页]
3:02 开始抓取淘宝:青菜[第5 / 100页]
3:02 抓取淘宝结果:青菜[条数:20][第5/100页]
3:02 开始抓取淘宝:青菜[第6 / 100页]
3:02 抓取淘宝结果:青菜[条数:20][第6/100页]
3:02 开始抓取淘宝:青菜[第7 / 100页]
3:02 抓取淘宝结果:青菜[条数:20][第7/100页]
3:02 开始抓取淘宝:青菜[第8 / 100页]
3:02 抓取淘宝结果:青菜[条数:20][第8/100页]
3:02 开始抓取淘宝:青菜[第9 / 100页]
3:02 抓取淘宝结果:青菜[条数:20][第9/100页]
3:02 开始抓取淘宝:青菜[第10 / 100页]
3:02 抓取淘宝结果:青菜[条数:20][第10/100页]
3:02 开始抓取淘宝:青菜[第11 / 100页]
3:02 抓取淘宝结果:青菜[条数:20][第11/100页]
3:02 开始抓取淘宝:青菜[第12 / 100页]
3:02 抓取淘宝结果:青菜[条数:20][第12/100页]
3:02 开始抓取淘宝:青菜[第13 / 100页]
3:02 抓取淘宝结果:青菜[条数:20][第13/100页]
3:02 开始抓取淘宝:青菜[第14 / 100页]
3:02 抓取淘宝结果:青菜[条数:20][第14/100页]
3:02 开始抓取淘宝:青菜[第15 / 100页]
3:02 抓取淘宝结果:青菜[条数:20][第15/100页]
3:02 开始抓取淘宝:青菜[第16 / 100页]
3:02 抓取淘宝结果:青菜[条数:20][第16/100页]
3:02 开始抓取淘宝:青菜[第17 / 100页]
3:02 抓取淘宝结果:青菜[条数:20][第17/100页]
3:02 开始抓取淘宝:青菜[第18 / 100页]
3:02 抓取天猫:青菜 完毕
3:02 开始抓取店铺产品:https://shop34425362.taobao.com
3:02 开始抓取店铺产品:https://shop34425362.taobao.com[第1页]
3:02 开始抓取店铺产品:https://shop34425362.taobao.com[第2/5页]
3:02 开始抓取店铺产品:https://shop34425362.taobao.com[第3/5页]
3:02 开始抓取店铺产品:https://shop34425362.taobao.com[第4/5页]
3:02 开始抓取店铺产品:https://shop34425362.taobao.com[第5/5页]
3:02 抓取店铺产品信息完毕:https://shop34425362.taobao.com
3:06 开始抓取淘宝:青菜[第1页]
3:10 开始抓取淘宝:青菜[第1页]
3:10 抓取淘宝结果:青菜[条数:20][第1/未知页]
3:10 开始抓取淘宝:青菜[第2 / 8页]
3:10 抓取淘宝结果:青菜[条数:20][第2/8页]
3:10 开始抓取淘宝:青菜[第3 / 8页]
3:10 抓取淘宝结果:青菜[条数:20][第3/8页]
3:10 开始抓取淘宝:青菜[第4 / 8页]
3:10 抓取淘宝结果:青菜[条数:20][第4/8页]
3:10 开始抓取淘宝:青菜[第5 / 8页]
3:10 抓取淘宝结果:青菜[条数:20][第5/8页]
3:10 开始抓取淘宝:青菜[第6 / 8页]
3:10 抓取淘宝结果:青菜[条数:20][第6/8页]
3:10 开始抓取淘宝:青菜[第7 / 8页]
3:10 抓取淘宝结果:青菜[条数:20][第7/8页]
3:10 开始抓取淘宝:青菜[第8 / 8页]
3:10 抓取淘宝结果:青菜[条数:14][第8/8页]
3:10 抓取天猫:青菜 完毕
10:07 开始抓取天猫:青菜[第1页]
10:07 抓取天猫结果:青菜[条数:20][第1/未知页]
10:07 开始抓取天猫:青菜[第2 / 33页]
10:07 抓取天猫结果:青菜[条数:20][第2/33页]
10:07 开始抓取天猫:青菜[第3 / 33页]
10:07 抓取天猫结果:青菜[条数:20][第3/33页]
10:07 开始抓取天猫:青菜[第4 / 33页]
10:07 抓取天猫结果:青菜[条数:20][第4/33页]
10:07 开始抓取天猫:青菜[第5 / 33页]
10:07 抓取天猫结果:青菜[条数:20][第5/33页]
10:07 开始抓取天猫:青菜[第6 / 33页]
10:07 抓取天猫结果:青菜[条数:20][第6/33页]
10:07 开始抓取天猫:青菜[第7 / 33页]
10:07 抓取天猫结果:青菜[条数:20][第7/33页]
10:07 开始抓取天猫:青菜[第8 / 33页]
10:07 抓取天猫结果:青菜[条数:20][第8/33页]
10:07 开始抓取天猫:青菜[第9 / 33页]
10:07 抓取天猫结果:青菜[条数:20][第9/33页]
10:07 开始抓取天猫:青菜[第10 / 33页]
10:07 抓取天猫结果:青菜[条数:20][第10/33页]
10:07 开始抓取天猫:青菜[第11 / 33页]
10:07 抓取天猫结果:青菜[条数:20][第11/33页]
10:07 开始抓取天猫:青菜[第12 / 33页]
10:07 抓取天猫:青菜 完毕
10:10 开始抓取店铺产品:search_shopitem.htm?user_id=1075401508&from=_1_&stype=search
10:10 开始抓取店铺产品:search_shopitem.htm?user_id=1075401508&from=_1_&stype=search[第1页]
10:10 开始抓取店铺产品:search_shopitem.htm?user_id=1075401508&from=_1_&stype=search[第2/100页]
10:10 开始抓取店铺产品:search_shopitem.htm?user_id=1075401508&from=_1_&stype=search[第3/100页]
10:10 抓取店铺产品信息完毕:search_shopitem.htm?user_id=1075401508&from=_1_&stype=search
10:11 开始抓取天猫:青菜[第1页]
10:16 开始抓取天猫:青菜[第1页]
10:22 开始抓取天猫:青菜[第1页]
10:22 抓取天猫结果:青菜[条数:20][第1/未知页]
10:22 开始抓取天猫:青菜[第2 / 10页]
10:22 抓取天猫结果:青菜[条数:20][第2/10页]
10:22 开始抓取天猫:青菜[第3 / 10页]
10:22 抓取天猫结果:青菜[条数:20][第3/10页]
10:22 开始抓取天猫:青菜[第4 / 10页]
10:22 抓取天猫结果:青菜[条数:20][第4/10页]
10:22 开始抓取天猫:青菜[第5 / 10页]
10:22 抓取天猫结果:青菜[条数:20][第5/10页]
10:22 开始抓取天猫:青菜[第6 / 10页]
10:22 抓取天猫结果:青菜[条数:20][第6/10页]
10:22 开始抓取天猫:青菜[第7 / 10页]
10:22 抓取天猫结果:青菜[条数:20][第7/10页]
10:22 开始抓取天猫:青菜[第8 / 10页]
10:22 抓取天猫结果:青菜[条数:20][第8/10页]
10:22 开始抓取天猫:青菜[第9 / 10页]
10:22 抓取天猫结果:青菜[条数:20][第9/10页]
10:22 开始抓取天猫:青菜[第10 / 10页]
10:22 抓取天猫结果:青菜[条数:17][第10/10页]
10:22 抓取天猫:青菜 完毕
10:23 开始抓取店铺产品:search_shopitem.htm?user_id=2453854119&from=_1_&stype=search
10:23 开始抓取店铺产品:search_shopitem.htm?user_id=2453854119&from=_1_&stype=search[第1页]
10:23 开始抓取店铺产品:search_shopitem.htm?user_id=2453854119&from=_1_&stype=search[第2/2页]
10:23 抓取店铺产品信息完毕:search_shopitem.htm?user_id=2453854119&from=_1_&stype=search
10:23 开始抓取店铺产品:search_shopitem.htm?user_id=2453854119&from=_1_&stype=search
10:23 开始抓取店铺产品:search_shopitem.htm?user_id=2453854119&from=_1_&stype=search[第1页]
10:23 开始抓取店铺产品:search_shopitem.htm?user_id=2453854119&from=_1_&stype=search[第2/2页]
10:23 抓取店铺产品信息完毕:search_shopitem.htm?user_id=2453854119&from=_1_&stype=search
10:25 开始抓取淘宝:青菜[第1页]
10:25 抓取淘宝结果:青菜[条数:20][第1/未知页]
10:25 开始抓取淘宝:青菜[第2 / 8页]
10:25 抓取淘宝结果:青菜[条数:20][第2/8页]
10:25 开始抓取淘宝:青菜[第3 / 8页]
10:25 抓取淘宝结果:青菜[条数:20][第3/8页]
10:25 开始抓取淘宝:青菜[第4 / 8页]
10:25 抓取淘宝结果:青菜[条数:20][第4/8页]
10:25 开始抓取淘宝:青菜[第5 / 8页]
10:25 抓取淘宝结果:青菜[条数:20][第5/8页]
10:25 开始抓取淘宝:青菜[第6 / 8页]
10:25 抓取淘宝结果:青菜[条数:20][第6/8页]
10:25 开始抓取淘宝:青菜[第7 / 8页]
10:25 抓取淘宝结果:青菜[条数:20][第7/8页]
10:25 开始抓取淘宝:青菜[第8 / 8页]
10:25 抓取淘宝结果:青菜[条数:12][第8/8页]
10:25 抓取天猫:青菜 完毕
10:26 开始抓取店铺产品:https://shop116910607.taobao.com
10:26 开始抓取店铺产品:https://shop116910607.taobao.com[第1页]
10:26 抓取店铺产品信息完毕:https://shop116910607.taobao.com
10:26 开始抓取店铺产品:https://shop114165896.taobao.com
10:26 开始抓取店铺产品:https://shop114165896.taobao.com[第1页]
10:26 开始抓取店铺产品:https://shop114165896.taobao.com[第2/4页]
10:26 开始抓取店铺产品:https://shop114165896.taobao.com[第3/4页]
10:26 开始抓取店铺产品:https://shop114165896.taobao.com[第4/4页]
10:26 抓取店铺产品信息完毕:https://shop114165896.taobao.com
10:26 开始抓取店铺产品:https://shop60507010.taobao.com
10:26 开始抓取店铺产品:https://shop60507010.taobao.com[第1页]
10:26 开始抓取店铺产品:https://shop60507010.taobao.com[第2/2页]
10:26 抓取店铺产品信息完毕:https://shop60507010.taobao.com
10:26 开始抓取淘宝:备案[第1页]
10:26 抓取淘宝结果:备案[条数:20][第1/未知页]
10:26 开始抓取淘宝:备案[第2 / 2页]
10:26 抓取淘宝结果:备案[条数:14][第2/2页]
10:26 抓取天猫:备案 完毕
10:27 开始抓取店铺产品:https://shop33954541.taobao.com
10:27 开始抓取店铺产品:https://shop33954541.taobao.com[第1页]
10:27 抓取店铺产品信息完毕:https://shop33954541.taobao.com
10:27 开始抓取店铺产品:https://shop59348477.taobao.com
10:27 开始抓取店铺产品:https://shop59348477.taobao.com[第1页]
10:27 抓取店铺产品信息完毕:https://shop59348477.taobao.com
22:10 开始抓取天猫:青菜[第1页]
22:10 抓取天猫结果:青菜[条数:20][第1/未知页]
22:10 开始抓取天猫:青菜[第2 / 10页]
22:10 抓取天猫结果:青菜[条数:20][第2/10页]
22:10 开始抓取天猫:青菜[第3 / 10页]
22:10 抓取天猫结果:青菜[条数:20][第3/10页]
22:10 开始抓取天猫:青菜[第4 / 10页]
22:10 抓取天猫结果:青菜[条数:20][第4/10页]
22:10 开始抓取天猫:青菜[第5 / 10页]
22:10 开始抓取店铺产品:search_shopitem.htm?user_id=1830613794&from=_1_&stype=search
22:10 开始抓取店铺产品:search_shopitem.htm?user_id=1830613794&from=_1_&stype=search[第1页]
22:10 抓取天猫结果:青菜[条数:20][第5/10页]
22:10 开始抓取天猫:青菜[第6 / 10页]
22:10 抓取天猫结果:青菜[条数:20][第6/10页]
22:10 开始抓取天猫:青菜[第7 / 10页]
22:10 抓取天猫结果:青菜[条数:20][第7/10页]
22:10 开始抓取天猫:青菜[第8 / 10页]
22:10 开始抓取店铺产品:search_shopitem.htm?user_id=1830613794&from=_1_&stype=search[第2/5页]
22:10 抓取天猫结果:青菜[条数:20][第8/10页]
22:10 开始抓取天猫:青菜[第9 / 10页]
22:10 抓取天猫结果:青菜[条数:20][第9/10页]
22:10 开始抓取天猫:青菜[第10 / 10页]
22:10 抓取天猫结果:青菜[条数:18][第10/10页]
22:10 抓取天猫:青菜 完毕
22:10 开始抓取店铺产品:search_shopitem.htm?user_id=1830613794&from=_1_&stype=search[第3/5页]
22:10 开始抓取店铺产品:search_shopitem.htm?user_id=1830613794&from=_1_&stype=search[第4/5页]
22:10 开始抓取店铺产品:search_shopitem.htm?user_id=1830613794&from=_1_&stype=search[第5/5页]
22:10 抓取店铺产品信息完毕:search_shopitem.htm?user_id=1830613794&from=_1_&stype=search
