20:36 开始抓取天猫:青菜[第1页]
20:36 抓取天猫结果:青菜[条数:20][第1/未知页]
20:36 开始抓取天猫:青菜[第2 / 37页]
20:36 抓取天猫结果:青菜[条数:20][第2/37页]
20:36 开始抓取天猫:青菜[第3 / 37页]
20:36 抓取天猫结果:青菜[条数:20][第3/37页]
20:36 开始抓取天猫:青菜[第4 / 37页]
20:36 抓取天猫结果:青菜[条数:20][第4/37页]
20:36 开始抓取天猫:青菜[第5 / 37页]
20:36 抓取天猫结果:青菜[条数:20][第5/37页]
20:36 开始抓取天猫:青菜[第6 / 37页]
20:36 抓取天猫结果:青菜[条数:20][第6/37页]
20:36 开始抓取天猫:青菜[第7 / 37页]
20:36 抓取天猫结果:青菜[条数:20][第7/37页]
20:36 开始抓取天猫:青菜[第8 / 37页]
20:36 抓取天猫结果:青菜[条数:20][第8/37页]
20:36 开始抓取天猫:青菜[第9 / 37页]
20:36 抓取天猫结果:青菜[条数:20][第9/37页]
20:36 开始抓取天猫:青菜[第10 / 37页]
20:37 抓取天猫结果:青菜[条数:20][第10/37页]
20:37 开始抓取天猫:青菜[第11 / 37页]
20:37 抓取天猫结果:青菜[条数:20][第11/37页]
20:37 开始抓取天猫:青菜[第12 / 37页]
20:37 抓取天猫结果:青菜[条数:20][第12/37页]
20:37 开始抓取天猫:青菜[第13 / 37页]
20:37 抓取天猫结果:青菜[条数:20][第13/37页]
20:37 开始抓取天猫:青菜[第14 / 37页]
20:37 抓取天猫结果:青菜[条数:20][第14/37页]
20:37 开始抓取天猫:青菜[第15 / 37页]
20:37 抓取天猫结果:青菜[条数:20][第15/37页]
20:37 开始抓取天猫:青菜[第16 / 37页]
20:37 抓取天猫结果:青菜[条数:20][第16/37页]
20:37 开始抓取天猫:青菜[第17 / 37页]
20:37 抓取天猫结果:青菜[条数:20][第17/37页]
20:37 开始抓取天猫:青菜[第18 / 37页]
20:37 抓取天猫结果:青菜[条数:20][第18/37页]
20:37 开始抓取天猫:青菜[第19 / 37页]
20:37 抓取天猫结果:青菜[条数:20][第19/37页]
20:37 开始抓取天猫:青菜[第20 / 37页]
20:37 抓取天猫结果:青菜[条数:20][第20/37页]
20:37 开始抓取天猫:青菜[第21 / 37页]
20:37 抓取天猫结果:青菜[条数:20][第21/37页]
20:37 开始抓取天猫:青菜[第22 / 37页]
20:37 抓取天猫结果:青菜[条数:20][第22/37页]
20:37 开始抓取天猫:青菜[第23 / 37页]
20:37 抓取天猫结果:青菜[条数:20][第23/37页]
20:37 开始抓取天猫:青菜[第24 / 37页]
20:37 抓取天猫结果:青菜[条数:20][第24/37页]
20:37 开始抓取天猫:青菜[第25 / 37页]
20:37 抓取天猫结果:青菜[条数:20][第25/37页]
20:37 开始抓取天猫:青菜[第26 / 37页]
21:00 开始抓取天猫:青菜[第1页]
21:00 抓取天猫结果:青菜[条数:20][第1/未知页]
21:00 开始抓取天猫:青菜[第2 / 37页]
21:00 抓取天猫结果:青菜[条数:20][第2/37页]
21:00 开始抓取天猫:青菜[第3 / 37页]
21:00 抓取天猫结果:青菜[条数:20][第3/37页]
21:00 开始抓取天猫:青菜[第4 / 37页]
21:00 抓取天猫结果:青菜[条数:20][第4/37页]
21:00 开始抓取天猫:青菜[第5 / 37页]
21:00 抓取天猫结果:青菜[条数:20][第5/37页]
21:00 开始抓取天猫:青菜[第6 / 37页]
21:00 抓取天猫结果:青菜[条数:20][第6/37页]
21:00 开始抓取天猫:青菜[第7 / 37页]
21:00 抓取天猫结果:青菜[条数:20][第7/37页]
21:00 开始抓取天猫:青菜[第8 / 37页]
21:00 抓取天猫结果:青菜[条数:20][第8/37页]
21:00 开始抓取天猫:青菜[第9 / 37页]
21:00 抓取天猫结果:青菜[条数:20][第9/37页]
21:00 开始抓取天猫:青菜[第10 / 37页]
21:00 抓取天猫结果:青菜[条数:20][第10/37页]
21:00 开始抓取天猫:青菜[第11 / 37页]
21:00 抓取天猫结果:青菜[条数:20][第11/37页]
21:00 开始抓取天猫:青菜[第12 / 37页]
21:00 抓取天猫结果:青菜[条数:20][第12/37页]
21:00 开始抓取天猫:青菜[第13 / 37页]
21:00 抓取天猫结果:青菜[条数:20][第13/37页]
21:00 开始抓取天猫:青菜[第14 / 37页]
21:00 抓取天猫结果:青菜[条数:20][第14/37页]
21:00 开始抓取天猫:青菜[第15 / 37页]
21:00 抓取天猫结果:青菜[条数:20][第15/37页]
21:00 开始抓取天猫:青菜[第16 / 37页]
21:00 抓取天猫结果:青菜[条数:20][第16/37页]
21:00 开始抓取天猫:青菜[第17 / 37页]
21:00 抓取天猫结果:青菜[条数:20][第17/37页]
21:00 开始抓取天猫:青菜[第18 / 37页]
21:00 抓取天猫结果:青菜[条数:20][第18/37页]
21:00 开始抓取天猫:青菜[第19 / 37页]
21:00 抓取天猫结果:青菜[条数:20][第19/37页]
21:00 开始抓取天猫:青菜[第20 / 37页]
21:00 抓取天猫结果:青菜[条数:20][第20/37页]
21:00 开始抓取天猫:青菜[第21 / 37页]
21:00 抓取天猫结果:青菜[条数:20][第21/37页]
21:00 开始抓取天猫:青菜[第22 / 37页]
21:00 抓取天猫结果:青菜[条数:20][第22/37页]
21:00 开始抓取天猫:青菜[第23 / 37页]
21:00 抓取天猫结果:青菜[条数:20][第23/37页]
21:00 开始抓取天猫:青菜[第24 / 37页]
21:00 抓取天猫结果:青菜[条数:20][第24/37页]
21:00 开始抓取天猫:青菜[第25 / 37页]
21:00 抓取天猫结果:青菜[条数:20][第25/37页]
21:00 开始抓取天猫:青菜[第26 / 37页]
21:00 抓取天猫结果:青菜[条数:20][第26/37页]
21:00 开始抓取天猫:青菜[第27 / 37页]
21:00 抓取天猫结果:青菜[条数:20][第27/37页]
21:00 开始抓取天猫:青菜[第28 / 37页]
21:00 抓取天猫结果:青菜[条数:20][第28/37页]
21:00 开始抓取天猫:青菜[第29 / 37页]
21:00 抓取天猫结果:青菜[条数:20][第29/37页]
21:00 开始抓取天猫:青菜[第30 / 37页]
21:00 抓取天猫结果:青菜[条数:20][第30/37页]
21:00 开始抓取天猫:青菜[第31 / 37页]
21:00 抓取天猫结果:青菜[条数:20][第31/37页]
21:00 开始抓取天猫:青菜[第32 / 37页]
21:00 抓取天猫结果:青菜[条数:20][第32/37页]
21:00 开始抓取天猫:青菜[第33 / 37页]
21:00 抓取天猫结果:青菜[条数:20][第33/37页]
21:00 开始抓取天猫:青菜[第34 / 37页]
21:00 抓取天猫结果:青菜[条数:20][第34/37页]
21:00 开始抓取天猫:青菜[第35 / 37页]
21:00 抓取天猫结果:青菜[条数:20][第35/37页]
21:00 开始抓取天猫:青菜[第36 / 37页]
21:00 抓取天猫结果:青菜[条数:20][第36/37页]
21:00 开始抓取天猫:青菜[第37 / 37页]
21:00 抓取天猫结果:青菜[条数:20][第37/37页]
21:00 抓取天猫:青菜 完毕
21:00 开始抓取店铺产品:search_shopitem.htm?user_id=1910146537&from=_1_&stype=search
21:00 开始抓取店铺产品:search_shopitem.htm?user_id=1910146537&from=_1_&stype=search[第1页]
21:00 开始抓取店铺产品:search_shopitem.htm?user_id=1910146537&from=_1_&stype=search[第2/24页]
21:00 开始抓取店铺产品:search_shopitem.htm?user_id=1910146537&from=_1_&stype=search[第3/24页]
21:00 开始抓取店铺产品:search_shopitem.htm?user_id=1910146537&from=_1_&stype=search[第4/24页]
21:00 开始抓取店铺产品:search_shopitem.htm?user_id=1910146537&from=_1_&stype=search[第5/24页]
21:00 开始抓取店铺产品:search_shopitem.htm?user_id=1910146537&from=_1_&stype=search[第6/24页]
21:00 开始抓取店铺产品:search_shopitem.htm?user_id=1910146537&from=_1_&stype=search[第7/24页]
21:00 开始抓取店铺产品:search_shopitem.htm?user_id=1910146537&from=_1_&stype=search[第8/24页]
21:00 开始抓取店铺产品:search_shopitem.htm?user_id=1910146537&from=_1_&stype=search[第9/24页]
21:00 开始抓取店铺产品:search_shopitem.htm?user_id=1910146537&from=_1_&stype=search[第10/24页]
21:01 开始抓取店铺产品:search_shopitem.htm?user_id=1910146537&from=_1_&stype=search[第11/24页]
21:01 开始抓取店铺产品:search_shopitem.htm?user_id=1910146537&from=_1_&stype=search[第12/24页]
21:01 开始抓取店铺产品:search_shopitem.htm?user_id=1910146537&from=_1_&stype=search[第13/24页]
21:01 开始抓取店铺产品:search_shopitem.htm?user_id=1910146537&from=_1_&stype=search[第14/24页]
21:01 抓取店铺产品信息完毕:search_shopitem.htm?user_id=1910146537&from=_1_&stype=search
21:01 开始抓取天猫:毛衣[第1页]
21:01 开始抓取天猫:毛衣[第1页]
21:02 抓取天猫:毛衣 完毕
21:02 开始抓取天猫:毛衣[第1页]
21:02 抓取天猫结果:毛衣[条数:20][第1/未知页]
21:02 开始抓取天猫:毛衣[第2 / 100页]
21:02 抓取天猫结果:毛衣[条数:20][第2/100页]
21:02 开始抓取天猫:毛衣[第3 / 100页]
21:02 抓取天猫结果:毛衣[条数:20][第3/100页]
21:02 开始抓取天猫:毛衣[第4 / 100页]
21:02 抓取天猫结果:毛衣[条数:20][第4/100页]
21:02 开始抓取天猫:毛衣[第5 / 100页]
21:02 抓取天猫结果:毛衣[条数:20][第5/100页]
21:02 开始抓取天猫:毛衣[第6 / 100页]
21:02 抓取天猫结果:毛衣[条数:20][第6/100页]
21:02 开始抓取天猫:毛衣[第7 / 100页]
21:02 抓取天猫结果:毛衣[条数:20][第7/100页]
21:02 开始抓取天猫:毛衣[第8 / 100页]
21:02 抓取天猫结果:毛衣[条数:20][第8/100页]
21:02 开始抓取天猫:毛衣[第9 / 100页]
21:02 抓取天猫结果:毛衣[条数:20][第9/100页]
21:02 开始抓取天猫:毛衣[第10 / 100页]
21:02 抓取天猫结果:毛衣[条数:20][第10/100页]
21:02 开始抓取天猫:毛衣[第11 / 100页]
21:02 抓取天猫结果:毛衣[条数:20][第11/100页]
21:02 开始抓取天猫:毛衣[第12 / 100页]
21:03 抓取天猫:毛衣 完毕
21:03 开始抓取店铺产品:search_shopitem.htm?user_id=2228361831&from=_1_&stype=search
21:03 开始抓取店铺产品:search_shopitem.htm?user_id=2228361831&from=_1_&stype=search[第1页]
21:03 开始抓取店铺产品:search_shopitem.htm?user_id=2228361831&from=_1_&stype=search[第2/100页]
21:03 开始抓取店铺产品:search_shopitem.htm?user_id=2228361831&from=_1_&stype=search[第3/100页]
21:03 开始抓取店铺产品:search_shopitem.htm?user_id=2228361831&from=_1_&stype=search[第4/100页]
21:03 开始抓取店铺产品:search_shopitem.htm?user_id=2228361831&from=_1_&stype=search[第5/100页]
21:03 开始抓取店铺产品:search_shopitem.htm?user_id=2228361831&from=_1_&stype=search[第6/100页]
21:03 开始抓取店铺产品:search_shopitem.htm?user_id=2228361831&from=_1_&stype=search[第7/100页]
21:03 抓取店铺产品信息完毕:search_shopitem.htm?user_id=2228361831&from=_1_&stype=search
21:38 开始抓取天猫:青菜[第1页]
21:38 抓取天猫结果:青菜[条数:20][第1/未知页]
21:38 开始抓取天猫:青菜[第2 / 38页]
21:38 抓取天猫结果:青菜[条数:20][第2/38页]
21:38 开始抓取天猫:青菜[第3 / 38页]
21:38 抓取天猫结果:青菜[条数:20][第3/38页]
21:38 开始抓取天猫:青菜[第4 / 38页]
21:38 抓取天猫结果:青菜[条数:20][第4/38页]
21:38 开始抓取天猫:青菜[第5 / 38页]
21:38 抓取天猫结果:青菜[条数:20][第5/38页]
21:38 开始抓取天猫:青菜[第6 / 38页]
21:38 抓取天猫:青菜 完毕
21:38 开始抓取店铺产品:search_shopitem.htm?user_id=732808706&from=_1_&stype=search
21:38 开始抓取店铺产品:search_shopitem.htm?user_id=732808706&from=_1_&stype=search[第1页]
21:38 开始抓取店铺产品:search_shopitem.htm?user_id=732808706&from=_1_&stype=search[第2/2页]
21:38 抓取店铺产品信息完毕:search_shopitem.htm?user_id=732808706&from=_1_&stype=search
21:38 开始抓取店铺产品:search_shopitem.htm?user_id=1910146537&from=_1_&stype=search
21:38 开始抓取店铺产品:search_shopitem.htm?user_id=1910146537&from=_1_&stype=search[第1页]
21:38 开始抓取店铺产品:search_shopitem.htm?user_id=1910146537&from=_1_&stype=search[第2/24页]
21:39 开始抓取店铺产品:search_shopitem.htm?user_id=1910146537&from=_1_&stype=search[第3/24页]
21:39 开始抓取店铺产品:search_shopitem.htm?user_id=1910146537&from=_1_&stype=search[第4/24页]
21:39 开始抓取店铺产品:search_shopitem.htm?user_id=1910146537&from=_1_&stype=search[第5/24页]
21:39 抓取店铺产品信息完毕:search_shopitem.htm?user_id=1910146537&from=_1_&stype=search
21:39 开始抓取店铺产品:search_shopitem.htm?user_id=2895492364&from=_1_&stype=search
21:39 开始抓取店铺产品:search_shopitem.htm?user_id=2895492364&from=_1_&stype=search[第1页]
21:39 开始抓取店铺产品:search_shopitem.htm?user_id=2895492364&from=_1_&stype=search[第2/9页]
21:39 开始抓取店铺产品:search_shopitem.htm?user_id=2895492364&from=_1_&stype=search[第3/9页]
21:39 开始抓取店铺产品:search_shopitem.htm?user_id=2895492364&from=_1_&stype=search[第4/9页]
21:39 开始抓取店铺产品:search_shopitem.htm?user_id=2895492364&from=_1_&stype=search[第5/9页]
21:39 开始抓取店铺产品:search_shopitem.htm?user_id=2895492364&from=_1_&stype=search[第6/9页]
21:39 开始抓取店铺产品:search_shopitem.htm?user_id=2895492364&from=_1_&stype=search[第7/9页]
21:39 开始抓取店铺产品:search_shopitem.htm?user_id=2895492364&from=_1_&stype=search[第8/9页]
21:39 开始抓取店铺产品:search_shopitem.htm?user_id=2895492364&from=_1_&stype=search[第9/9页]
21:39 抓取店铺产品信息完毕:search_shopitem.htm?user_id=2895492364&from=_1_&stype=search
